2025-06-20 22:33:24.580 [info] Experiment 'pythonRecommendTensorboardExt' is active
2025-06-20 22:33:24.580 [info] Experiment 'pythonTerminalEnvVarActivation' is active
2025-06-20 22:33:24.580 [warning] Dir "c:\Projects\adm\App_Update\.pixi\envs" is not watchable (directory does not exist)
2025-06-20 22:33:24.580 [warning] Dir "c:\Projects\adm\App_Update\.conda\.pixi\envs" is not watchable (directory does not exist)
2025-06-20 22:33:24.580 [warning] Dir "c:\Projects\adm\App_Update\.ebextensions\.pixi\envs" is not watchable (directory does not exist)
2025-06-20 22:33:24.580 [warning] Dir "c:\Projects\adm\App_Update\.elasticbeanstalk\.pixi\envs" is not watchable (directory does not exist)
2025-06-20 22:33:24.580 [warning] Dir "c:\Projects\adm\App_Update\.venv\.pixi\envs" is not watchable (directory does not exist)
2025-06-20 22:33:24.580 [warning] Dir "c:\Projects\adm\App_Update\clean-env\.pixi\envs" is not watchable (directory does not exist)
2025-06-20 22:33:24.580 [warning] Dir "c:\Projects\adm\App_Update\Config\.pixi\envs" is not watchable (directory does not exist)
2025-06-20 22:33:24.580 [warning] Dir "c:\Projects\adm\App_Update\Data_Intake\.pixi\envs" is not watchable (directory does not exist)
2025-06-20 22:33:24.580 [warning] Dir "c:\Projects\adm\App_Update\Data_Intake\__pycache__\.pixi\envs" is not watchable (directory does not exist)
2025-06-20 22:33:24.580 [warning] Dir "c:\Projects\adm\App_Update\Integration\.pixi\envs" is not watchable (directory does not exist)
2025-06-20 22:33:24.580 [warning] Dir "c:\Projects\adm\App_Update\modeling\.pixi\envs" is not watchable (directory does not exist)
2025-06-20 22:33:24.580 [warning] Dir "c:\Projects\adm\App_Update\modeling\__pycache__\.pixi\envs" is not watchable (directory does not exist)
2025-06-20 22:33:24.580 [warning] Dir "c:\Projects\adm\App_Update\new-env\.pixi\envs" is not watchable (directory does not exist)
2025-06-20 22:33:24.580 [warning] Dir "c:\Projects\adm\App_Update\output\.pixi\envs" is not watchable (directory does not exist)
2025-06-20 22:33:24.581 [warning] Dir "c:\Projects\adm\App_Update\preprocessing\.pixi\envs" is not watchable (directory does not exist)
2025-06-20 22:33:24.581 [warning] Dir "c:\Projects\adm\App_Update\Purhcase_handler\.pixi\envs" is not watchable (directory does not exist)
2025-06-20 22:33:24.581 [warning] Dir "c:\Projects\adm\App_Update\ui\.pixi\envs" is not watchable (directory does not exist)
2025-06-20 22:33:24.581 [info] Python interpreter path: .\.venv\Scripts\python.exe
2025-06-20 22:33:24.595 [info] > pyenv which python
2025-06-20 22:33:24.595 [info] cwd: c:\Projects\adm\App_Update
2025-06-20 22:33:24.608 [info] > c:\Projects\adm\App_Update\.venv\Scripts\python.exe -I ~\.vscode\extensions\ms-python.python-2025.8.0-win32-x64\python_files\get_output_via_markers.py ~\.vscode\extensions\ms-python.python-2025.8.0-win32-x64\python_files\interpreterInfo.py
2025-06-20 22:33:24.676 [warning] Shell integration may not be active, environment activated may be overridden by the shell.
2025-06-20 22:33:25.130 [info] Running installed packages checker:  {
  id: 'C:\\PROJECTS\\ADM\\APP_UPDATE\\.VENV\\SCRIPTS\\PYTHON.EXE',
  sysPrefix: 'c:\\Projects\\adm\\App_Update\\.venv',
  envType: 'Venv',
  envName: '.venv',
  envPath: 'c:\\Projects\\adm\\App_Update\\.venv',
  path: 'c:\\Projects\\adm\\App_Update\\.venv\\Scripts\\python.exe',
  architecture: 3,
  sysVersion: '3.11.0 (main, Oct 24 2022, 18:26:48) [MSC v.1933 64 bit (AMD64)]',
  version: {
    raw: '3.11.0',
    major: 3,
    minor: 11,
    patch: 0,
    build: [],
    prerelease: [ 'final', '0' ]
  },
  displayName: "Python 3.11.0 ('.venv')",
  detailedDisplayName: "Python 3.11.0 ('.venv': venv)",
  type: 'Virtual'
} c:\Users\ryanm\.vscode\extensions\ms-python.python-2025.8.0-win32-x64\python_files\installed_check.py c:\Projects\adm\App_Update\requirements.txt
2025-06-20 22:33:25.130 [info] > c:\Projects\adm\App_Update\.venv\Scripts\python.exe ~\.vscode\extensions\ms-python.python-2025.8.0-win32-x64\python_files\installed_check.py c:\Projects\adm\App_Update\requirements.txt
2025-06-20 22:33:30.365 [info] Starting Pylance language server.
2025-06-20 22:34:37.758 [info] Selected workspace c:\Projects\adm\App_Update for creating virtual environment.
2025-06-20 22:34:38.639 [info] Starting Environment refresh
2025-06-20 22:34:38.640 [info] Searching for windows registry interpreters
2025-06-20 22:34:38.640 [info] Searching windows known paths locator
2025-06-20 22:34:38.641 [info] Searching for pyenv environments
2025-06-20 22:34:38.641 [info] Searching for conda environments
2025-06-20 22:34:38.641 [info] Searching for global virtual environments
2025-06-20 22:34:38.641 [info] Searching for custom virtual environments
2025-06-20 22:34:38.641 [info] Searching for windows store envs
2025-06-20 22:34:38.646 [info] > conda info --json
2025-06-20 22:34:38.667 [info] > hatch env show --json
2025-06-20 22:34:38.667 [info] cwd: C:\Projects\adm\App_Update
2025-06-20 22:34:38.667 [info] > hatch env show --json
2025-06-20 22:34:38.667 [info] cwd: C:\Projects\adm\App_Update\.conda
2025-06-20 22:34:38.667 [info] > hatch env show --json
2025-06-20 22:34:38.667 [info] cwd: C:\Projects\adm\App_Update\.ebextensions
2025-06-20 22:34:38.667 [info] > hatch env show --json
2025-06-20 22:34:38.667 [info] cwd: C:\Projects\adm\App_Update\.elasticbeanstalk
2025-06-20 22:34:38.667 [info] > hatch env show --json
2025-06-20 22:34:38.667 [info] cwd: C:\Projects\adm\App_Update\.venv
2025-06-20 22:34:38.667 [info] > hatch env show --json
2025-06-20 22:34:38.667 [info] cwd: C:\Projects\adm\App_Update\clean-env
2025-06-20 22:34:38.667 [info] > hatch env show --json
2025-06-20 22:34:38.667 [info] cwd: C:\Projects\adm\App_Update\Config
2025-06-20 22:34:38.667 [info] > hatch env show --json
2025-06-20 22:34:38.667 [info] cwd: C:\Projects\adm\App_Update\Data_Intake
2025-06-20 22:34:38.667 [info] > hatch env show --json
2025-06-20 22:34:38.667 [info] cwd: C:\Projects\adm\App_Update\Data_Intake\__pycache__
2025-06-20 22:34:38.667 [info] > hatch env show --json
2025-06-20 22:34:38.667 [info] cwd: C:\Projects\adm\App_Update\Integration
2025-06-20 22:34:38.667 [info] > hatch env show --json
2025-06-20 22:34:38.667 [info] cwd: C:\Projects\adm\App_Update\modeling
2025-06-20 22:34:38.667 [info] > hatch env show --json
2025-06-20 22:34:38.667 [info] cwd: C:\Projects\adm\App_Update\modeling\__pycache__
2025-06-20 22:34:38.667 [info] > hatch env show --json
2025-06-20 22:34:38.667 [info] cwd: C:\Projects\adm\App_Update\new-env
2025-06-20 22:34:38.667 [info] > hatch env show --json
2025-06-20 22:34:38.667 [info] cwd: C:\Projects\adm\App_Update\output
2025-06-20 22:34:38.667 [info] > hatch env show --json
2025-06-20 22:34:38.667 [info] cwd: C:\Projects\adm\App_Update\preprocessing
2025-06-20 22:34:38.667 [info] > hatch env show --json
2025-06-20 22:34:38.667 [info] cwd: C:\Projects\adm\App_Update\Purhcase_handler
2025-06-20 22:34:38.667 [info] > hatch env show --json
2025-06-20 22:34:38.667 [info] cwd: C:\Projects\adm\App_Update\ui
2025-06-20 22:34:38.673 [info] pyenv is not installed
2025-06-20 22:34:38.673 [info] Finished searching for pyenv environments: 32 milliseconds
2025-06-20 22:34:38.673 [info] Finished searching for custom virtual envs: 32 milliseconds
2025-06-20 22:34:38.693 [info] Finished searching for global virtual envs: 53 milliseconds
2025-06-20 22:34:38.705 [info] > ~\AppData\Local\Microsoft\WindowsApps\python3.13.exe -I ~\.vscode\extensions\ms-python.python-2025.8.0-win32-x64\python_files\get_output_via_markers.py ~\.vscode\extensions\ms-python.python-2025.8.0-win32-x64\python_files\interpreterInfo.py
2025-06-20 22:34:38.728 [info] Finished searching for windows store envs: 87 milliseconds
2025-06-20 22:34:38.739 [info] > "C:\Program Files\Python310\python.exe" -I ~\.vscode\extensions\ms-python.python-2025.8.0-win32-x64\python_files\get_output_via_markers.py ~\.vscode\extensions\ms-python.python-2025.8.0-win32-x64\python_files\interpreterInfo.py
2025-06-20 22:34:38.739 [info] Finished searching windows known paths locator: 101 milliseconds
2025-06-20 22:34:38.820 [info] > "C:\Program Files\Python311\python.exe" -I ~\.vscode\extensions\ms-python.python-2025.8.0-win32-x64\python_files\get_output_via_markers.py ~\.vscode\extensions\ms-python.python-2025.8.0-win32-x64\python_files\interpreterInfo.py
2025-06-20 22:34:39.010 [info] Finished searching for windows registry interpreters: 378 milliseconds
2025-06-20 22:34:39.011 [info] > ~\.anaconda\Scripts\conda.exe info --json
2025-06-20 22:34:39.012 [info] > ~\.conda\Scripts\conda.exe info --json
2025-06-20 22:34:39.012 [info] > ~\.condarc\Scripts\conda.exe info --json
2025-06-20 22:34:39.016 [info] > C:\Conda\Scripts\conda.exe info --json
2025-06-20 22:34:40.791 [info] Selected interpreter C:\Program Files\Python311\python.exe for creating virtual environment.
2025-06-20 22:34:40.962 [info] > C:\Conda\condabin\conda.bat info --json
2025-06-20 22:34:40.963 [info] Finished searching for conda environments: 2323 milliseconds
2025-06-20 22:34:40.971 [info] > C:\Conda\python.exe -I ~\.vscode\extensions\ms-python.python-2025.8.0-win32-x64\python_files\get_output_via_markers.py ~\.vscode\extensions\ms-python.python-2025.8.0-win32-x64\python_files\interpreterInfo.py
2025-06-20 22:34:40.971 [info] Environments refresh paths discovered (event): 2339 milliseconds
2025-06-20 22:34:40.971 [info] Environments refresh paths discovered: 2339 milliseconds
2025-06-20 22:34:41.041 [info] Environments refresh finished (event): 2409 milliseconds
2025-06-20 22:34:41.043 [info] Environment refresh took 2413 milliseconds
2025-06-20 22:34:41.043 [info] Python interpreter path: ~\AppData\Local\Microsoft\WindowsApps\python3.13.exe
2025-06-20 22:34:47.090 [info] Deleted python executable: c:\Projects\adm\App_Update\.venv\Scripts\python.exe
2025-06-20 22:34:47.209 [info] Deleted ".venv" dir: c:\Projects\adm\App_Update\.venv
2025-06-20 22:34:47.215 [info] Running Env creation script:  [
  'C:\\Program Files\\Python311\\python.exe',
  'c:\\Users\\ryanm\\.vscode\\extensions\\ms-python.python-2025.8.0-win32-x64\\python_files\\create_venv.py',
  '--git-ignore',
  '--requirements',
  'c:\\Projects\\adm\\App_Update\\requirements.txt'
]
2025-06-20 22:34:47.215 [info] > "C:\Program Files\Python311\python.exe" ~\.vscode\extensions\ms-python.python-2025.8.0-win32-x64\python_files\create_venv.py --git-ignore --requirements c:\Projects\adm\App_Update\requirements.txt
2025-06-20 22:34:47.215 [info] cwd: c:\Projects\adm\App_Update
2025-06-20 22:34:47.217 [info] Environments refresh finished (event): 18 milliseconds
2025-06-20 22:34:47.217 [info] Environments refresh paths discovered: 19 milliseconds
2025-06-20 22:34:47.217 [info] Environments refresh finished (event): 16 milliseconds
2025-06-20 22:34:47.217 [info] Environments refresh paths discovered: 16 milliseconds
2025-06-20 22:34:47.219 [info] Active interpreter [c:\Projects\adm\App_Update]:  c:\Projects\adm\App_Update\.venv\Scripts\python.exe
2025-06-20 22:34:47.280 [info] Running installed packages checker:  {
  id: 'C:\\USERS\\RYANM\\APPDATA\\LOCAL\\MICROSOFT\\WINDOWSAPPS\\PYTHON3.13.EXE',
  sysPrefix: 'C:\\Program Files\\WindowsApps\\PythonSoftwareFoundation.Python.3.13_3.13.1520.0_x64__qbz5n2kfra8p0',
  envType: 'MicrosoftStore',
  envName: '',
  envPath: '',
  path: 'C:\\Users\\ryanm\\AppData\\Local\\Microsoft\\WindowsApps\\python3.13.exe',
  architecture: 3,
  sysVersion: '3.13.5 (tags/v3.13.5:6cb20a2, Jun 11 2025, 16:15:46) [MSC v.1943 64 bit (AMD64)]',
  version: {
    raw: '3.13.5',
    major: 3,
    minor: 13,
    patch: 5,
    build: [],
    prerelease: [ 'final', '0' ]
  },
  companyDisplayName: 'Microsoft',
  displayName: 'Python 3.13.5 64-bit (Microsoft Store)',
  detailedDisplayName: 'Python 3.13.5 64-bit (Microsoft Store)',
  type: undefined
} c:\Users\ryanm\.vscode\extensions\ms-python.python-2025.8.0-win32-x64\python_files\installed_check.py c:\Projects\adm\App_Update\requirements.txt
2025-06-20 22:34:47.280 [info] > ~\AppData\Local\Microsoft\WindowsApps\python3.13.exe ~\.vscode\extensions\ms-python.python-2025.8.0-win32-x64\python_files\installed_check.py c:\Projects\adm\App_Update\requirements.txt
2025-06-20 22:34:47.280 [info] Discover tests for workspace name: App_Update - uri: c:\Projects\adm\App_Update
2025-06-20 22:34:47.280 [info] Discover tests for workspace name: .conda - uri: c:\Projects\adm\App_Update\.conda
2025-06-20 22:34:47.280 [info] Discover tests for workspace name: .ebextensions - uri: c:\Projects\adm\App_Update\.ebextensions
2025-06-20 22:34:47.280 [info] Discover tests for workspace name: .elasticbeanstalk - uri: c:\Projects\adm\App_Update\.elasticbeanstalk
2025-06-20 22:34:47.280 [info] Discover tests for workspace name: .venv - uri: c:\Projects\adm\App_Update\.venv
2025-06-20 22:34:47.280 [info] Discover tests for workspace name: clean-env - uri: c:\Projects\adm\App_Update\clean-env
2025-06-20 22:34:47.280 [info] Discover tests for workspace name: Config - uri: c:\Projects\adm\App_Update\Config
2025-06-20 22:34:47.280 [info] Discover tests for workspace name: Data_Intake - uri: c:\Projects\adm\App_Update\Data_Intake
2025-06-20 22:34:47.280 [info] Discover tests for workspace name: __pycache__ - uri: c:\Projects\adm\App_Update\Data_Intake\__pycache__
2025-06-20 22:34:47.280 [info] Discover tests for workspace name: Integration - uri: c:\Projects\adm\App_Update\Integration
2025-06-20 22:34:47.280 [info] Discover tests for workspace name: modeling - uri: c:\Projects\adm\App_Update\modeling
2025-06-20 22:34:47.280 [info] Discover tests for workspace name: __pycache__ - uri: c:\Projects\adm\App_Update\modeling\__pycache__
2025-06-20 22:34:47.280 [info] Discover tests for workspace name: new-env - uri: c:\Projects\adm\App_Update\new-env
2025-06-20 22:34:47.280 [info] Discover tests for workspace name: output - uri: c:\Projects\adm\App_Update\output
2025-06-20 22:34:47.280 [info] Discover tests for workspace name: preprocessing - uri: c:\Projects\adm\App_Update\preprocessing
2025-06-20 22:34:47.280 [info] Discover tests for workspace name: Purhcase_handler - uri: c:\Projects\adm\App_Update\Purhcase_handler
2025-06-20 22:34:47.280 [info] Discover tests for workspace name: ui - uri: c:\Projects\adm\App_Update\ui
2025-06-20 22:34:47.345 [info] Running: C:\Program Files\Python311\python.exe -m venv .venv
2025-06-20 22:34:48.616 [info] > c:\Projects\adm\App_Update\.venv\Scripts\python.exe -I ~\.vscode\extensions\ms-python.python-2025.8.0-win32-x64\python_files\get_output_via_markers.py ~\.vscode\extensions\ms-python.python-2025.8.0-win32-x64\python_files\interpreterInfo.py
2025-06-20 22:34:48.616 [info] Environments refresh paths discovered: 23 milliseconds
2025-06-20 22:34:48.616 [info] Environments refresh paths discovered: 18 milliseconds
2025-06-20 22:34:48.703 [info] Environments refresh finished (event): 110 milliseconds
2025-06-20 22:34:48.704 [info] Environments refresh finished (event): 105 milliseconds
2025-06-20 22:34:49.116 [info] Running installed packages checker:  {
  id: 'C:\\USERS\\RYANM\\APPDATA\\LOCAL\\MICROSOFT\\WINDOWSAPPS\\PYTHON3.13.EXE',
  sysPrefix: 'C:\\Program Files\\WindowsApps\\PythonSoftwareFoundation.Python.3.13_3.13.1520.0_x64__qbz5n2kfra8p0',
  envType: 'MicrosoftStore',
  envName: '',
  envPath: '',
  path: 'C:\\Users\\ryanm\\AppData\\Local\\Microsoft\\WindowsApps\\python3.13.exe',
  architecture: 3,
  sysVersion: '3.13.5 (tags/v3.13.5:6cb20a2, Jun 11 2025, 16:15:46) [MSC v.1943 64 bit (AMD64)]',
  version: {
    raw: '3.13.5',
    major: 3,
    minor: 13,
    patch: 5,
    build: [],
    prerelease: [ 'final', '0' ]
  },
  companyDisplayName: 'Microsoft',
  displayName: 'Python 3.13.5 64-bit (Microsoft Store)',
  detailedDisplayName: 'Python 3.13.5 64-bit (Microsoft Store)',
  type: undefined
} c:\Users\ryanm\.vscode\extensions\ms-python.python-2025.8.0-win32-x64\python_files\installed_check.py c:\Projects\adm\App_Update\requirements.txt
2025-06-20 22:34:49.116 [info] > ~\AppData\Local\Microsoft\WindowsApps\python3.13.exe ~\.vscode\extensions\ms-python.python-2025.8.0-win32-x64\python_files\installed_check.py c:\Projects\adm\App_Update\requirements.txt
2025-06-20 22:34:56.442 [info] CREATED_VENV:c:\Projects\adm\App_Update\.venv\Scripts\python.exe
Creating: c:\Projects\adm\App_Update\.venv\.gitignore
2025-06-20 22:34:56.442 [info] CREATE_VENV.UPGRADING_PIP
Running: c:\Projects\adm\App_Update\.venv\Scripts\python.exe -m pip install --upgrade pip
2025-06-20 22:34:56.912 [info] Requirement already satisfied: pip in c:\projects\adm\app_update\.venv\lib\site-packages (22.3)
2025-06-20 22:34:57.062 [info] Collecting pip
2025-06-20 22:34:57.065 [info]   Using cached pip-25.1.1-py3-none-any.whl (1.8 MB)
2025-06-20 22:34:57.124 [info] Installing collected packages: pip
2025-06-20 22:34:57.124 [info]   Attempting uninstall: pip
2025-06-20 22:34:57.127 [info]     Found existing installation: pip 22.3
2025-06-20 22:34:57.607 [info]     Uninstalling pip-22.3:
2025-06-20 22:34:57.633 [info]       Successfully uninstalled pip-22.3
2025-06-20 22:35:02.141 [info] Successfully installed pip-25.1.1
2025-06-20 22:35:02.223 [info] CREATE_VENV.UPGRADED_PIP
VENV_INSTALLING_REQUIREMENTS: ['c:\\Projects\\adm\\App_Update\\requirements.txt']
VENV_INSTALLING_REQUIREMENTS: c:\Projects\adm\App_Update\requirements.txt
Running: c:\Projects\adm\App_Update\.venv\Scripts\python.exe -m pip install -r c:\Projects\adm\App_Update\requirements.txt
2025-06-20 22:35:03.007 [info] Collecting https://github.com/explosion/spacy-models/releases/download/en_core_web_sm-3.0.0/en_core_web_sm-3.0.0.tar.gz (from -r c:\Projects\adm\App_Update\requirements.txt (line 3))
2025-06-20 22:35:03.307 [info]   Downloading https://github.com/explosion/spacy-models/releases/download/en_core_web_sm-3.0.0/en_core_web_sm-3.0.0.tar.gz (13.7 MB)
2025-06-20 22:35:03.929 [info] 
2025-06-20 22:35:03.929 [info] --------------------------------------- 13.7/13.7 MB 23.9 MB/s eta 0:00:00
2025-06-20 22:35:04.152 [info]   Installing build dependencies: started
2025-06-20 22:35:05.248 [info]   Installing build dependencies: finished with status 'done'
2025-06-20 22:35:05.249 [info]   Getting requirements to build wheel: started
2025-06-20 22:35:06.222 [info]   Getting requirements to build wheel: finished with status 'done'
2025-06-20 22:35:06.225 [info]   Preparing metadata (pyproject.toml): started
2025-06-20 22:35:06.583 [info]   Preparing metadata (pyproject.toml): finished with status 'done'
2025-06-20 22:35:06.775 [info] Collecting matplotlib (from -r c:\Projects\adm\App_Update\requirements.txt (line 1))
2025-06-20 22:35:06.794 [info]   Using cached matplotlib-3.10.3-cp311-cp311-win_amd64.whl.metadata (11 kB)
2025-06-20 22:35:06.942 [info] Collecting spacy (from -r c:\Projects\adm\App_Update\requirements.txt (line 2))
2025-06-20 22:35:06.965 [info]   Using cached spacy-3.8.7-cp311-cp311-win_amd64.whl.metadata (28 kB)
2025-06-20 22:35:07.056 [info] Collecting openpyxl==3.0.10 (from -r c:\Projects\adm\App_Update\requirements.txt (line 4))
2025-06-20 22:35:07.058 [info]   Using cached openpyxl-3.0.10-py2.py3-none-any.whl.metadata (2.4 kB)
2025-06-20 22:35:07.120 [info] Collecting pytest==6.2.5 (from -r c:\Projects\adm\App_Update\requirements.txt (line 5))
2025-06-20 22:35:07.122 [info]   Using cached pytest-6.2.5-py3-none-any.whl.metadata (7.5 kB)
2025-06-20 22:35:07.300 [info] Collecting numpy (from -r c:\Projects\adm\App_Update\requirements.txt (line 6))
2025-06-20 22:35:07.302 [info]   Using cached numpy-2.3.0-cp311-cp311-win_amd64.whl.metadata (60 kB)
2025-06-20 22:35:07.392 [info] Collecting transformers==4.11.3 (from -r c:\Projects\adm\App_Update\requirements.txt (line 7))
2025-06-20 22:35:07.394 [info]   Using cached transformers-4.11.3-py3-none-any.whl.metadata (53 kB)
2025-06-20 22:35:07.607 [info] Collecting fuzzywuzzy==0.18.0 (from -r c:\Projects\adm\App_Update\requirements.txt (line 8))
2025-06-20 22:35:07.609 [info]   Using cached fuzzywuzzy-0.18.0-py2.py3-none-any.whl.metadata (4.9 kB)
2025-06-20 22:35:07.954 [info] Collecting boto3 (from -r c:\Projects\adm\App_Update\requirements.txt (line 9))
2025-06-20 22:35:07.956 [info]   Using cached boto3-1.38.41-py3-none-any.whl.metadata (6.6 kB)
2025-06-20 22:35:08.010 [info] Collecting llama-cpp-python (from -r c:\Projects\adm\App_Update\requirements.txt (line 10))
2025-06-20 22:35:08.074 [info]   Downloading llama_cpp_python-0.3.9.tar.gz (67.9 MB)
2025-06-20 22:35:10.935 [info] 
2025-06-20 22:35:10.935 [info] --------------------------------------- 67.9/67.9 MB 23.9 MB/s eta 0:00:00
2025-06-20 22:35:14.757 [info]   Installing build dependencies: started
2025-06-20 22:35:16.084 [info]   Installing build dependencies: finished with status 'done'
2025-06-20 22:35:16.086 [info]   Getting requirements to build wheel: started
2025-06-20 22:35:16.776 [info]   Getting requirements to build wheel: finished with status 'done'
2025-06-20 22:35:16.779 [info]   Installing backend dependencies: started
2025-06-20 22:35:20.450 [info]   Installing backend dependencies: finished with status 'done'
2025-06-20 22:35:20.451 [info]   Preparing metadata (pyproject.toml): started
2025-06-20 22:35:21.099 [info]   Preparing metadata (pyproject.toml): finished with status 'done'
2025-06-20 22:35:21.263 [info] Collecting setuptools==65.5.1 (from -r c:\Projects\adm\App_Update\requirements.txt (line 11))
2025-06-20 22:35:21.278 [info]   Downloading setuptools-65.5.1-py3-none-any.whl.metadata (6.3 kB)
2025-06-20 22:35:21.398 [info] Collecting wheel==0.37.1 (from -r c:\Projects\adm\App_Update\requirements.txt (line 12))
2025-06-20 22:35:21.411 [info]   Downloading wheel-0.37.1-py2.py3-none-any.whl.metadata (2.3 kB)
2025-06-20 22:35:21.560 [info] Collecting pip==22.0.4 (from -r c:\Projects\adm\App_Update\requirements.txt (line 13))
2025-06-20 22:35:21.574 [info]   Downloading pip-22.0.4-py3-none-any.whl.metadata (4.2 kB)
2025-06-20 22:35:21.603 [info] Collecting spacy (from -r c:\Projects\adm\App_Update\requirements.txt (line 2))
2025-06-20 22:35:21.619 [info]   Using cached spacy-3.0.9.tar.gz (989 kB)
2025-06-20 22:35:22.166 [info]   Installing build dependencies: started
2025-06-20 22:35:50.219 [info]   Installing build dependencies: finished with status 'done'
2025-06-20 22:35:50.220 [info]   Getting requirements to build wheel: started
2025-06-20 22:36:51.536 [info]   Getting requirements to build wheel: still running...
2025-06-20 22:36:54.640 [info]   Getting requirements to build wheel: finished with status 'done'
2025-06-20 22:36:54.650 [info]   Preparing metadata (pyproject.toml): started
2025-06-20 22:36:56.023 [info]   Preparing metadata (pyproject.toml): finished with status 'done'
2025-06-20 22:36:56.082 [info] Collecting et-xmlfile (from openpyxl==3.0.10->-r c:\Projects\adm\App_Update\requirements.txt (line 4))
2025-06-20 22:36:56.084 [info]   Using cached et_xmlfile-2.0.0-py3-none-any.whl.metadata (2.7 kB)
2025-06-20 22:36:56.129 [info] Collecting attrs>=19.2.0 (from pytest==6.2.5->-r c:\Projects\adm\App_Update\requirements.txt (line 5))
2025-06-20 22:36:56.131 [info]   Using cached attrs-25.3.0-py3-none-any.whl.metadata (10 kB)
2025-06-20 22:36:56.193 [info] Collecting iniconfig (from pytest==6.2.5->-r c:\Projects\adm\App_Update\requirements.txt (line 5))
2025-06-20 22:36:56.195 [info]   Using cached iniconfig-2.1.0-py3-none-any.whl.metadata (2.7 kB)
2025-06-20 22:36:56.232 [info] Collecting packaging (from pytest==6.2.5->-r c:\Projects\adm\App_Update\requirements.txt (line 5))
2025-06-20 22:36:56.234 [info]   Using cached packaging-25.0-py3-none-any.whl.metadata (3.3 kB)
2025-06-20 22:36:56.269 [info] Collecting pluggy<2.0,>=0.12 (from pytest==6.2.5->-r c:\Projects\adm\App_Update\requirements.txt (line 5))
2025-06-20 22:36:56.271 [info]   Using cached pluggy-1.6.0-py3-none-any.whl.metadata (4.8 kB)
2025-06-20 22:36:56.339 [info] Collecting py>=1.8.2 (from pytest==6.2.5->-r c:\Projects\adm\App_Update\requirements.txt (line 5))
2025-06-20 22:36:56.341 [info]   Using cached py-1.11.0-py2.py3-none-any.whl.metadata (2.8 kB)
2025-06-20 22:36:56.374 [info] Collecting toml (from pytest==6.2.5->-r c:\Projects\adm\App_Update\requirements.txt (line 5))
2025-06-20 22:36:56.376 [info]   Using cached toml-0.10.2-py2.py3-none-any.whl.metadata (7.1 kB)
2025-06-20 22:36:56.416 [info] Collecting atomicwrites>=1.0 (from pytest==6.2.5->-r c:\Projects\adm\App_Update\requirements.txt (line 5))
2025-06-20 22:36:56.431 [info]   Using cached atomicwrites-1.4.1.tar.gz (14 kB)
2025-06-20 22:36:56.454 [info]   Installing build dependencies: started
2025-06-20 22:36:57.451 [info]   Installing build dependencies: finished with status 'done'
2025-06-20 22:36:57.452 [info]   Getting requirements to build wheel: started
2025-06-20 22:36:58.358 [info]   Getting requirements to build wheel: finished with status 'done'
2025-06-20 22:36:58.361 [info]   Preparing metadata (pyproject.toml): started
2025-06-20 22:36:58.685 [info]   Preparing metadata (pyproject.toml): finished with status 'done'
2025-06-20 22:36:58.726 [info] Collecting colorama (from pytest==6.2.5->-r c:\Projects\adm\App_Update\requirements.txt (line 5))
2025-06-20 22:36:58.728 [info]   Using cached colorama-0.4.6-py2.py3-none-any.whl.metadata (17 kB)
2025-06-20 22:36:58.800 [info] Collecting filelock (from transformers==4.11.3->-r c:\Projects\adm\App_Update\requirements.txt (line 7))
2025-06-20 22:36:58.802 [info]   Using cached filelock-3.18.0-py3-none-any.whl.metadata (2.9 kB)
2025-06-20 22:36:58.876 [info] Collecting huggingface-hub>=0.0.17 (from transformers==4.11.3->-r c:\Projects\adm\App_Update\requirements.txt (line 7))
2025-06-20 22:36:58.878 [info]   Using cached huggingface_hub-0.33.0-py3-none-any.whl.metadata (14 kB)
2025-06-20 22:36:59.012 [info] Collecting pyyaml>=5.1 (from transformers==4.11.3->-r c:\Projects\adm\App_Update\requirements.txt (line 7))
2025-06-20 22:36:59.025 [info]   Downloading PyYAML-6.0.2-cp311-cp311-win_amd64.whl.metadata (2.1 kB)
2025-06-20 22:36:59.328 [info] Collecting regex!=2019.12.17 (from transformers==4.11.3->-r c:\Projects\adm\App_Update\requirements.txt (line 7))
2025-06-20 22:36:59.369 [info]   Downloading regex-2024.11.6-cp311-cp311-win_amd64.whl.metadata (41 kB)
2025-06-20 22:36:59.455 [info] Collecting requests (from transformers==4.11.3->-r c:\Projects\adm\App_Update\requirements.txt (line 7))
2025-06-20 22:36:59.457 [info]   Using cached requests-2.32.4-py3-none-any.whl.metadata (4.9 kB)
2025-06-20 22:36:59.521 [info] Collecting sacremoses (from transformers==4.11.3->-r c:\Projects\adm\App_Update\requirements.txt (line 7))
2025-06-20 22:36:59.523 [info]   Using cached sacremoses-0.1.1-py3-none-any.whl.metadata (8.3 kB)
2025-06-20 22:36:59.750 [info] Collecting tokenizers<0.11,>=0.10.1 (from transformers==4.11.3->-r c:\Projects\adm\App_Update\requirements.txt (line 7))
2025-06-20 22:36:59.752 [info]   Using cached tokenizers-0.10.3.tar.gz (212 kB)
2025-06-20 22:36:59.867 [info]   Installing build dependencies: started
2025-06-20 22:37:01.273 [info]   Installing build dependencies: finished with status 'done'
2025-06-20 22:37:01.274 [info]   Getting requirements to build wheel: started
2025-06-20 22:37:02.410 [info]   Getting requirements to build wheel: finished with status 'done'
2025-06-20 22:37:02.413 [info]   Preparing metadata (pyproject.toml): started
2025-06-20 22:37:02.729 [info]   Preparing metadata (pyproject.toml): finished with status 'done'
2025-06-20 22:37:02.792 [info] Collecting tqdm>=4.27 (from transformers==4.11.3->-r c:\Projects\adm\App_Update\requirements.txt (line 7))
2025-06-20 22:37:02.794 [info]   Using cached tqdm-4.67.1-py3-none-any.whl.metadata (57 kB)
2025-06-20 22:37:02.885 [info] Collecting spacy-legacy<3.1.0,>=3.0.5 (from spacy->-r c:\Projects\adm\App_Update\requirements.txt (line 2))
2025-06-20 22:37:02.887 [info]   Using cached spacy_legacy-3.0.12-py2.py3-none-any.whl.metadata (2.8 kB)
2025-06-20 22:37:02.965 [info] Collecting murmurhash<1.1.0,>=0.28.0 (from spacy->-r c:\Projects\adm\App_Update\requirements.txt (line 2))
2025-06-20 22:37:02.967 [info]   Using cached murmurhash-1.0.13-cp311-cp311-win_amd64.whl.metadata (2.2 kB)
2025-06-20 22:37:03.033 [info] Collecting cymem<2.1.0,>=2.0.2 (from spacy->-r c:\Projects\adm\App_Update\requirements.txt (line 2))
2025-06-20 22:37:03.035 [info]   Using cached cymem-2.0.11-cp311-cp311-win_amd64.whl.metadata (8.8 kB)
2025-06-20 22:37:03.109 [info] Collecting preshed<3.1.0,>=3.0.2 (from spacy->-r c:\Projects\adm\App_Update\requirements.txt (line 2))
2025-06-20 22:37:03.111 [info]   Using cached preshed-3.0.10-cp311-cp311-win_amd64.whl.metadata (2.5 kB)
2025-06-20 22:37:03.289 [info] Collecting thinc<8.1.0,>=8.0.3 (from spacy->-r c:\Projects\adm\App_Update\requirements.txt (line 2))
2025-06-20 22:37:03.289 [info]   Using cached thinc-8.0.17-cp311-cp311-win_amd64.whl
2025-06-20 22:37:03.390 [info] Collecting blis<0.8.0,>=0.4.0 (from spacy->-r c:\Projects\adm\App_Update\requirements.txt (line 2))
2025-06-20 22:37:03.392 [info]   Using cached blis-0.7.11-cp311-cp311-win_amd64.whl.metadata (7.6 kB)
2025-06-20 22:37:03.438 [info] Collecting wasabi<1.1.0,>=0.8.1 (from spacy->-r c:\Projects\adm\App_Update\requirements.txt (line 2))
2025-06-20 22:37:03.439 [info]   Using cached wasabi-0.10.1-py3-none-any.whl.metadata (28 kB)
2025-06-20 22:37:03.541 [info] Collecting srsly<3.0.0,>=2.4.1 (from spacy->-r c:\Projects\adm\App_Update\requirements.txt (line 2))
2025-06-20 22:37:03.543 [info]   Using cached srsly-2.5.1-cp311-cp311-win_amd64.whl.metadata (20 kB)
2025-06-20 22:37:03.603 [info] Collecting catalogue<2.1.0,>=2.0.4 (from spacy->-r c:\Projects\adm\App_Update\requirements.txt (line 2))
2025-06-20 22:37:03.605 [info]   Using cached catalogue-2.0.10-py3-none-any.whl.metadata (14 kB)
2025-06-20 22:37:03.723 [info] Collecting typer<0.4.0,>=0.3.0 (from spacy->-r c:\Projects\adm\App_Update\requirements.txt (line 2))
2025-06-20 22:37:03.725 [info]   Using cached typer-0.3.2-py3-none-any.whl.metadata (12 kB)
2025-06-20 22:37:03.795 [info] Collecting pathy>=0.3.5 (from spacy->-r c:\Projects\adm\App_Update\requirements.txt (line 2))
2025-06-20 22:37:03.797 [info]   Using cached pathy-0.11.0-py3-none-any.whl.metadata (16 kB)
2025-06-20 22:37:03.859 [info] Collecting smart-open<7.0.0,>=5.2.1 (from spacy->-r c:\Projects\adm\App_Update\requirements.txt (line 2))
2025-06-20 22:37:03.861 [info]   Using cached smart_open-6.4.0-py3-none-any.whl.metadata (21 kB)
2025-06-20 22:37:04.079 [info] Collecting pydantic!=1.8,!=1.8.1,<1.9.0,>=1.7.4 (from spacy->-r c:\Projects\adm\App_Update\requirements.txt (line 2))
2025-06-20 22:37:04.081 [info]   Using cached pydantic-1.8.2-py3-none-any.whl.metadata (103 kB)
2025-06-20 22:37:04.156 [info] Collecting jinja2 (from spacy->-r c:\Projects\adm\App_Update\requirements.txt (line 2))
2025-06-20 22:37:04.158 [info]   Using cached jinja2-3.1.6-py3-none-any.whl.metadata (2.9 kB)
2025-06-20 22:37:04.220 [info] Collecting typing-extensions>=3.7.4.3 (from pydantic!=1.8,!=1.8.1,<1.9.0,>=1.7.4->spacy->-r c:\Projects\adm\App_Update\requirements.txt (line 2))
2025-06-20 22:37:04.222 [info]   Using cached typing_extensions-4.14.0-py3-none-any.whl.metadata (3.0 kB)
2025-06-20 22:37:04.315 [info] Collecting charset_normalizer<4,>=2 (from requests->transformers==4.11.3->-r c:\Projects\adm\App_Update\requirements.txt (line 7))
2025-06-20 22:37:04.329 [info]   Downloading charset_normalizer-3.4.2-cp311-cp311-win_amd64.whl.metadata (36 kB)
2025-06-20 22:37:04.396 [info] Collecting idna<4,>=2.5 (from requests->transformers==4.11.3->-r c:\Projects\adm\App_Update\requirements.txt (line 7))
2025-06-20 22:37:04.398 [info]   Using cached idna-3.10-py3-none-any.whl.metadata (10 kB)
2025-06-20 22:37:04.478 [info] Collecting urllib3<3,>=1.21.1 (from requests->transformers==4.11.3->-r c:\Projects\adm\App_Update\requirements.txt (line 7))
2025-06-20 22:37:04.480 [info]   Using cached urllib3-2.5.0-py3-none-any.whl.metadata (6.5 kB)
2025-06-20 22:37:04.563 [info] Collecting certifi>=2017.4.17 (from requests->transformers==4.11.3->-r c:\Projects\adm\App_Update\requirements.txt (line 7))
2025-06-20 22:37:04.565 [info]   Using cached certifi-2025.6.15-py3-none-any.whl.metadata (2.4 kB)
2025-06-20 22:37:04.624 [info] Collecting click<7.2.0,>=7.1.1 (from typer<0.4.0,>=0.3.0->spacy->-r c:\Projects\adm\App_Update\requirements.txt (line 2))
2025-06-20 22:37:04.626 [info]   Using cached click-7.1.2-py2.py3-none-any.whl.metadata (2.9 kB)
2025-06-20 22:37:04.715 [info] Collecting contourpy>=1.0.1 (from matplotlib->-r c:\Projects\adm\App_Update\requirements.txt (line 1))
2025-06-20 22:37:04.735 [info]   Downloading contourpy-1.3.2-cp311-cp311-win_amd64.whl.metadata (5.5 kB)
2025-06-20 22:37:04.782 [info] Collecting cycler>=0.10 (from matplotlib->-r c:\Projects\adm\App_Update\requirements.txt (line 1))
2025-06-20 22:37:04.784 [info]   Using cached cycler-0.12.1-py3-none-any.whl.metadata (3.8 kB)
2025-06-20 22:37:04.980 [info] Collecting fonttools>=4.22.0 (from matplotlib->-r c:\Projects\adm\App_Update\requirements.txt (line 1))
2025-06-20 22:37:05.006 [info]   Downloading fonttools-4.58.4-cp311-cp311-win_amd64.whl.metadata (108 kB)
2025-06-20 22:37:05.155 [info] Collecting kiwisolver>=1.3.1 (from matplotlib->-r c:\Projects\adm\App_Update\requirements.txt (line 1))
2025-06-20 22:37:05.169 [info]   Downloading kiwisolver-1.4.8-cp311-cp311-win_amd64.whl.metadata (6.3 kB)
2025-06-20 22:37:05.422 [info] Collecting pillow>=8 (from matplotlib->-r c:\Projects\adm\App_Update\requirements.txt (line 1))
2025-06-20 22:37:05.433 [info]   Downloading pillow-11.2.1-cp311-cp311-win_amd64.whl.metadata (9.1 kB)
2025-06-20 22:37:05.512 [info] Collecting pyparsing>=2.3.1 (from matplotlib->-r c:\Projects\adm\App_Update\requirements.txt (line 1))
2025-06-20 22:37:05.514 [info]   Using cached pyparsing-3.2.3-py3-none-any.whl.metadata (5.0 kB)
2025-06-20 22:37:05.556 [info] Collecting python-dateutil>=2.7 (from matplotlib->-r c:\Projects\adm\App_Update\requirements.txt (line 1))
2025-06-20 22:37:05.558 [info]   Using cached python_dateutil-2.9.0.post0-py2.py3-none-any.whl.metadata (8.4 kB)
2025-06-20 22:37:05.872 [info] Collecting botocore<1.39.0,>=1.38.41 (from boto3->-r c:\Projects\adm\App_Update\requirements.txt (line 9))
2025-06-20 22:37:05.874 [info]   Using cached botocore-1.38.41-py3-none-any.whl.metadata (5.7 kB)
2025-06-20 22:37:05.930 [info] Collecting jmespath<2.0.0,>=0.7.1 (from boto3->-r c:\Projects\adm\App_Update\requirements.txt (line 9))
2025-06-20 22:37:05.932 [info]   Using cached jmespath-1.0.1-py3-none-any.whl.metadata (7.6 kB)
2025-06-20 22:37:05.971 [info] Collecting s3transfer<0.14.0,>=0.13.0 (from boto3->-r c:\Projects\adm\App_Update\requirements.txt (line 9))
2025-06-20 22:37:05.973 [info]   Using cached s3transfer-0.13.0-py3-none-any.whl.metadata (1.7 kB)
2025-06-20 22:37:06.034 [info] Collecting six>=1.5 (from python-dateutil>=2.7->matplotlib->-r c:\Projects\adm\App_Update\requirements.txt (line 1))
2025-06-20 22:37:06.036 [info]   Using cached six-1.17.0-py2.py3-none-any.whl.metadata (1.7 kB)
2025-06-20 22:37:06.192 [info] Collecting diskcache>=5.6.1 (from llama-cpp-python->-r c:\Projects\adm\App_Update\requirements.txt (line 10))
2025-06-20 22:37:06.206 [info]   Downloading diskcache-5.6.3-py3-none-any.whl.metadata (20 kB)
2025-06-20 22:37:06.294 [info] Collecting fsspec>=2023.5.0 (from huggingface-hub>=0.0.17->transformers==4.11.3->-r c:\Projects\adm\App_Update\requirements.txt (line 7))
2025-06-20 22:37:06.295 [info]   Using cached fsspec-2025.5.1-py3-none-any.whl.metadata (11 kB)
2025-06-20 22:37:06.428 [info] Collecting MarkupSafe>=2.0 (from jinja2->spacy->-r c:\Projects\adm\App_Update\requirements.txt (line 2))
2025-06-20 22:37:06.440 [info]   Downloading MarkupSafe-3.0.2-cp311-cp311-win_amd64.whl.metadata (4.1 kB)
2025-06-20 22:37:06.510 [info] Collecting pathlib-abc==0.1.1 (from pathy>=0.3.5->spacy->-r c:\Projects\adm\App_Update\requirements.txt (line 2))
2025-06-20 22:37:06.511 [info]   Using cached pathlib_abc-0.1.1-py3-none-any.whl.metadata (18 kB)
2025-06-20 22:37:06.599 [info] Collecting joblib (from sacremoses->transformers==4.11.3->-r c:\Projects\adm\App_Update\requirements.txt (line 7))
2025-06-20 22:37:06.601 [info]   Using cached joblib-1.5.1-py3-none-any.whl.metadata (5.6 kB)
2025-06-20 22:37:06.624 [info] Using cached openpyxl-3.0.10-py2.py3-none-any.whl (242 kB)
2025-06-20 22:37:06.626 [info] Using cached pytest-6.2.5-py3-none-any.whl (280 kB)
2025-06-20 22:37:06.627 [info] Using cached transformers-4.11.3-py3-none-any.whl (2.9 MB)
2025-06-20 22:37:06.631 [info] Using cached fuzzywuzzy-0.18.0-py2.py3-none-any.whl (18 kB)
2025-06-20 22:37:06.644 [info] Downloading setuptools-65.5.1-py3-none-any.whl (1.2 MB)
2025-06-20 22:37:06.695 [info]    ----------------------------------------
2025-06-20 22:37:06.695 [info]  1.2/1.2 MB 31.3 MB/s eta 0:00:00
2025-06-20 22:37:06.710 [info] Downloading wheel-0.37.1-py2.py3-none-any.whl (35 kB)
2025-06-20 22:37:06.737 [info] Downloading pip-22.0.4-py3-none-any.whl (2.1 MB)
2025-06-20 22:37:06.848 [info] 
2025-06-20 22:37:06.848 [info] ---------------------------------------- 2.1/2.1 MB 19.8 MB/s eta 0:00:00
2025-06-20 22:37:06.850 [info] Using cached blis-0.7.11-cp311-cp311-win_amd64.whl (6.6 MB)
2025-06-20 22:37:06.856 [info] Using cached catalogue-2.0.10-py3-none-any.whl (17 kB)
2025-06-20 22:37:06.858 [info] Using cached cymem-2.0.11-cp311-cp311-win_amd64.whl (39 kB)
2025-06-20 22:37:06.861 [info] Using cached murmurhash-1.0.13-cp311-cp311-win_amd64.whl (24 kB)
Using cached pluggy-1.6.0-py3-none-any.whl (20 kB)
2025-06-20 22:37:06.863 [info] Using cached preshed-3.0.10-cp311-cp311-win_amd64.whl (117 kB)
2025-06-20 22:37:06.864 [info] Using cached pydantic-1.8.2-py3-none-any.whl (126 kB)
2025-06-20 22:37:06.866 [info] Using cached requests-2.32.4-py3-none-any.whl (64 kB)
2025-06-20 22:37:06.879 [info] Downloading charset_normalizer-3.4.2-cp311-cp311-win_amd64.whl (105 kB)
2025-06-20 22:37:06.887 [info] Using cached idna-3.10-py3-none-any.whl (70 kB)
2025-06-20 22:37:06.889 [info] Using cached smart_open-6.4.0-py3-none-any.whl (57 kB)
2025-06-20 22:37:06.890 [info] Using cached spacy_legacy-3.0.12-py2.py3-none-any.whl (29 kB)
2025-06-20 22:37:06.892 [info] Using cached srsly-2.5.1-cp311-cp311-win_amd64.whl (632 kB)
2025-06-20 22:37:06.894 [info] Using cached tqdm-4.67.1-py3-none-any.whl (78 kB)
2025-06-20 22:37:06.896 [info] Using cached typer-0.3.2-py3-none-any.whl (21 kB)
2025-06-20 22:37:06.898 [info] Using cached click-7.1.2-py2.py3-none-any.whl (82 kB)
2025-06-20 22:37:06.900 [info] Using cached urllib3-2.5.0-py3-none-any.whl (129 kB)
2025-06-20 22:37:06.902 [info] Using cached wasabi-0.10.1-py3-none-any.whl (26 kB)
2025-06-20 22:37:06.916 [info] Downloading matplotlib-3.10.3-cp311-cp311-win_amd64.whl (8.1 MB)
2025-06-20 22:37:07.195 [info]    ----------------------------------------
2025-06-20 22:37:07.195 [info]  8.1/8.1 MB 29.3 MB/s eta 0:00:00
2025-06-20 22:37:07.197 [info] Using cached numpy-2.3.0-cp311-cp311-win_amd64.whl (13.0 MB)
2025-06-20 22:37:07.207 [info] Using cached boto3-1.38.41-py3-none-any.whl (139 kB)
2025-06-20 22:37:07.209 [info] Using cached botocore-1.38.41-py3-none-any.whl (13.7 MB)
2025-06-20 22:37:07.219 [info] Using cached jmespath-1.0.1-py3-none-any.whl (20 kB)
2025-06-20 22:37:07.221 [info] Using cached python_dateutil-2.9.0.post0-py2.py3-none-any.whl (229 kB)
2025-06-20 22:37:07.223 [info] Using cached s3transfer-0.13.0-py3-none-any.whl (85 kB)
2025-06-20 22:37:07.224 [info] Using cached attrs-25.3.0-py3-none-any.whl (63 kB)
2025-06-20 22:37:07.226 [info] Using cached certifi-2025.6.15-py3-none-any.whl (157 kB)
2025-06-20 22:37:07.240 [info] Downloading contourpy-1.3.2-cp311-cp311-win_amd64.whl (222 kB)
2025-06-20 22:37:07.251 [info] Using cached cycler-0.12.1-py3-none-any.whl (8.3 kB)
2025-06-20 22:37:07.267 [info] Downloading diskcache-5.6.3-py3-none-any.whl (45 kB)
2025-06-20 22:37:07.284 [info] Downloading fonttools-4.58.4-cp311-cp311-win_amd64.whl (2.2 MB)
2025-06-20 22:37:07.439 [info]    ---------------------------------------- 2.2/2.2 MB 31.5 MB/s eta 0:00:00
2025-06-20 22:37:07.439 [info] 
2025-06-20 22:37:07.441 [info] Using cached huggingface_hub-0.33.0-py3-none-any.whl (514 kB)
2025-06-20 22:37:07.443 [info] Using cached fsspec-2025.5.1-py3-none-any.whl (199 kB)
2025-06-20 22:37:07.445 [info] Using cached jinja2-3.1.6-py3-none-any.whl (134 kB)
2025-06-20 22:37:07.461 [info] Downloading kiwisolver-1.4.8-cp311-cp311-win_amd64.whl (71 kB)
2025-06-20 22:37:07.479 [info] Downloading MarkupSafe-3.0.2-cp311-cp311-win_amd64.whl (15 kB)
2025-06-20 22:37:07.485 [info] Using cached packaging-25.0-py3-none-any.whl (66 kB)
2025-06-20 22:37:07.486 [info] Using cached pathy-0.11.0-py3-none-any.whl (47 kB)
2025-06-20 22:37:07.488 [info] Using cached pathlib_abc-0.1.1-py3-none-any.whl (23 kB)
2025-06-20 22:37:07.503 [info] Downloading pillow-11.2.1-cp311-cp311-win_amd64.whl (2.7 MB)
2025-06-20 22:37:07.661 [info] 
2025-06-20 22:37:07.661 [info] ---------------------------------------- 2.7/2.7 MB 17.1 MB/s eta 0:00:00
2025-06-20 22:37:07.661 [info] 
2025-06-20 22:37:07.663 [info] Using cached py-1.11.0-py2.py3-none-any.whl (98 kB)
2025-06-20 22:37:07.665 [info] Using cached pyparsing-3.2.3-py3-none-any.whl (111 kB)
2025-06-20 22:37:07.697 [info] Downloading PyYAML-6.0.2-cp311-cp311-win_amd64.whl (161 kB)
2025-06-20 22:37:07.726 [info] Downloading regex-2024.11.6-cp311-cp311-win_amd64.whl (274 kB)
2025-06-20 22:37:07.743 [info] Using cached six-1.17.0-py2.py3-none-any.whl (11 kB)
2025-06-20 22:37:07.745 [info] Using cached typing_extensions-4.14.0-py3-none-any.whl (43 kB)
2025-06-20 22:37:07.746 [info] Using cached colorama-0.4.6-py2.py3-none-any.whl (25 kB)
2025-06-20 22:37:07.748 [info] Using cached et_xmlfile-2.0.0-py3-none-any.whl (18 kB)
2025-06-20 22:37:07.750 [info] Using cached filelock-3.18.0-py3-none-any.whl (16 kB)
2025-06-20 22:37:07.752 [info] Using cached iniconfig-2.1.0-py3-none-any.whl (6.0 kB)
2025-06-20 22:37:07.753 [info] Using cached sacremoses-0.1.1-py3-none-any.whl (897 kB)
2025-06-20 22:37:07.756 [info] Using cached joblib-1.5.1-py3-none-any.whl (307 kB)
2025-06-20 22:37:07.758 [info] Using cached toml-0.10.2-py2.py3-none-any.whl (16 kB)
2025-06-20 22:37:08.431 [info] Building wheels for collected packages: en_core_web_sm, spacy, tokenizers, llama-cpp-python, atomicwrites
2025-06-20 22:37:08.433 [info]   Building wheel for en_core_web_sm (pyproject.toml): started
2025-06-20 22:37:10.069 [info]   Building wheel for en_core_web_sm (pyproject.toml): finished with status 'done'
2025-06-20 22:37:10.096 [info]   Created wheel for en_core_web_sm: filename=en_core_web_sm-3.0.0-py3-none-any.whl size=13704376 sha256=830c1b3079f26dfd3f87b0bd15debe44ef1208e8e9e92176d5115c31968bd99a
2025-06-20 22:37:10.096 [info]   Stored in directory: c:\users\ryanm\appdata\local\pip\cache\wheels\c5\5a\18\e3681669d38e613bedce7c30998e5e8d5112c1aa1a6e606edd
2025-06-20 22:37:10.100 [info]   Building wheel for spacy (pyproject.toml): started
2025-06-20 22:38:10.642 [info]   Building wheel for spacy (pyproject.toml): still running...
2025-06-20 22:38:34.508 [info]   Building wheel for spacy (pyproject.toml): finished with status 'done'
2025-06-20 22:38:34.542 [info]   Created wheel for spacy: filename=spacy-3.0.9-cp311-cp311-win_amd64.whl size=11217403 sha256=0169dae33823def9f4f3f5ae715e574d3eac819f51107bc45933e1d8f6e0d628
2025-06-20 22:38:34.542 [info]   Stored in directory: c:\users\ryanm\appdata\local\pip\cache\wheels\15\7a\5d\414d7808f5065725156f1dbfc946cdba0ba24cfbd3c4f2e3cb
2025-06-20 22:38:34.556 [info]   Building wheel for tokenizers (pyproject.toml): started
2025-06-20 22:38:35.065 [info]   Building wheel for tokenizers (pyproject.toml): finished with status 'error'
2025-06-20 22:38:35.071 [info]   error: subprocess-exited-with-error
2025-06-20 22:38:35.072 [info] × Building wheel for tokenizers (pyproject.toml) did not run successfully.
  │ exit code: 1
  ╰─> [62 lines of output]
      C:\Users\ryanm\AppData\Local\Temp\pip-build-env-ald5e5q3\overlay\Lib\site-packages\setuptools\dist.py:759: SetuptoolsDeprecationWarning: License classifiers are deprecated.
      !!
      
              ********************************************************************************
              Please consider removing the following classifiers in favor of a SPDX license expression:
      
              License :: OSI Approved :: Apache Software License
      
              See https://packaging.python.org/en/latest/guides/writing-pyproject-toml/#license for details.
              ********************************************************************************
      
      !!
        self._finalize_license_expression()
      running bdist_wheel
      running build
      running build_py
2025-06-20 22:38:35.072 [info]  creating build\lib.win-amd64-cpython-311\tokenizers
      copying py_src\tokenizers\__init__.py -> build\lib.win-amd64-cpython-311\tokenizers
      creating build\lib.win-amd64-cpython-311\tokenizers\models
      copying py_src\tokenizers\models\__init__.py -> build\lib.win-amd64-cpython-311\tokenizers\models
      creating build\lib.win-amd64-cpython-311\tokenizers\decoders
      copying py_src\tokenizers\decoders\__init__.py -> build\lib.win-amd64-cpython-311\tokenizers\decoders
      creating build\lib.win-amd64-cpython-311\tokenizers\normalizers
      copying py_src\tokenizers\normalizers\__init__.py -> build\lib.win-amd64-cpython-311\tokenizers\normalizers
      creating build\lib.win-amd64-cpython-311\tokenizers\pre_tokenizers
      copying py_src\tokenizers\pre_tokenizers\__init__.py -> build\lib.win-amd64-cpython-311\tokenizers\pre_tokenizers
      creating build\lib.win-amd64-cpython-311\tokenizers\processors
      copying py_src\tokenizers\processors\__init__.py -> build\lib.win-amd64-cpython-311\tokenizers\processors
      creating build\lib.win-amd64-cpython-311\tokenizers\trainers
      copying py_src\tokenizers\trainers\__init__.py -> build\lib.win-amd64-cpython-311\tokenizers\trainers
      creating build\lib.win-amd64-cpython-311\tokenizers\implementations
      copying py_src\tokenizers\implementations\base_tokenizer.py -> build\lib.win-amd64-cpython-311\tokenizers\implementations
      copying py_src\tokenizers\implementations\bert_wordpiece.py -> build\lib.win-amd64-cpython-311\tokenizers\implementations
      copying py_src\tokenizers\implementations\byte_level_bpe.py -> build\lib.win-amd64-cpython-311\tokenizers\implementations
      copying py_src\tokenizers\implementations\char_level_bpe.py -> build\lib.win-amd64-cpython-311\tokenizers\implementations
      copying py_src\tokenizers\implementations\sentencepiece_bpe.py -> build\lib.win-amd64-cpython-311\tokenizers\implementations
      copying py_src\tokenizers\implementations\sentencepiece_unigram.py -> build\lib.win-amd64-cpython-311\tokenizers\implementations
      copying py_src\tokenizers\implementations\__init__.py -> build\lib.win-amd64-cpython-311\tokenizers\implementations
      creating build\lib.win-amd64-cpython-311\tokenizers\tools
      copying py_src\tokenizers\tools\visualizer.py -> build\lib.win-amd64-cpython-311\tokenizers\tools
      copying py_src\tokenizers\tools\__init__.py -> build\lib.win-amd64-cpython-311\tokenizers\tools
      copying py_src\tokenizers\__init__.pyi -> build\lib.win-amd64-cpython-311\tokenizers
      copying py_src\tokenizers\models\__init__.pyi -> build\lib.win-amd64-cpython-311\tokenizers\models
      copying py_src\tokenizers\decoders\__init__.pyi -> build\lib.win-amd64-cpython-311\tokenizers\decoders
      copying py_src\tokenizers\normalizers\__init__.pyi -> build\lib.win-amd64-cpython-311\tokenizers\normalizers
      copying py_src\tokenizers\pre_tokenizers\__init__.pyi -> build\lib.win-amd64-cpython-311\tokenizers\pre_tokenizers
      copying py_src\tokenizers\processors\__init__.pyi -> build\lib.win-amd64-cpython-311\tokenizers\processors
      copying py_src\tokenizers\trainers\__init__.pyi -> build\lib.win-amd64-cpython-311\tokenizers\trainers
2025-06-20 22:38:35.072 [info]  copying py_src\tokenizers\tools\visualizer-styles.css -> build\lib.win-amd64-cpython-311\tokenizers\tools
      running build_ext
      running build_rust
      error: can't find Rust compiler
      
      If you are using an outdated pip version, it is possible a prebuilt wheel is available for this package but pip is not able to install from it. Installing from the wheel would avoid the need for a Rust compiler.
      
      To update pip, run:
      
          pip install --upgrade pip
      
      and then retry package installation.
      
      If you did intend to build this package from source, try installing a Rust compiler from your system package manager and ensure it is on the PATH during installation. Alternatively, rustup (available at https://rustup.rs) is the recommended way to download and update the Rust compiler toolchain.
2025-06-20 22:38:35.073 [info]     [end of output]
  
  note: This error originates from a subprocess, and is likely not a problem with pip.
2025-06-20 22:38:35.073 [info]   ERROR: Failed building wheel for tokenizers
2025-06-20 22:38:35.077 [info]   Building wheel for llama-cpp-python (pyproject.toml): started
2025-06-20 22:40:15.797 [info]   Building wheel for llama-cpp-python (pyproject.toml): still running...
2025-06-20 22:41:00.593 [info]   Building wheel for llama-cpp-python (pyproject.toml): finished with status 'done'
2025-06-20 22:41:00.617 [info]   Created wheel for llama-cpp-python: filename=llama_cpp_python-0.3.9-cp311-cp311-win_amd64.whl size=3367859 sha256=29256f5224a72ab88f5dfaf6f748afcbab56740db12308317cfc46cd461777a0
2025-06-20 22:41:00.617 [info]   Stored in directory: c:\users\ryanm\appdata\local\pip\cache\wheels\9e\8f\bf\148c8eb7d69021eccd6eae6444f3accd48347587054ffd24e5
2025-06-20 22:41:00.626 [info]   Building wheel for atomicwrites (pyproject.toml): started
2025-06-20 22:41:01.084 [info]   Building wheel for atomicwrites (pyproject.toml): finished with status 'done'
2025-06-20 22:41:01.103 [info]   Created wheel for atomicwrites: filename=atomicwrites-1.4.1-py2.py3-none-any.whl size=7055 sha256=06f25d41f94399f4ff018e6dac411b41c4c749e3797adaebb8a802e1e93205ad
2025-06-20 22:41:01.103 [info]   Stored in directory: c:\users\ryanm\appdata\local\pip\cache\wheels\f7\99\9c\d24e98c35f30eba0c367ad1e7888d396d676abb35fe1e7611c
2025-06-20 22:41:01.106 [info] Successfully built en_core_web_sm spacy llama-cpp-python atomicwrites
2025-06-20 22:41:01.107 [info] Failed to build tokenizers
2025-06-20 22:41:01.112 [info] ERROR: Failed to build installable wheels for some pyproject.toml based projects (tokenizers)
2025-06-20 22:41:04.620 [info] Traceback (most recent call last):
  File "c:\Users\ryanm\.vscode\extensions\ms-python.python-2025.8.0-win32-x64\python_files\create_venv.py", line 96, in run_process
2025-06-20 22:41:04.620 [info]     subprocess.run(args, cwd=os.getcwd(), check=True)  # noqa: PTH109
    ^^^^^^^^^^^^^^^^^^^^^^^^^^^^^^^^^^^^^^^^^^^^^^^^^
  File "C:\Program Files\Python311\Lib\subprocess.py", line 569, in run
2025-06-20 22:41:04.620 [info]     raise CalledProcessError(retcode, process.args,
subprocess.CalledProcessError: Command '['c:\\Projects\\adm\\App_Update\\.venv\\Scripts\\python.exe', '-m', 'pip', 'install', '-r', 'c:\\Projects\\adm\\App_Update\\requirements.txt']' returned non-zero exit status 1.
2025-06-20 22:41:04.621 [info] 
The above exception was the direct cause of the following exception:

Traceback (most recent call last):
  File "c:\Users\ryanm\.vscode\extensions\ms-python.python-2025.8.0-win32-x64\python_files\create_venv.py", line 271, in <module>
    main(sys.argv[1:])
2025-06-20 22:41:04.621 [info]   File "c:\Users\ryanm\.vscode\extensions\ms-python.python-2025.8.0-win32-x64\python_files\create_venv.py", line 263, in main
    install_requirements(venv_path, requirements)
2025-06-20 22:41:04.621 [info]   File "c:\Users\ryanm\.vscode\extensions\ms-python.python-2025.8.0-win32-x64\python_files\create_venv.py", line 125, in install_requirements
    run_process(
  File "c:\Users\ryanm\.vscode\extensions\ms-python.python-2025.8.0-win32-x64\python_files\create_venv.py", line 98, in run_process
2025-06-20 22:41:04.622 [info]     raise VenvError(error_message) from exc
VenvError: CREATE_VENV.PIP_FAILED_INSTALL_REQUIREMENTS
2025-06-20 22:41:04.639 [error] Error while running venv creation script:  CREATE_VENV.PIP_FAILED_INSTALL_REQUIREMENTS
2025-06-20 22:41:04.639 [error] CREATE_VENV.PIP_FAILED_INSTALL_REQUIREMENTS
2025-06-20 22:44:41.444 [info] Selected workspace c:\Projects\adm\App_Update for creating virtual environment.
2025-06-20 22:44:45.648 [info] Selected interpreter C:\Program Files\Python310\python.exe for creating virtual environment.
2025-06-20 22:44:49.002 [info] Deleted python executable: c:\Projects\adm\App_Update\.venv\Scripts\python.exe
2025-06-20 22:44:49.124 [info] Deleted ".venv" dir: c:\Projects\adm\App_Update\.venv
2025-06-20 22:44:49.129 [info] Running Env creation script:  [
  'C:\\Program Files\\Python310\\python.exe',
  'c:\\Users\\ryanm\\.vscode\\extensions\\ms-python.python-2025.8.0-win32-x64\\python_files\\create_venv.py',
  '--git-ignore',
  '--requirements',
  'c:\\Projects\\adm\\App_Update\\requirements.txt'
]
2025-06-20 22:44:49.129 [info] > "C:\Program Files\Python310\python.exe" ~\.vscode\extensions\ms-python.python-2025.8.0-win32-x64\python_files\create_venv.py --git-ignore --requirements c:\Projects\adm\App_Update\requirements.txt
2025-06-20 22:44:49.129 [info] cwd: c:\Projects\adm\App_Update
2025-06-20 22:44:49.132 [info] Environments refresh finished (event): 18 milliseconds
2025-06-20 22:44:49.132 [info] Environments refresh paths discovered: 18 milliseconds
2025-06-20 22:44:49.133 [info] Environments refresh finished (event): 15 milliseconds
2025-06-20 22:44:49.133 [info] Environments refresh paths discovered: 15 milliseconds
2025-06-20 22:44:49.242 [info] Running: C:\Program Files\Python310\python.exe -m venv .venv
2025-06-20 22:44:50.554 [info] > c:\Projects\adm\App_Update\.venv\Scripts\python.exe -I ~\.vscode\extensions\ms-python.python-2025.8.0-win32-x64\python_files\get_output_via_markers.py ~\.vscode\extensions\ms-python.python-2025.8.0-win32-x64\python_files\interpreterInfo.py
2025-06-20 22:44:50.554 [info] Environments refresh paths discovered: 18 milliseconds
2025-06-20 22:44:50.554 [info] Environments refresh paths discovered: 17 milliseconds
2025-06-20 22:44:50.636 [info] Environments refresh finished (event): 101 milliseconds
2025-06-20 22:44:50.637 [info] Environments refresh finished (event): 99 milliseconds
2025-06-20 22:44:56.626 [info] CREATED_VENV:c:\Projects\adm\App_Update\.venv\Scripts\python.exe
Creating: c:\Projects\adm\App_Update\.venv\.gitignore
2025-06-20 22:44:56.626 [info] CREATE_VENV.UPGRADING_PIP
Running: c:\Projects\adm\App_Update\.venv\Scripts\python.exe -m pip install --upgrade pip
2025-06-20 22:44:57.052 [info] Requirement already satisfied: pip in c:\projects\adm\app_update\.venv\lib\site-packages (21.2.3)
2025-06-20 22:44:57.244 [info] Collecting pip
2025-06-20 22:44:57.249 [info]   Using cached pip-25.1.1-py3-none-any.whl (1.8 MB)
2025-06-20 22:44:57.316 [info] Installing collected packages: pip
  Attempting uninstall: pip
2025-06-20 22:44:57.316 [info]     Found existing installation: pip 21.2.3
2025-06-20 22:44:57.718 [info]     Uninstalling pip-21.2.3:
2025-06-20 22:44:57.739 [info]       Successfully uninstalled pip-21.2.3
2025-06-20 22:45:01.894 [info] Successfully installed pip-25.1.1
2025-06-20 22:45:01.951 [info] CREATE_VENV.UPGRADED_PIP
VENV_INSTALLING_REQUIREMENTS: ['c:\\Projects\\adm\\App_Update\\requirements.txt']
VENV_INSTALLING_REQUIREMENTS: c:\Projects\adm\App_Update\requirements.txt
Running: c:\Projects\adm\App_Update\.venv\Scripts\python.exe -m pip install -r c:\Projects\adm\App_Update\requirements.txt
2025-06-20 22:45:02.723 [info] Collecting https://github.com/explosion/spacy-models/releases/download/en_core_web_sm-3.0.0/en_core_web_sm-3.0.0.tar.gz (from -r c:\Projects\adm\App_Update\requirements.txt (line 3))
2025-06-20 22:45:03.038 [info]   Downloading https://github.com/explosion/spacy-models/releases/download/en_core_web_sm-3.0.0/en_core_web_sm-3.0.0.tar.gz (13.7 MB)
2025-06-20 22:45:03.712 [info] 
2025-06-20 22:45:03.712 [info] --------------------------------------- 13.7/13.7 MB 22.1 MB/s eta 0:00:00
2025-06-20 22:45:03.946 [info]   Installing build dependencies: started
2025-06-20 22:45:05.047 [info]   Installing build dependencies: finished with status 'done'
2025-06-20 22:45:05.049 [info]   Getting requirements to build wheel: started
2025-06-20 22:45:06.095 [info]   Getting requirements to build wheel: finished with status 'done'
2025-06-20 22:45:06.101 [info]   Preparing metadata (pyproject.toml): started
2025-06-20 22:45:06.468 [info]   Preparing metadata (pyproject.toml): finished with status 'done'
2025-06-20 22:45:06.705 [info] Collecting matplotlib (from -r c:\Projects\adm\App_Update\requirements.txt (line 1))
2025-06-20 22:45:06.708 [info]   Using cached matplotlib-3.10.3-cp310-cp310-win_amd64.whl.metadata (11 kB)
2025-06-20 22:45:06.867 [info] Collecting spacy (from -r c:\Projects\adm\App_Update\requirements.txt (line 2))
2025-06-20 22:45:06.869 [info]   Using cached spacy-3.8.7-cp310-cp310-win_amd64.whl.metadata (28 kB)
2025-06-20 22:45:06.946 [info] Collecting openpyxl==3.0.10 (from -r c:\Projects\adm\App_Update\requirements.txt (line 4))
2025-06-20 22:45:06.948 [info]   Using cached openpyxl-3.0.10-py2.py3-none-any.whl.metadata (2.4 kB)
2025-06-20 22:45:07.014 [info] Collecting pytest==6.2.5 (from -r c:\Projects\adm\App_Update\requirements.txt (line 5))
2025-06-20 22:45:07.017 [info]   Using cached pytest-6.2.5-py3-none-any.whl.metadata (7.5 kB)
2025-06-20 22:45:07.255 [info] Collecting numpy (from -r c:\Projects\adm\App_Update\requirements.txt (line 6))
2025-06-20 22:45:07.257 [info]   Using cached numpy-2.2.6-cp310-cp310-win_amd64.whl.metadata (60 kB)
2025-06-20 22:45:07.346 [info] Collecting transformers==4.11.3 (from -r c:\Projects\adm\App_Update\requirements.txt (line 7))
2025-06-20 22:45:07.349 [info]   Using cached transformers-4.11.3-py3-none-any.whl.metadata (53 kB)
2025-06-20 22:45:07.504 [info] Collecting fuzzywuzzy==0.18.0 (from -r c:\Projects\adm\App_Update\requirements.txt (line 8))
2025-06-20 22:45:07.506 [info]   Using cached fuzzywuzzy-0.18.0-py2.py3-none-any.whl.metadata (4.9 kB)
2025-06-20 22:45:07.880 [info] Collecting boto3 (from -r c:\Projects\adm\App_Update\requirements.txt (line 9))
2025-06-20 22:45:07.883 [info]   Using cached boto3-1.38.41-py3-none-any.whl.metadata (6.6 kB)
2025-06-20 22:45:07.950 [info] Collecting llama-cpp-python (from -r c:\Projects\adm\App_Update\requirements.txt (line 10))
2025-06-20 22:45:07.968 [info]   Using cached llama_cpp_python-0.3.9.tar.gz (67.9 MB)
2025-06-20 22:45:10.183 [info]   Installing build dependencies: started
2025-06-20 22:45:11.612 [info]   Installing build dependencies: finished with status 'done'
2025-06-20 22:45:11.614 [info]   Getting requirements to build wheel: started
2025-06-20 22:45:12.250 [info]   Getting requirements to build wheel: finished with status 'done'
2025-06-20 22:45:12.256 [info]   Installing backend dependencies: started
2025-06-20 22:45:15.714 [info]   Installing backend dependencies: finished with status 'done'
2025-06-20 22:45:15.717 [info]   Preparing metadata (pyproject.toml): started
2025-06-20 22:45:16.336 [info]   Preparing metadata (pyproject.toml): finished with status 'done'
2025-06-20 22:45:16.549 [info] Collecting setuptools==65.5.1 (from -r c:\Projects\adm\App_Update\requirements.txt (line 11))
2025-06-20 22:45:16.560 [info]   Using cached setuptools-65.5.1-py3-none-any.whl.metadata (6.3 kB)
2025-06-20 22:45:16.623 [info] Collecting wheel==0.37.1 (from -r c:\Projects\adm\App_Update\requirements.txt (line 12))
2025-06-20 22:45:16.643 [info]   Using cached wheel-0.37.1-py2.py3-none-any.whl.metadata (2.3 kB)
2025-06-20 22:45:16.710 [info] Collecting pip==22.0.4 (from -r c:\Projects\adm\App_Update\requirements.txt (line 13))
2025-06-20 22:45:16.736 [info]   Using cached pip-22.0.4-py3-none-any.whl.metadata (4.2 kB)
2025-06-20 22:45:16.750 [info] Collecting spacy (from -r c:\Projects\adm\App_Update\requirements.txt (line 2))
2025-06-20 22:45:16.754 [info]   Using cached spacy-3.0.9-cp310-cp310-win_amd64.whl.metadata (17 kB)
2025-06-20 22:45:16.823 [info] Collecting et-xmlfile (from openpyxl==3.0.10->-r c:\Projects\adm\App_Update\requirements.txt (line 4))
2025-06-20 22:45:16.827 [info]   Using cached et_xmlfile-2.0.0-py3-none-any.whl.metadata (2.7 kB)
2025-06-20 22:45:16.893 [info] Collecting attrs>=19.2.0 (from pytest==6.2.5->-r c:\Projects\adm\App_Update\requirements.txt (line 5))
2025-06-20 22:45:16.896 [info]   Using cached attrs-25.3.0-py3-none-any.whl.metadata (10 kB)
2025-06-20 22:45:16.967 [info] Collecting iniconfig (from pytest==6.2.5->-r c:\Projects\adm\App_Update\requirements.txt (line 5))
2025-06-20 22:45:16.970 [info]   Using cached iniconfig-2.1.0-py3-none-any.whl.metadata (2.7 kB)
2025-06-20 22:45:17.033 [info] Collecting packaging (from pytest==6.2.5->-r c:\Projects\adm\App_Update\requirements.txt (line 5))
2025-06-20 22:45:17.036 [info]   Using cached packaging-25.0-py3-none-any.whl.metadata (3.3 kB)
2025-06-20 22:45:17.084 [info] Collecting pluggy<2.0,>=0.12 (from pytest==6.2.5->-r c:\Projects\adm\App_Update\requirements.txt (line 5))
2025-06-20 22:45:17.088 [info]   Using cached pluggy-1.6.0-py3-none-any.whl.metadata (4.8 kB)
2025-06-20 22:45:17.154 [info] Collecting py>=1.8.2 (from pytest==6.2.5->-r c:\Projects\adm\App_Update\requirements.txt (line 5))
2025-06-20 22:45:17.157 [info]   Using cached py-1.11.0-py2.py3-none-any.whl.metadata (2.8 kB)
2025-06-20 22:45:17.216 [info] Collecting toml (from pytest==6.2.5->-r c:\Projects\adm\App_Update\requirements.txt (line 5))
2025-06-20 22:45:17.220 [info]   Using cached toml-0.10.2-py2.py3-none-any.whl.metadata (7.1 kB)
2025-06-20 22:45:17.276 [info] Collecting atomicwrites>=1.0 (from pytest==6.2.5->-r c:\Projects\adm\App_Update\requirements.txt (line 5))
2025-06-20 22:45:17.276 [info]   Using cached atomicwrites-1.4.1-py2.py3-none-any.whl
2025-06-20 22:45:17.363 [info] Collecting colorama (from pytest==6.2.5->-r c:\Projects\adm\App_Update\requirements.txt (line 5))
2025-06-20 22:45:17.366 [info]   Using cached colorama-0.4.6-py2.py3-none-any.whl.metadata (17 kB)
2025-06-20 22:45:17.438 [info] Collecting filelock (from transformers==4.11.3->-r c:\Projects\adm\App_Update\requirements.txt (line 7))
2025-06-20 22:45:17.442 [info]   Using cached filelock-3.18.0-py3-none-any.whl.metadata (2.9 kB)
2025-06-20 22:45:17.539 [info] Collecting huggingface-hub>=0.0.17 (from transformers==4.11.3->-r c:\Projects\adm\App_Update\requirements.txt (line 7))
2025-06-20 22:45:17.542 [info]   Using cached huggingface_hub-0.33.0-py3-none-any.whl.metadata (14 kB)
2025-06-20 22:45:17.795 [info] Collecting pyyaml>=5.1 (from transformers==4.11.3->-r c:\Projects\adm\App_Update\requirements.txt (line 7))
2025-06-20 22:45:17.798 [info]   Using cached PyYAML-6.0.2-cp310-cp310-win_amd64.whl.metadata (2.1 kB)
2025-06-20 22:45:18.281 [info] Collecting regex!=2019.12.17 (from transformers==4.11.3->-r c:\Projects\adm\App_Update\requirements.txt (line 7))
2025-06-20 22:45:18.285 [info]   Using cached regex-2024.11.6-cp310-cp310-win_amd64.whl.metadata (41 kB)
2025-06-20 22:45:18.365 [info] Collecting requests (from transformers==4.11.3->-r c:\Projects\adm\App_Update\requirements.txt (line 7))
2025-06-20 22:45:18.368 [info]   Using cached requests-2.32.4-py3-none-any.whl.metadata (4.9 kB)
2025-06-20 22:45:18.415 [info] Collecting sacremoses (from transformers==4.11.3->-r c:\Projects\adm\App_Update\requirements.txt (line 7))
2025-06-20 22:45:18.418 [info]   Using cached sacremoses-0.1.1-py3-none-any.whl.metadata (8.3 kB)
2025-06-20 22:45:18.639 [info] Collecting tokenizers<0.11,>=0.10.1 (from transformers==4.11.3->-r c:\Projects\adm\App_Update\requirements.txt (line 7))
2025-06-20 22:45:18.642 [info]   Using cached tokenizers-0.10.3.tar.gz (212 kB)
2025-06-20 22:45:18.786 [info]   Installing build dependencies: started
2025-06-20 22:45:20.267 [info]   Installing build dependencies: finished with status 'done'
2025-06-20 22:45:20.270 [info]   Getting requirements to build wheel: started
2025-06-20 22:45:21.445 [info]   Getting requirements to build wheel: finished with status 'done'
2025-06-20 22:45:21.450 [info]   Preparing metadata (pyproject.toml): started
2025-06-20 22:45:21.773 [info]   Preparing metadata (pyproject.toml): finished with status 'done'
2025-06-20 22:45:21.848 [info] Collecting tqdm>=4.27 (from transformers==4.11.3->-r c:\Projects\adm\App_Update\requirements.txt (line 7))
2025-06-20 22:45:21.850 [info]   Using cached tqdm-4.67.1-py3-none-any.whl.metadata (57 kB)
2025-06-20 22:45:21.924 [info] Collecting spacy-legacy<3.1.0,>=3.0.5 (from spacy->-r c:\Projects\adm\App_Update\requirements.txt (line 2))
2025-06-20 22:45:21.927 [info]   Using cached spacy_legacy-3.0.12-py2.py3-none-any.whl.metadata (2.8 kB)
2025-06-20 22:45:22.012 [info] Collecting murmurhash<1.1.0,>=0.28.0 (from spacy->-r c:\Projects\adm\App_Update\requirements.txt (line 2))
2025-06-20 22:45:22.015 [info]   Using cached murmurhash-1.0.13-cp310-cp310-win_amd64.whl.metadata (2.2 kB)
2025-06-20 22:45:22.077 [info] Collecting cymem<2.1.0,>=2.0.2 (from spacy->-r c:\Projects\adm\App_Update\requirements.txt (line 2))
2025-06-20 22:45:22.080 [info]   Using cached cymem-2.0.11-cp310-cp310-win_amd64.whl.metadata (8.8 kB)
2025-06-20 22:45:22.205 [info] Collecting preshed<3.1.0,>=3.0.2 (from spacy->-r c:\Projects\adm\App_Update\requirements.txt (line 2))
2025-06-20 22:45:22.208 [info]   Using cached preshed-3.0.10-cp310-cp310-win_amd64.whl.metadata (2.5 kB)
2025-06-20 22:45:22.389 [info] Collecting thinc<8.1.0,>=8.0.3 (from spacy->-r c:\Projects\adm\App_Update\requirements.txt (line 2))
2025-06-20 22:45:22.392 [info]   Using cached thinc-8.0.17-cp310-cp310-win_amd64.whl.metadata (14 kB)
2025-06-20 22:45:22.500 [info] Collecting blis<0.8.0,>=0.4.0 (from spacy->-r c:\Projects\adm\App_Update\requirements.txt (line 2))
2025-06-20 22:45:22.503 [info]   Using cached blis-0.7.11-cp310-cp310-win_amd64.whl.metadata (7.6 kB)
2025-06-20 22:45:22.548 [info] Collecting wasabi<1.1.0,>=0.8.1 (from spacy->-r c:\Projects\adm\App_Update\requirements.txt (line 2))
2025-06-20 22:45:22.552 [info]   Using cached wasabi-0.10.1-py3-none-any.whl.metadata (28 kB)
2025-06-20 22:45:22.641 [info] Collecting srsly<3.0.0,>=2.4.1 (from spacy->-r c:\Projects\adm\App_Update\requirements.txt (line 2))
2025-06-20 22:45:22.644 [info]   Using cached srsly-2.5.1-cp310-cp310-win_amd64.whl.metadata (20 kB)
2025-06-20 22:45:22.698 [info] Collecting catalogue<2.1.0,>=2.0.4 (from spacy->-r c:\Projects\adm\App_Update\requirements.txt (line 2))
2025-06-20 22:45:22.701 [info]   Using cached catalogue-2.0.10-py3-none-any.whl.metadata (14 kB)
2025-06-20 22:45:22.780 [info] Collecting typer<0.4.0,>=0.3.0 (from spacy->-r c:\Projects\adm\App_Update\requirements.txt (line 2))
2025-06-20 22:45:22.784 [info]   Using cached typer-0.3.2-py3-none-any.whl.metadata (12 kB)
2025-06-20 22:45:22.854 [info] Collecting pathy>=0.3.5 (from spacy->-r c:\Projects\adm\App_Update\requirements.txt (line 2))
2025-06-20 22:45:22.857 [info]   Using cached pathy-0.11.0-py3-none-any.whl.metadata (16 kB)
2025-06-20 22:45:22.922 [info] Collecting smart-open<7.0.0,>=5.2.1 (from spacy->-r c:\Projects\adm\App_Update\requirements.txt (line 2))
2025-06-20 22:45:22.925 [info]   Using cached smart_open-6.4.0-py3-none-any.whl.metadata (21 kB)
2025-06-20 22:45:23.157 [info] Collecting pydantic!=1.8,!=1.8.1,<1.9.0,>=1.7.4 (from spacy->-r c:\Projects\adm\App_Update\requirements.txt (line 2))
2025-06-20 22:45:23.160 [info]   Using cached pydantic-1.8.2-py3-none-any.whl.metadata (103 kB)
2025-06-20 22:45:23.224 [info] Collecting jinja2 (from spacy->-r c:\Projects\adm\App_Update\requirements.txt (line 2))
2025-06-20 22:45:23.227 [info]   Using cached jinja2-3.1.6-py3-none-any.whl.metadata (2.9 kB)
2025-06-20 22:45:23.317 [info] Collecting typing-extensions>=3.7.4.3 (from pydantic!=1.8,!=1.8.1,<1.9.0,>=1.7.4->spacy->-r c:\Projects\adm\App_Update\requirements.txt (line 2))
2025-06-20 22:45:23.320 [info]   Using cached typing_extensions-4.14.0-py3-none-any.whl.metadata (3.0 kB)
2025-06-20 22:45:23.441 [info] Collecting charset_normalizer<4,>=2 (from requests->transformers==4.11.3->-r c:\Projects\adm\App_Update\requirements.txt (line 7))
2025-06-20 22:45:23.445 [info]   Using cached charset_normalizer-3.4.2-cp310-cp310-win_amd64.whl.metadata (36 kB)
2025-06-20 22:45:23.501 [info] Collecting idna<4,>=2.5 (from requests->transformers==4.11.3->-r c:\Projects\adm\App_Update\requirements.txt (line 7))
2025-06-20 22:45:23.505 [info]   Using cached idna-3.10-py3-none-any.whl.metadata (10 kB)
2025-06-20 22:45:23.652 [info] Collecting urllib3<3,>=1.21.1 (from requests->transformers==4.11.3->-r c:\Projects\adm\App_Update\requirements.txt (line 7))
2025-06-20 22:45:23.655 [info]   Using cached urllib3-2.5.0-py3-none-any.whl.metadata (6.5 kB)
2025-06-20 22:45:23.710 [info] Collecting certifi>=2017.4.17 (from requests->transformers==4.11.3->-r c:\Projects\adm\App_Update\requirements.txt (line 7))
2025-06-20 22:45:23.713 [info]   Using cached certifi-2025.6.15-py3-none-any.whl.metadata (2.4 kB)
2025-06-20 22:45:23.841 [info] Collecting click<7.2.0,>=7.1.1 (from typer<0.4.0,>=0.3.0->spacy->-r c:\Projects\adm\App_Update\requirements.txt (line 2))
2025-06-20 22:45:23.844 [info]   Using cached click-7.1.2-py2.py3-none-any.whl.metadata (2.9 kB)
2025-06-20 22:45:23.984 [info] Collecting contourpy>=1.0.1 (from matplotlib->-r c:\Projects\adm\App_Update\requirements.txt (line 1))
2025-06-20 22:45:23.986 [info]   Using cached contourpy-1.3.2-cp310-cp310-win_amd64.whl.metadata (5.5 kB)
2025-06-20 22:45:24.035 [info] Collecting cycler>=0.10 (from matplotlib->-r c:\Projects\adm\App_Update\requirements.txt (line 1))
2025-06-20 22:45:24.038 [info]   Using cached cycler-0.12.1-py3-none-any.whl.metadata (3.8 kB)
2025-06-20 22:45:24.228 [info] Collecting fonttools>=4.22.0 (from matplotlib->-r c:\Projects\adm\App_Update\requirements.txt (line 1))
2025-06-20 22:45:24.231 [info]   Using cached fonttools-4.58.4-cp310-cp310-win_amd64.whl.metadata (108 kB)
2025-06-20 22:45:24.387 [info] Collecting kiwisolver>=1.3.1 (from matplotlib->-r c:\Projects\adm\App_Update\requirements.txt (line 1))
2025-06-20 22:45:24.390 [info]   Using cached kiwisolver-1.4.8-cp310-cp310-win_amd64.whl.metadata (6.3 kB)
2025-06-20 22:45:24.605 [info] Collecting pillow>=8 (from matplotlib->-r c:\Projects\adm\App_Update\requirements.txt (line 1))
2025-06-20 22:45:24.608 [info]   Using cached pillow-11.2.1-cp310-cp310-win_amd64.whl.metadata (9.1 kB)
2025-06-20 22:45:24.687 [info] Collecting pyparsing>=2.3.1 (from matplotlib->-r c:\Projects\adm\App_Update\requirements.txt (line 1))
2025-06-20 22:45:24.690 [info]   Using cached pyparsing-3.2.3-py3-none-any.whl.metadata (5.0 kB)
2025-06-20 22:45:24.734 [info] Collecting python-dateutil>=2.7 (from matplotlib->-r c:\Projects\adm\App_Update\requirements.txt (line 1))
2025-06-20 22:45:24.736 [info]   Using cached python_dateutil-2.9.0.post0-py2.py3-none-any.whl.metadata (8.4 kB)
2025-06-20 22:45:25.253 [info] Collecting botocore<1.39.0,>=1.38.41 (from boto3->-r c:\Projects\adm\App_Update\requirements.txt (line 9))
2025-06-20 22:45:25.256 [info]   Using cached botocore-1.38.41-py3-none-any.whl.metadata (5.7 kB)
2025-06-20 22:45:25.303 [info] Collecting jmespath<2.0.0,>=0.7.1 (from boto3->-r c:\Projects\adm\App_Update\requirements.txt (line 9))
2025-06-20 22:45:25.306 [info]   Using cached jmespath-1.0.1-py3-none-any.whl.metadata (7.6 kB)
2025-06-20 22:45:25.363 [info] Collecting s3transfer<0.14.0,>=0.13.0 (from boto3->-r c:\Projects\adm\App_Update\requirements.txt (line 9))
2025-06-20 22:45:25.367 [info]   Using cached s3transfer-0.13.0-py3-none-any.whl.metadata (1.7 kB)
2025-06-20 22:45:25.435 [info] Collecting six>=1.5 (from python-dateutil>=2.7->matplotlib->-r c:\Projects\adm\App_Update\requirements.txt (line 1))
2025-06-20 22:45:25.438 [info]   Using cached six-1.17.0-py2.py3-none-any.whl.metadata (1.7 kB)
2025-06-20 22:45:25.750 [info] Collecting diskcache>=5.6.1 (from llama-cpp-python->-r c:\Projects\adm\App_Update\requirements.txt (line 10))
2025-06-20 22:45:25.772 [info]   Using cached diskcache-5.6.3-py3-none-any.whl.metadata (20 kB)
2025-06-20 22:45:25.863 [info] Collecting fsspec>=2023.5.0 (from huggingface-hub>=0.0.17->transformers==4.11.3->-r c:\Projects\adm\App_Update\requirements.txt (line 7))
2025-06-20 22:45:25.866 [info]   Using cached fsspec-2025.5.1-py3-none-any.whl.metadata (11 kB)
2025-06-20 22:45:26.028 [info] Collecting MarkupSafe>=2.0 (from jinja2->spacy->-r c:\Projects\adm\App_Update\requirements.txt (line 2))
2025-06-20 22:45:26.031 [info]   Using cached MarkupSafe-3.0.2-cp310-cp310-win_amd64.whl.metadata (4.1 kB)
2025-06-20 22:45:26.101 [info] Collecting pathlib-abc==0.1.1 (from pathy>=0.3.5->spacy->-r c:\Projects\adm\App_Update\requirements.txt (line 2))
2025-06-20 22:45:26.103 [info]   Using cached pathlib_abc-0.1.1-py3-none-any.whl.metadata (18 kB)
2025-06-20 22:45:26.206 [info] Collecting joblib (from sacremoses->transformers==4.11.3->-r c:\Projects\adm\App_Update\requirements.txt (line 7))
2025-06-20 22:45:26.209 [info]   Using cached joblib-1.5.1-py3-none-any.whl.metadata (5.6 kB)
2025-06-20 22:45:26.224 [info] Using cached openpyxl-3.0.10-py2.py3-none-any.whl (242 kB)
2025-06-20 22:45:26.227 [info] Using cached pytest-6.2.5-py3-none-any.whl (280 kB)
2025-06-20 22:45:26.230 [info] Using cached transformers-4.11.3-py3-none-any.whl (2.9 MB)
2025-06-20 22:45:26.235 [info] Using cached fuzzywuzzy-0.18.0-py2.py3-none-any.whl (18 kB)
2025-06-20 22:45:26.257 [info] Using cached setuptools-65.5.1-py3-none-any.whl (1.2 MB)
2025-06-20 22:45:26.280 [info] Using cached wheel-0.37.1-py2.py3-none-any.whl (35 kB)
2025-06-20 22:45:26.302 [info] Using cached pip-22.0.4-py3-none-any.whl (2.1 MB)
2025-06-20 22:45:26.307 [info] Using cached spacy-3.0.9-cp310-cp310-win_amd64.whl (11.1 MB)
2025-06-20 22:45:26.318 [info] Using cached blis-0.7.11-cp310-cp310-win_amd64.whl (6.6 MB)
2025-06-20 22:45:26.325 [info] Using cached catalogue-2.0.10-py3-none-any.whl (17 kB)
2025-06-20 22:45:26.327 [info] Using cached cymem-2.0.11-cp310-cp310-win_amd64.whl (39 kB)
2025-06-20 22:45:26.330 [info] Using cached murmurhash-1.0.13-cp310-cp310-win_amd64.whl (24 kB)
2025-06-20 22:45:26.333 [info] Using cached pluggy-1.6.0-py3-none-any.whl (20 kB)
2025-06-20 22:45:26.334 [info] Using cached preshed-3.0.10-cp310-cp310-win_amd64.whl (117 kB)
2025-06-20 22:45:26.337 [info] Using cached pydantic-1.8.2-py3-none-any.whl (126 kB)
2025-06-20 22:45:26.340 [info] Using cached requests-2.32.4-py3-none-any.whl (64 kB)
2025-06-20 22:45:26.344 [info] Using cached charset_normalizer-3.4.2-cp310-cp310-win_amd64.whl (105 kB)
2025-06-20 22:45:26.346 [info] Using cached idna-3.10-py3-none-any.whl (70 kB)
2025-06-20 22:45:26.350 [info] Using cached smart_open-6.4.0-py3-none-any.whl (57 kB)
2025-06-20 22:45:26.353 [info] Using cached spacy_legacy-3.0.12-py2.py3-none-any.whl (29 kB)
2025-06-20 22:45:26.357 [info] Using cached srsly-2.5.1-cp310-cp310-win_amd64.whl (632 kB)
2025-06-20 22:45:26.361 [info] Using cached thinc-8.0.17-cp310-cp310-win_amd64.whl (1.0 MB)
2025-06-20 22:45:26.365 [info] Using cached tqdm-4.67.1-py3-none-any.whl (78 kB)
2025-06-20 22:45:26.367 [info] Using cached typer-0.3.2-py3-none-any.whl (21 kB)
2025-06-20 22:45:26.370 [info] Using cached click-7.1.2-py2.py3-none-any.whl (82 kB)
2025-06-20 22:45:26.372 [info] Using cached urllib3-2.5.0-py3-none-any.whl (129 kB)
2025-06-20 22:45:26.375 [info] Using cached wasabi-0.10.1-py3-none-any.whl (26 kB)
2025-06-20 22:45:26.377 [info] Using cached matplotlib-3.10.3-cp310-cp310-win_amd64.whl (8.1 MB)
2025-06-20 22:45:26.386 [info] Using cached numpy-2.2.6-cp310-cp310-win_amd64.whl (12.9 MB)
2025-06-20 22:45:26.399 [info] Using cached boto3-1.38.41-py3-none-any.whl (139 kB)
2025-06-20 22:45:26.401 [info] Using cached botocore-1.38.41-py3-none-any.whl (13.7 MB)
2025-06-20 22:45:26.417 [info] Using cached jmespath-1.0.1-py3-none-any.whl (20 kB)
2025-06-20 22:45:26.420 [info] Using cached python_dateutil-2.9.0.post0-py2.py3-none-any.whl (229 kB)
2025-06-20 22:45:26.424 [info] Using cached s3transfer-0.13.0-py3-none-any.whl (85 kB)
2025-06-20 22:45:26.427 [info] Using cached attrs-25.3.0-py3-none-any.whl (63 kB)
2025-06-20 22:45:26.430 [info] Using cached certifi-2025.6.15-py3-none-any.whl (157 kB)
2025-06-20 22:45:26.434 [info] Using cached contourpy-1.3.2-cp310-cp310-win_amd64.whl (221 kB)
2025-06-20 22:45:26.437 [info] Using cached cycler-0.12.1-py3-none-any.whl (8.3 kB)
2025-06-20 22:45:26.471 [info] Using cached diskcache-5.6.3-py3-none-any.whl (45 kB)
2025-06-20 22:45:26.474 [info] Using cached fonttools-4.58.4-cp310-cp310-win_amd64.whl (2.2 MB)
2025-06-20 22:45:26.479 [info] Using cached huggingface_hub-0.33.0-py3-none-any.whl (514 kB)
2025-06-20 22:45:26.483 [info] Using cached fsspec-2025.5.1-py3-none-any.whl (199 kB)
2025-06-20 22:45:26.486 [info] Using cached jinja2-3.1.6-py3-none-any.whl (134 kB)
2025-06-20 22:45:26.488 [info] Using cached kiwisolver-1.4.8-cp310-cp310-win_amd64.whl (71 kB)
2025-06-20 22:45:26.491 [info] Using cached MarkupSafe-3.0.2-cp310-cp310-win_amd64.whl (15 kB)
2025-06-20 22:45:26.493 [info] Using cached packaging-25.0-py3-none-any.whl (66 kB)
2025-06-20 22:45:26.495 [info] Using cached pathy-0.11.0-py3-none-any.whl (47 kB)
2025-06-20 22:45:26.498 [info] Using cached pathlib_abc-0.1.1-py3-none-any.whl (23 kB)
2025-06-20 22:45:26.501 [info] Using cached pillow-11.2.1-cp310-cp310-win_amd64.whl (2.7 MB)
2025-06-20 22:45:26.505 [info] Using cached py-1.11.0-py2.py3-none-any.whl (98 kB)
2025-06-20 22:45:26.509 [info] Using cached pyparsing-3.2.3-py3-none-any.whl (111 kB)
2025-06-20 22:45:26.511 [info] Using cached PyYAML-6.0.2-cp310-cp310-win_amd64.whl (161 kB)
2025-06-20 22:45:26.514 [info] Using cached regex-2024.11.6-cp310-cp310-win_amd64.whl (274 kB)
2025-06-20 22:45:26.517 [info] Using cached six-1.17.0-py2.py3-none-any.whl (11 kB)
2025-06-20 22:45:26.519 [info] Using cached typing_extensions-4.14.0-py3-none-any.whl (43 kB)
2025-06-20 22:45:26.522 [info] Using cached colorama-0.4.6-py2.py3-none-any.whl (25 kB)
2025-06-20 22:45:26.525 [info] Using cached et_xmlfile-2.0.0-py3-none-any.whl (18 kB)
2025-06-20 22:45:26.529 [info] Using cached filelock-3.18.0-py3-none-any.whl (16 kB)
2025-06-20 22:45:26.532 [info] Using cached iniconfig-2.1.0-py3-none-any.whl (6.0 kB)
2025-06-20 22:45:26.535 [info] Using cached sacremoses-0.1.1-py3-none-any.whl (897 kB)
2025-06-20 22:45:26.538 [info] Using cached joblib-1.5.1-py3-none-any.whl (307 kB)
2025-06-20 22:45:26.542 [info] Using cached toml-0.10.2-py2.py3-none-any.whl (16 kB)
2025-06-20 22:45:27.436 [info] Building wheels for collected packages: en_core_web_sm, tokenizers, llama-cpp-python
2025-06-20 22:45:27.439 [info]   Building wheel for en_core_web_sm (pyproject.toml): started
2025-06-20 22:45:29.133 [info]   Building wheel for en_core_web_sm (pyproject.toml): finished with status 'done'
2025-06-20 22:45:29.174 [info]   Created wheel for en_core_web_sm: filename=en_core_web_sm-3.0.0-py3-none-any.whl size=13704376 sha256=6b4eae2463eb7e4d3b1a00613ec64cbbf9c0cdc066227b1845d903879601119d
2025-06-20 22:45:29.174 [info]   Stored in directory: c:\users\ryanm\appdata\local\pip\cache\wheels\02\71\33\ba353e928efc99d80cd9a851dfcfb11fab8a04839fc4e63088
2025-06-20 22:45:29.198 [info]   Building wheel for tokenizers (pyproject.toml): started
2025-06-20 22:45:29.670 [info]   Building wheel for tokenizers (pyproject.toml): finished with status 'error'
2025-06-20 22:45:29.678 [info]   error: subprocess-exited-with-error
2025-06-20 22:45:29.678 [info]   
  × Building wheel for tokenizers (pyproject.toml) did not run successfully.
  │ exit code: 1
  ╰─> [62 lines of output]
      C:\Users\ryanm\AppData\Local\Temp\pip-build-env-uyz3uwsn\overlay\Lib\site-packages\setuptools\dist.py:759: SetuptoolsDeprecationWarning: License classifiers are deprecated.
      !!
      
              ********************************************************************************
              Please consider removing the following classifiers in favor of a SPDX license expression:
      
              License :: OSI Approved :: Apache Software License
      
              See https://packaging.python.org/en/latest/guides/writing-pyproject-toml/#license for details.
              ********************************************************************************
      
      !!
        self._finalize_license_expression()
      running bdist_wheel
      running build
      running build_py
      creating build\lib.win-amd64-cpython-310\tokenizers
      copying py_src\tokenizers\__init__.py -> build\lib.win-amd64-cpython-310\tokenizers
      creating build\lib.win-amd64-cpython-310\tokenizers\models
      copying py_src\tokenizers\models\__init__.py -> build\lib.win-amd64-cpython-310\tokenizers\models
      creating build\lib.win-amd64-cpython-310\tokenizers\decoders
      copying py_src\tokenizers\decoders\__init__.py -> build\lib.win-amd64-cpython-310\tokenizers\decoders
      creating build\lib.win-amd64-cpython-310\tokenizers\normalizers
      copying py_src\tokenizers\normalizers\__init__.py -> build\lib.win-amd64-cpython-310\tokenizers\normalizers
      creating build\lib.win-amd64-cpython-310\tokenizers\pre_tokenizers
      copying py_src\tokenizers\pre_tokenizers\__init__.py -> build\lib.win-amd64-cpython-310\tokenizers\pre_tokenizers
      creating build\lib.win-amd64-cpython-310\tokenizers\processors
      copying py_src\tokenizers\processors\__init__.py -> build\lib.win-amd64-cpython-310\tokenizers\processors
2025-06-20 22:45:29.679 [info]     creating build\lib.win-amd64-cpython-310\tokenizers\trainers
      copying py_src\tokenizers\trainers\__init__.py -> build\lib.win-amd64-cpython-310\tokenizers\trainers
      creating build\lib.win-amd64-cpython-310\tokenizers\implementations
      copying py_src\tokenizers\implementations\base_tokenizer.py -> build\lib.win-amd64-cpython-310\tokenizers\implementations
      copying py_src\tokenizers\implementations\bert_wordpiece.py -> build\lib.win-amd64-cpython-310\tokenizers\implementations
      copying py_src\tokenizers\implementations\byte_level_bpe.py -> build\lib.win-amd64-cpython-310\tokenizers\implementations
      copying py_src\tokenizers\implementations\char_level_bpe.py -> build\lib.win-amd64-cpython-310\tokenizers\implementations
      copying py_src\tokenizers\implementations\sentencepiece_bpe.py -> build\lib.win-amd64-cpython-310\tokenizers\implementations
      copying py_src\tokenizers\implementations\sentencepiece_unigram.py -> build\lib.win-amd64-cpython-310\tokenizers\implementations
      copying py_src\tokenizers\implementations\__init__.py -> build\lib.win-amd64-cpython-310\tokenizers\implementations
      creating build\lib.win-amd64-cpython-310\tokenizers\tools
      copying py_src\tokenizers\tools\visualizer.py -> build\lib.win-amd64-cpython-310\tokenizers\tools
      copying py_src\tokenizers\tools\__init__.py -> build\lib.win-amd64-cpython-310\tokenizers\tools
      copying py_src\tokenizers\__init__.pyi -> build\lib.win-amd64-cpython-310\tokenizers
      copying py_src\tokenizers\models\__init__.pyi -> build\lib.win-amd64-cpython-310\tokenizers\models
      copying py_src\tokenizers\decoders\__init__.pyi -> build\lib.win-amd64-cpython-310\tokenizers\decoders
      copying py_src\tokenizers\normalizers\__init__.pyi -> build\lib.win-amd64-cpython-310\tokenizers\normalizers
      copying py_src\tokenizers\pre_tokenizers\__init__.pyi -> build\lib.win-amd64-cpython-310\tokenizers\pre_tokenizers
2025-06-20 22:45:29.679 [info]     copying py_src\tokenizers\processors\__init__.pyi -> build\lib.win-amd64-cpython-310\tokenizers\processors
      copying py_src\tokenizers\trainers\__init__.pyi -> build\lib.win-amd64-cpython-310\tokenizers\trainers
      copying py_src\tokenizers\tools\visualizer-styles.css -> build\lib.win-amd64-cpython-310\tokenizers\tools
      running build_ext
      running build_rust
      error: can't find Rust compiler
      
      If you are using an outdated pip version, it is possible a prebuilt wheel is available for this package but pip is not able to install from it. Installing from the wheel would avoid the need for a Rust compiler.
      
      To update pip, run:
      
          pip install --upgrade pip
      
      and then retry package installation.
2025-06-20 22:45:29.679 [info]       If you did intend to build this package from source, try installing a Rust compiler from your system package manager and ensure it is on the PATH during installation. Alternatively, rustup (available at https://rustup.rs) is the recommended way to download and update the Rust compiler toolchain.
      [end of output]
  
  note: This error originates from a subprocess, and is likely not a problem with pip.
2025-06-20 22:45:29.680 [info]   ERROR: Failed building wheel for tokenizers
2025-06-20 22:45:29.684 [info]   Building wheel for llama-cpp-python (pyproject.toml): started
2025-06-20 22:47:09.536 [info]   Building wheel for llama-cpp-python (pyproject.toml): still running...
2025-06-20 22:47:54.926 [info]   Building wheel for llama-cpp-python (pyproject.toml): finished with status 'done'
2025-06-20 22:47:54.948 [info]   Created wheel for llama-cpp-python: filename=llama_cpp_python-0.3.9-cp310-cp310-win_amd64.whl size=3367857 sha256=ebeff1a58db0f286cb0484d02be88d5ac0b7ad1941c281e9fa5172b2195159bd
2025-06-20 22:47:54.948 [info]   Stored in directory: c:\users\ryanm\appdata\local\pip\cache\wheels\e2\91\0a\79c7b44fab10c7222ec91bd97fd7f6708beba84d5934228a80
2025-06-20 22:47:54.953 [info] Successfully built en_core_web_sm llama-cpp-python
2025-06-20 22:47:54.953 [info] Failed to build tokenizers
2025-06-20 22:47:54.955 [info] ERROR: Failed to build installable wheels for some pyproject.toml based projects (tokenizers)
2025-06-20 22:47:57.355 [info] Traceback (most recent call last):
  File "c:\Users\ryanm\.vscode\extensions\ms-python.python-2025.8.0-win32-x64\python_files\create_venv.py", line 96, in run_process
2025-06-20 22:47:57.355 [info]     subprocess.run(args, cwd=os.getcwd(), check=True)  # noqa: PTH109
  File "C:\Program Files\Python310\lib\subprocess.py", line 524, in run
2025-06-20 22:47:57.355 [info]     raise CalledProcessError(retcode, process.args,
subprocess.CalledProcessError: Command '['c:\\Projects\\adm\\App_Update\\.venv\\Scripts\\python.exe', '-m', 'pip', 'install', '-r', 'c:\\Projects\\adm\\App_Update\\requirements.txt']' returned non-zero exit status 1.

The above exception was the direct cause of the following exception:

Traceback (most recent call last):
2025-06-20 22:47:57.355 [info]   File "c:\Users\ryanm\.vscode\extensions\ms-python.python-2025.8.0-win32-x64\python_files\create_venv.py", line 271, in <module>
2025-06-20 22:47:57.355 [info]     main(sys.argv[1:])
  File "c:\Users\ryanm\.vscode\extensions\ms-python.python-2025.8.0-win32-x64\python_files\create_venv.py", line 263, in main
2025-06-20 22:47:57.355 [info]     install_requirements(venv_path, requirements)
  File "c:\Users\ryanm\.vscode\extensions\ms-python.python-2025.8.0-win32-x64\python_files\create_venv.py", line 125, in install_requirements
2025-06-20 22:47:57.356 [info]     run_process(
  File "c:\Users\ryanm\.vscode\extensions\ms-python.python-2025.8.0-win32-x64\python_files\create_venv.py", line 98, in run_process
2025-06-20 22:47:57.356 [info]     raise VenvError(error_message) from exc
__main__.VenvError: CREATE_VENV.PIP_FAILED_INSTALL_REQUIREMENTS
2025-06-20 22:47:57.365 [error] Error while running venv creation script:  CREATE_VENV.PIP_FAILED_INSTALL_REQUIREMENTS
2025-06-20 22:47:57.366 [error] CREATE_VENV.PIP_FAILED_INSTALL_REQUIREMENTS
