2025-06-20 22:21:51.260 [info] Experiment 'pythonRecommendTensorboardExt' is active
2025-06-20 22:21:51.260 [info] Experiment 'pythonTerminalEnvVarActivation' is active
2025-06-20 22:21:51.260 [warning] Dir "c:\Projects\adm\App_Update\.pixi\envs" is not watchable (directory does not exist)
2025-06-20 22:21:51.260 [warning] Dir "c:\Projects\adm\App_Update\.conda\.pixi\envs" is not watchable (directory does not exist)
2025-06-20 22:21:51.260 [warning] Dir "c:\Projects\adm\App_Update\.ebextensions\.pixi\envs" is not watchable (directory does not exist)
2025-06-20 22:21:51.260 [warning] Dir "c:\Projects\adm\App_Update\.elasticbeanstalk\.pixi\envs" is not watchable (directory does not exist)
2025-06-20 22:21:51.260 [warning] Dir "c:\Projects\adm\App_Update\.venv\.pixi\envs" is not watchable (directory does not exist)
2025-06-20 22:21:51.261 [warning] Dir "c:\Projects\adm\App_Update\clean-env\.pixi\envs" is not watchable (directory does not exist)
2025-06-20 22:21:51.261 [warning] Dir "c:\Projects\adm\App_Update\Config\.pixi\envs" is not watchable (directory does not exist)
2025-06-20 22:21:51.261 [warning] Dir "c:\Projects\adm\App_Update\Data_Intake\.pixi\envs" is not watchable (directory does not exist)
2025-06-20 22:21:51.261 [warning] Dir "c:\Projects\adm\App_Update\Data_Intake\__pycache__\.pixi\envs" is not watchable (directory does not exist)
2025-06-20 22:21:51.261 [warning] Dir "c:\Projects\adm\App_Update\Integration\.pixi\envs" is not watchable (directory does not exist)
2025-06-20 22:21:51.261 [warning] Dir "c:\Projects\adm\App_Update\modeling\.pixi\envs" is not watchable (directory does not exist)
2025-06-20 22:21:51.261 [warning] Dir "c:\Projects\adm\App_Update\modeling\__pycache__\.pixi\envs" is not watchable (directory does not exist)
2025-06-20 22:21:51.261 [warning] Dir "c:\Projects\adm\App_Update\new-env\.pixi\envs" is not watchable (directory does not exist)
2025-06-20 22:21:51.261 [warning] Dir "c:\Projects\adm\App_Update\output\.pixi\envs" is not watchable (directory does not exist)
2025-06-20 22:21:51.261 [warning] Dir "c:\Projects\adm\App_Update\preprocessing\.pixi\envs" is not watchable (directory does not exist)
2025-06-20 22:21:51.261 [warning] Dir "c:\Projects\adm\App_Update\Purhcase_handler\.pixi\envs" is not watchable (directory does not exist)
2025-06-20 22:21:51.261 [warning] Dir "c:\Projects\adm\App_Update\ui\.pixi\envs" is not watchable (directory does not exist)
2025-06-20 22:21:51.261 [info] Running installed packages checker:  {
  id: 'C:\\USERS\\RYANM\\APPDATA\\LOCAL\\MICROSOFT\\WINDOWSAPPS\\PYTHON3.13.EXE',
  sysPrefix: 'C:\\Program Files\\WindowsApps\\PythonSoftwareFoundation.Python.3.13_3.13.1520.0_x64__qbz5n2kfra8p0',
  envType: 'MicrosoftStore',
  envName: '',
  envPath: '',
  path: 'C:\\Users\\ryanm\\AppData\\Local\\Microsoft\\WindowsApps\\python3.13.exe',
  architecture: 3,
  sysVersion: '3.13.5 (tags/v3.13.5:6cb20a2, Jun 11 2025, 16:15:46) [MSC v.1943 64 bit (AMD64)]',
  version: {
    raw: '3.13.5',
    major: 3,
    minor: 13,
    patch: 5,
    build: [],
    prerelease: [ 'final', '0' ]
  },
  companyDisplayName: 'Microsoft',
  displayName: 'Python 3.13.5 64-bit (Microsoft Store)',
  detailedDisplayName: 'Python 3.13.5 64-bit (Microsoft Store)',
  type: undefined
} c:\Users\ryanm\.vscode\extensions\ms-python.python-2025.8.0-win32-x64\python_files\installed_check.py c:\Projects\adm\App_Update\requirements.txt
2025-06-20 22:21:51.261 [info] > ~\AppData\Local\Microsoft\WindowsApps\python3.13.exe ~\.vscode\extensions\ms-python.python-2025.8.0-win32-x64\python_files\installed_check.py c:\Projects\adm\App_Update\requirements.txt
2025-06-20 22:21:51.261 [info] Python interpreter path: ~\AppData\Local\Microsoft\WindowsApps\python3.13.exe
2025-06-20 22:21:51.272 [info] > pyenv which python
2025-06-20 22:21:51.272 [info] cwd: c:\Projects\adm\App_Update
2025-06-20 22:21:55.470 [info] > & c:/Projects/adm/App_Update/.venv/Scripts/Activate.ps1 ; echo 'e8b39361-0157-4923-80e1-22d70d46dee6' ; python ~/.vscode/extensions/ms-python.python-2025.8.0-win32-x64/python_files/printEnvVariables.py
2025-06-20 22:21:55.470 [info] shell: powershell
2025-06-20 22:21:56.153 [warning] Got env variables but with errors & : File C:\Projects\adm\App_Update\.venv\Scripts\Activate.ps1 cannot be loaded because running scripts is disabled on 
this system. For more information, see about_Execution_Policies at https:/go.microsoft.com/fwlink/?LinkID=135170.
At line:1 char:3
+ & c:/Projects/adm/App_Update/.venv/Scripts/Activate.ps1 ; echo 'e8b39 ...
+   ~~~~~~~~~~~~~~~~~~~~~~~~~~~~~~~~~~~~~~~~~~~~~~~~~~~~~
    + CategoryInfo          : SecurityError: (:) [], PSSecurityException
    + FullyQualifiedErrorId : UnauthorizedAccess
 {
  ALLUSERSPROFILE: 'C:\\ProgramData',
  APPDATA: 'C:\\Users\\ryanm\\AppData\\Roaming',
  CHROME_CRASHPAD_PIPE_NAME: '\\\\.\\pipe\\crashpad_12808_SNLUCEJEZHVRPRJX',
  COMMONPROGRAMFILES: 'C:\\Program Files\\Common Files',
  'COMMONPROGRAMFILES(X86)': 'C:\\Program Files (x86)\\Common Files',
  COMMONPROGRAMW6432: 'C:\\Program Files\\Common Files',
  COMPUTERNAME: 'HOME-PC',
  COMSPEC: 'C:\\WINDOWS\\system32\\cmd.exe',
  DRIVERDATA: 'C:\\Windows\\System32\\Drivers\\DriverData',
  ELECTRON_RUN_AS_NODE: '1',
  HOMEDRIVE: 'C:',
  HOMEPATH: '\\Users\\ryanm',
  LOCALAPPDATA: 'C:\\Users\\ryanm\\AppData\\Local',
  LOGONSERVER: '\\\\HOME-PC',
  NUMBER_OF_PROCESSORS: '16',
  ONEDRIVE: 'C:\\Users\\ryanm\\OneDrive',
  ONEDRIVECONSUMER: 'C:\\Users\\ryanm\\OneDrive',
  ORIGINAL_XDG_CURRENT_DESKTOP: 'undefined',
  OS: 'Windows_NT',
  PATH: 'C:\\Program Files\\Python311\\Scripts\\;C:\\Program Files\\Python311\\;C:\\Program Files\\Python310\\Scripts\\;C:\\Program Files\\Python310\\;C:\\WINDOWS\\system32;C:\\WINDOWS;C:\\WINDOWS\\System32\\Wbem;C:\\WINDOWS\\System32\\WindowsPowerShell\\v1.0\\;C:\\WINDOWS\\System32\\OpenSSH\\;C:\\Program Files (x86)\\NVIDIA Corporation\\PhysX\\Common;C:\\Program Files\\dotnet\\;C:\\Program Files\\Git\\cmd;C:\\Program Files\\Docker\\Docker\\resources\\bin;C:\\Users\\ryanm\\AppData\\Local\\Microsoft\\WindowsApps;C:\\Users\\ryanm\\AppData\\Local\\Programs\\Microsoft VS Code\\bin',
  PATHEXT: '.COM;.EXE;.BAT;.CMD;.VBS;.VBE;.JS;.JSE;.WSF;.WSH;.MSC;.PY;.PYW;.CPL',
  PROCESSOR_ARCHITECTURE: 'AMD64',
  PROCESSOR_IDENTIFIER: 'AMD64 Family 23 Model 113 Stepping 0, AuthenticAMD',
  PROCESSOR_LEVEL: '23',
  PROCESSOR_REVISION: '7100',
  PROGRAMDATA: 'C:\\ProgramData',
  PROGRAMFILES: 'C:\\Program Files',
  'PROGRAMFILES(X86)': 'C:\\Program Files (x86)',
  PROGRAMW6432: 'C:\\Program Files',
  PSMODULEPATH: 'C:\\Users\\ryanm\\Documents\\WindowsPowerShell\\Modules;C:\\Program Files\\WindowsPowerShell\\Modules;C:\\WINDOWS\\system32\\WindowsPowerShell\\v1.0\\Modules',
  PUBLIC: 'C:\\Users\\Public',
  PYTHONIOENCODING: 'utf-8',
  PYTHONUNBUFFERED: '1',
  PYTHONWARNINGS: 'ignore',
  SYSTEMDRIVE: 'C:',
  SYSTEMROOT: 'C:\\WINDOWS',
  TEMP: 'C:\\Users\\ryanm\\AppData\\Local\\Temp',
  TMP: 'C:\\Users\\ryanm\\AppData\\Local\\Temp',
  USERDOMAIN: 'HOME-PC',
  USERDOMAIN_ROAMINGPROFILE: 'HOME-PC',
  USERNAME: 'ryanm',
  USERPROFILE: 'C:\\Users\\ryanm',
  VSCODE_CODE_CACHE_PATH: 'C:\\Users\\ryanm\\AppData\\Roaming\\Code\\CachedData\\18e3a1ec544e6907be1e944a94c496e302073435',
  VSCODE_CRASH_REPORTER_PROCESS_TYPE: 'extensionHost',
  VSCODE_CWD: 'C:\\Users\\ryanm\\AppData\\Local\\Programs\\Microsoft VS Code',
  VSCODE_ESM_ENTRYPOINT: 'vs/workbench/api/node/extensionHostProcess',
  VSCODE_HANDLES_UNCAUGHT_ERRORS: 'true',
  VSCODE_IPC_HOOK: '\\\\.\\pipe\\5284b59d-1.101.1-main-sock',
  VSCODE_NLS_CONFIG: '{"userLocale":"en-us","osLocale":"en-us","resolvedLanguage":"en","defaultMessagesFile":"C:\\\\Users\\\\ryanm\\\\AppData\\\\Local\\\\Programs\\\\Microsoft VS Code\\\\resources\\\\app\\\\out\\\\nls.messages.json","locale":"en-us","availableLanguages":{}}',
  VSCODE_PID: '12808',
  WINDIR: 'C:\\WINDOWS'
}
2025-06-20 22:21:56.153 [error] getActivatedEnvironmentVariables Error: Skipping returned result when powershell execution is disabled, stderr & : File C:\Projects\adm\App_Update\.venv\Scripts\Activate.ps1 cannot be loaded because running scripts is disabled on 
this system. For more information, see about_Execution_Policies at https:/go.microsoft.com/fwlink/?LinkID=135170.
At line:1 char:3
+ & c:/Projects/adm/App_Update/.venv/Scripts/Activate.ps1 ; echo 'e8b39 ...
+   ~~~~~~~~~~~~~~~~~~~~~~~~~~~~~~~~~~~~~~~~~~~~~~~~~~~~~
    + CategoryInfo          : SecurityError: (:) [], PSSecurityException
    + FullyQualifiedErrorId : UnauthorizedAccess
 for & c:/Projects/adm/App_Update/.venv/Scripts/Activate.ps1 ; echo 'e8b39361-0157-4923-80e1-22d70d46dee6' ; python c:/Users/ryanm/.vscode/extensions/ms-python.python-2025.8.0-win32-x64/python_files/printEnvVariables.py
    at M.getActivatedEnvironmentVariablesImpl (c:\Users\ryanm\.vscode\extensions\ms-python.python-2025.8.0-win32-x64\out\client\extension.js:2:486603)
    at processTicksAndRejections (node:internal/process/task_queues:105:5)
2025-06-20 22:21:56.166 [info] > c:/Projects/adm/App_Update/.venv/Scripts/activate.bat && echo 'e8b39361-0157-4923-80e1-22d70d46dee6' && python ~/.vscode/extensions/ms-python.python-2025.8.0-win32-x64/python_files/printEnvVariables.py
2025-06-20 22:21:56.166 [info] shell: commandPrompt
2025-06-20 22:21:56.345 [info] > ~\AppData\Local\Microsoft\WindowsApps\python3.13.exe ~/.vscode/extensions/ms-python.python-2025.8.0-win32-x64/python_files/printEnvVariables.py
2025-06-20 22:21:56.345 [info] shell: commandPrompt
2025-06-20 22:21:56.516 [info] Prepending environment variable PATH in collection with c:\Projects\adm\App_Update\.venv\Scripts; {"applyAtShellIntegration":true,"applyAtProcessCreation":true}
2025-06-20 22:21:56.516 [info] Setting environment variable PROMPT in collection to (.venv) $P$G {"applyAtShellIntegration":true,"applyAtProcessCreation":true}
2025-06-20 22:21:56.516 [info] Setting environment variable VIRTUAL_ENV in collection to c:\Projects\adm\App_Update\.venv {"applyAtShellIntegration":true,"applyAtProcessCreation":true}
2025-06-20 22:21:56.516 [info] Setting environment variable VIRTUAL_ENV_PROMPT in collection to (.venv)  {"applyAtShellIntegration":true,"applyAtProcessCreation":true}
2025-06-20 22:21:56.516 [info] Setting environment variable _OLD_VIRTUAL_PROMPT in collection to $P$G {"applyAtShellIntegration":true,"applyAtProcessCreation":true}
2025-06-20 22:21:56.618 [info] Starting Pylance language server.
2025-06-20 22:22:03.275 [info] Selected workspace c:\Projects\adm\App_Update for creating virtual environment.
2025-06-20 22:22:06.208 [info] Starting Environment refresh
2025-06-20 22:22:06.208 [info] Searching for windows registry interpreters
2025-06-20 22:22:06.208 [info] Searching windows known paths locator
2025-06-20 22:22:06.209 [info] Searching for pyenv environments
2025-06-20 22:22:06.209 [info] Searching for conda environments
2025-06-20 22:22:06.210 [info] Searching for global virtual environments
2025-06-20 22:22:06.210 [info] Searching for custom virtual environments
2025-06-20 22:22:06.210 [info] Searching for windows store envs
2025-06-20 22:22:06.215 [info] > conda info --json
2025-06-20 22:22:06.235 [info] > hatch env show --json
2025-06-20 22:22:06.235 [info] cwd: C:\Projects\adm\App_Update
2025-06-20 22:22:06.235 [info] > hatch env show --json
2025-06-20 22:22:06.235 [info] cwd: C:\Projects\adm\App_Update\.conda
2025-06-20 22:22:06.235 [info] > hatch env show --json
2025-06-20 22:22:06.235 [info] cwd: C:\Projects\adm\App_Update\.ebextensions
2025-06-20 22:22:06.235 [info] > hatch env show --json
2025-06-20 22:22:06.235 [info] cwd: C:\Projects\adm\App_Update\.elasticbeanstalk
2025-06-20 22:22:06.235 [info] > hatch env show --json
2025-06-20 22:22:06.235 [info] cwd: C:\Projects\adm\App_Update\.venv
2025-06-20 22:22:06.235 [info] > hatch env show --json
2025-06-20 22:22:06.235 [info] cwd: C:\Projects\adm\App_Update\clean-env
2025-06-20 22:22:06.235 [info] > hatch env show --json
2025-06-20 22:22:06.235 [info] cwd: C:\Projects\adm\App_Update\Config
2025-06-20 22:22:06.235 [info] > hatch env show --json
2025-06-20 22:22:06.235 [info] cwd: C:\Projects\adm\App_Update\Data_Intake
2025-06-20 22:22:06.235 [info] > hatch env show --json
2025-06-20 22:22:06.235 [info] cwd: C:\Projects\adm\App_Update\Data_Intake\__pycache__
2025-06-20 22:22:06.235 [info] > hatch env show --json
2025-06-20 22:22:06.235 [info] cwd: C:\Projects\adm\App_Update\Integration
2025-06-20 22:22:06.235 [info] > hatch env show --json
2025-06-20 22:22:06.235 [info] cwd: C:\Projects\adm\App_Update\modeling
2025-06-20 22:22:06.235 [info] > hatch env show --json
2025-06-20 22:22:06.236 [info] cwd: C:\Projects\adm\App_Update\modeling\__pycache__
2025-06-20 22:22:06.236 [info] > hatch env show --json
2025-06-20 22:22:06.236 [info] cwd: C:\Projects\adm\App_Update\new-env
2025-06-20 22:22:06.236 [info] > hatch env show --json
2025-06-20 22:22:06.236 [info] cwd: C:\Projects\adm\App_Update\output
2025-06-20 22:22:06.236 [info] > hatch env show --json
2025-06-20 22:22:06.236 [info] cwd: C:\Projects\adm\App_Update\preprocessing
2025-06-20 22:22:06.236 [info] > hatch env show --json
2025-06-20 22:22:06.236 [info] cwd: C:\Projects\adm\App_Update\Purhcase_handler
2025-06-20 22:22:06.236 [info] > hatch env show --json
2025-06-20 22:22:06.236 [info] cwd: C:\Projects\adm\App_Update\ui
2025-06-20 22:22:06.241 [info] pyenv is not installed
2025-06-20 22:22:06.241 [info] Finished searching for pyenv environments: 33 milliseconds
2025-06-20 22:22:06.241 [info] Finished searching for custom virtual envs: 32 milliseconds
2025-06-20 22:22:06.260 [info] Finished searching for global virtual envs: 51 milliseconds
2025-06-20 22:22:06.413 [info] > c:\Projects\adm\App_Update\.venv\Scripts\python.exe -I ~\.vscode\extensions\ms-python.python-2025.8.0-win32-x64\python_files\get_output_via_markers.py ~\.vscode\extensions\ms-python.python-2025.8.0-win32-x64\python_files\interpreterInfo.py
2025-06-20 22:22:06.432 [info] > ~\AppData\Local\Microsoft\WindowsApps\python3.13.exe -I ~\.vscode\extensions\ms-python.python-2025.8.0-win32-x64\python_files\get_output_via_markers.py ~\.vscode\extensions\ms-python.python-2025.8.0-win32-x64\python_files\interpreterInfo.py
2025-06-20 22:22:06.433 [info] Finished searching for windows store envs: 224 milliseconds
2025-06-20 22:22:06.459 [info] Finished searching windows known paths locator: 253 milliseconds
2025-06-20 22:22:06.519 [info] > "C:\Program Files\Python311\python.exe" -I ~\.vscode\extensions\ms-python.python-2025.8.0-win32-x64\python_files\get_output_via_markers.py ~\.vscode\extensions\ms-python.python-2025.8.0-win32-x64\python_files\interpreterInfo.py
2025-06-20 22:22:06.581 [info] > "C:\Program Files\Python310\python.exe" -I ~\.vscode\extensions\ms-python.python-2025.8.0-win32-x64\python_files\get_output_via_markers.py ~\.vscode\extensions\ms-python.python-2025.8.0-win32-x64\python_files\interpreterInfo.py
2025-06-20 22:22:06.740 [info] Finished searching for windows registry interpreters: 541 milliseconds
2025-06-20 22:22:06.742 [info] > ~\.anaconda\Scripts\conda.exe info --json
2025-06-20 22:22:06.742 [info] > ~\.conda\Scripts\conda.exe info --json
2025-06-20 22:22:06.743 [info] > ~\.condarc\Scripts\conda.exe info --json
2025-06-20 22:22:06.747 [info] > C:\Conda\Scripts\conda.exe info --json
2025-06-20 22:22:08.319 [info] Selected interpreter C:\Program Files\Python311\python.exe for creating virtual environment.
2025-06-20 22:22:08.985 [info] > C:\Conda\condabin\conda.bat info --json
2025-06-20 22:22:08.985 [info] Finished searching for conda environments: 2777 milliseconds
2025-06-20 22:22:08.993 [info] > C:\Conda\python.exe -I ~\.vscode\extensions\ms-python.python-2025.8.0-win32-x64\python_files\get_output_via_markers.py ~\.vscode\extensions\ms-python.python-2025.8.0-win32-x64\python_files\interpreterInfo.py
2025-06-20 22:22:08.993 [info] Environments refresh paths discovered (event): 2794 milliseconds
2025-06-20 22:22:08.993 [info] Environments refresh paths discovered: 2794 milliseconds
2025-06-20 22:22:09.083 [info] Environments refresh finished (event): 2884 milliseconds
2025-06-20 22:22:09.086 [info] Environment refresh took 2888 milliseconds
2025-06-20 22:22:09.086 [info] Python interpreter path: .\.venv\Scripts\python.exe
2025-06-20 22:22:11.173 [info] Deleted python executable: c:\Projects\adm\App_Update\.venv\Scripts\python.exe
2025-06-20 22:22:11.288 [warning] Identifier for virt-virtualenv failed to identify c:\Projects\adm\App_Update\.venv\Scripts\python.exe [Error: ENOENT: no such file or directory, scandir 'c:\Projects\adm\App_Update\.venv\Scripts'] {
  errno: -4058,
  code: 'ENOENT',
  syscall: 'scandir',
  path: 'c:\\Projects\\adm\\App_Update\\.venv\\Scripts'
}
2025-06-20 22:22:11.288 [warning] Identifier for virt-virtualenv failed to identify c:\Projects\adm\App_Update\.venv\Scripts\python.exe [Error: ENOENT: no such file or directory, scandir 'c:\Projects\adm\App_Update\.venv\Scripts'] {
  errno: -4058,
  code: 'ENOENT',
  syscall: 'scandir',
  path: 'c:\\Projects\\adm\\App_Update\\.venv\\Scripts'
}
2025-06-20 22:22:11.289 [info] Deleted ".venv" dir: c:\Projects\adm\App_Update\.venv
2025-06-20 22:22:11.297 [info] Running Env creation script:  [
  'C:\\Program Files\\Python311\\python.exe',
  'c:\\Users\\ryanm\\.vscode\\extensions\\ms-python.python-2025.8.0-win32-x64\\python_files\\create_venv.py',
  '--git-ignore',
  '--requirements',
  'c:\\Projects\\adm\\App_Update\\requirements.txt'
]
2025-06-20 22:22:11.298 [info] > "C:\Program Files\Python311\python.exe" ~\.vscode\extensions\ms-python.python-2025.8.0-win32-x64\python_files\create_venv.py --git-ignore --requirements c:\Projects\adm\App_Update\requirements.txt
2025-06-20 22:22:11.298 [info] cwd: c:\Projects\adm\App_Update
2025-06-20 22:22:11.302 [info] > c:\Projects\adm\App_Update\.venv\Scripts\python.exe -I ~\.vscode\extensions\ms-python.python-2025.8.0-win32-x64\python_files\get_output_via_markers.py ~\.vscode\extensions\ms-python.python-2025.8.0-win32-x64\python_files\interpreterInfo.py
2025-06-20 22:22:11.302 [info] Environments refresh paths discovered: 25 milliseconds
2025-06-20 22:22:11.302 [info] Environments refresh paths discovered: 21 milliseconds
2025-06-20 22:22:11.320 [error] Error: Command failed: c:\Projects\adm\App_Update\.venv\Scripts\python.exe -I c:\Users\ryanm\.vscode\extensions\ms-python.python-2025.8.0-win32-x64\python_files\get_output_via_markers.py c:\Users\ryanm\.vscode\extensions\ms-python.python-2025.8.0-win32-x64\python_files\interpreterInfo.py
The system cannot find the path specified.

    at genericNodeError (node:internal/errors:983:15)
    at wrappedFn (node:internal/errors:537:14)
    at ChildProcess.exithandler (node:child_process:415:12)
    at ChildProcess.emit (node:events:530:35)
    at maybeClose (node:internal/child_process:1101:16)
    at Process.ChildProcess._handle.onexit (node:internal/child_process:304:5) {
  code: 1,
  killed: false,
  signal: null,
  cmd: 'c:\\Projects\\adm\\App_Update\\.venv\\Scripts\\python.exe -I c:\\Users\\ryanm\\.vscode\\extensions\\ms-python.python-2025.8.0-win32-x64\\python_files\\get_output_via_markers.py c:\\Users\\ryanm\\.vscode\\extensions\\ms-python.python-2025.8.0-win32-x64\\python_files\\interpreterInfo.py'
}
2025-06-20 22:22:11.408 [info] Running: C:\Program Files\Python311\python.exe -m venv .venv
2025-06-20 22:22:12.785 [info] > c:\Projects\adm\App_Update\.venv\Scripts\python.exe -I ~\.vscode\extensions\ms-python.python-2025.8.0-win32-x64\python_files\get_output_via_markers.py ~\.vscode\extensions\ms-python.python-2025.8.0-win32-x64\python_files\interpreterInfo.py
2025-06-20 22:22:12.785 [info] Environments refresh paths discovered: 17 milliseconds
2025-06-20 22:22:12.785 [info] Environments refresh paths discovered: 14 milliseconds
2025-06-20 22:22:12.864 [info] Environments refresh finished (event): 96 milliseconds
2025-06-20 22:22:12.864 [info] Environments refresh finished (event): 93 milliseconds
2025-06-20 22:22:13.324 [info] > c:\Projects\adm\App_Update\.venv\Scripts\python.exe -I ~\.vscode\extensions\ms-python.python-2025.8.0-win32-x64\python_files\get_output_via_markers.py ~\.vscode\extensions\ms-python.python-2025.8.0-win32-x64\python_files\interpreterInfo.py
2025-06-20 22:22:13.402 [info] Environments refresh finished (event): 2125 milliseconds
2025-06-20 22:22:13.403 [info] Environments refresh finished (event): 2121 milliseconds
2025-06-20 22:22:19.773 [info] CREATED_VENV:c:\Projects\adm\App_Update\.venv\Scripts\python.exe
Creating: c:\Projects\adm\App_Update\.venv\.gitignore
2025-06-20 22:22:19.773 [info] CREATE_VENV.UPGRADING_PIP
Running: c:\Projects\adm\App_Update\.venv\Scripts\python.exe -m pip install --upgrade pip
2025-06-20 22:22:20.256 [info] Requirement already satisfied: pip in c:\projects\adm\app_update\.venv\lib\site-packages (22.3)
2025-06-20 22:22:20.397 [info] Collecting pip
2025-06-20 22:22:20.401 [info]   Using cached pip-25.1.1-py3-none-any.whl (1.8 MB)
2025-06-20 22:22:20.460 [info] Installing collected packages: pip
2025-06-20 22:22:20.461 [info]   Attempting uninstall: pip
2025-06-20 22:22:20.463 [info]     Found existing installation: pip 22.3
2025-06-20 22:22:20.940 [info]     Uninstalling pip-22.3:
2025-06-20 22:22:20.966 [info]       Successfully uninstalled pip-22.3
2025-06-20 22:22:25.155 [info] Successfully installed pip-25.1.1
2025-06-20 22:22:25.234 [info] CREATE_VENV.UPGRADED_PIP
VENV_INSTALLING_REQUIREMENTS: ['c:\\Projects\\adm\\App_Update\\requirements.txt']
VENV_INSTALLING_REQUIREMENTS: c:\Projects\adm\App_Update\requirements.txt
Running: c:\Projects\adm\App_Update\.venv\Scripts\python.exe -m pip install -r c:\Projects\adm\App_Update\requirements.txt
2025-06-20 22:22:25.990 [info] Collecting https://github.com/explosion/spacy-models/releases/download/en_core_web_sm-3.0.0/en_core_web_sm-3.0.0.tar.gz (from -r c:\Projects\adm\App_Update\requirements.txt (line 3))
2025-06-20 22:22:26.261 [info]   Downloading https://github.com/explosion/spacy-models/releases/download/en_core_web_sm-3.0.0/en_core_web_sm-3.0.0.tar.gz (13.7 MB)
2025-06-20 22:22:26.967 [info] 
2025-06-20 22:22:26.967 [info] --------------------------------------- 13.7/13.7 MB 21.5 MB/s eta 0:00:00
2025-06-20 22:22:26.967 [info] 
2025-06-20 22:22:27.178 [info]   Installing build dependencies: started
2025-06-20 22:22:28.155 [info]   Installing build dependencies: finished with status 'done'
2025-06-20 22:22:28.156 [info]   Getting requirements to build wheel: started
2025-06-20 22:22:29.125 [info]   Getting requirements to build wheel: finished with status 'done'
2025-06-20 22:22:29.128 [info]   Preparing metadata (pyproject.toml): started
2025-06-20 22:22:29.477 [info]   Preparing metadata (pyproject.toml): finished with status 'done'
2025-06-20 22:22:29.838 [info] Collecting matplotlib (from -r c:\Projects\adm\App_Update\requirements.txt (line 1))
2025-06-20 22:22:29.941 [info]   Downloading matplotlib-3.10.3-cp311-cp311-win_amd64.whl.metadata (11 kB)
2025-06-20 22:22:30.092 [info] Collecting spacy (from -r c:\Projects\adm\App_Update\requirements.txt (line 2))
2025-06-20 22:22:30.117 [info]   Downloading spacy-3.8.7-cp311-cp311-win_amd64.whl.metadata (28 kB)
2025-06-20 22:22:30.195 [info] Collecting openpyxl==3.0.10 (from -r c:\Projects\adm\App_Update\requirements.txt (line 4))
2025-06-20 22:22:30.197 [info]   Using cached openpyxl-3.0.10-py2.py3-none-any.whl.metadata (2.4 kB)
2025-06-20 22:22:30.313 [info] Collecting pytest==6.2.5 (from -r c:\Projects\adm\App_Update\requirements.txt (line 5))
2025-06-20 22:22:30.315 [info]   Using cached pytest-6.2.5-py3-none-any.whl.metadata (7.5 kB)
2025-06-20 22:22:30.511 [info] Collecting numpy (from -r c:\Projects\adm\App_Update\requirements.txt (line 6))
2025-06-20 22:22:30.535 [info]   Downloading numpy-2.3.0-cp311-cp311-win_amd64.whl.metadata (60 kB)
2025-06-20 22:22:30.634 [info] Collecting transformers==4.11.3 (from -r c:\Projects\adm\App_Update\requirements.txt (line 7))
2025-06-20 22:22:30.636 [info]   Using cached transformers-4.11.3-py3-none-any.whl.metadata (53 kB)
2025-06-20 22:22:30.721 [info] Collecting fuzzywuzzy==0.18.0 (from -r c:\Projects\adm\App_Update\requirements.txt (line 8))
2025-06-20 22:22:30.723 [info]   Using cached fuzzywuzzy-0.18.0-py2.py3-none-any.whl.metadata (4.9 kB)
2025-06-20 22:22:31.054 [info] Collecting boto3 (from -r c:\Projects\adm\App_Update\requirements.txt (line 9))
2025-06-20 22:22:31.056 [info]   Using cached boto3-1.38.41-py3-none-any.whl.metadata (6.6 kB)
2025-06-20 22:22:31.066 [info] Collecting spacy (from -r c:\Projects\adm\App_Update\requirements.txt (line 2))
2025-06-20 22:22:31.299 [info]   Downloading spacy-3.0.9.tar.gz (989 kB)
2025-06-20 22:22:31.458 [info] 
2025-06-20 22:22:31.458 [info] -------------------------------------- 989.2/989.2 kB 6.7 MB/s eta 0:00:00
2025-06-20 22:22:32.038 [info]   Installing build dependencies: started
2025-06-20 22:22:52.277 [info]   Installing build dependencies: finished with status 'error'
2025-06-20 22:22:52.297 [info]   error: subprocess-exited-with-error
  
  × pip subprocess to install build dependencies did not run successfully.
2025-06-20 22:22:52.297 [info] 
  │ exit code: 1
  ╰─> [516 lines of output]
      Collecting setuptools
        Using cached setuptools-80.9.0-py3-none-any.whl.metadata (6.6 kB)
      Collecting cython<3.0,>=0.25
        Downloading Cython-0.29.37-py2.py3-none-any.whl.metadata (3.1 kB)
      Collecting cymem<2.1.0,>=2.0.2
        Downloading cymem-2.0.11-cp311-cp311-win_amd64.whl.metadata (8.8 kB)
      Collecting preshed<3.1.0,>=3.0.2
        Downloading preshed-3.0.10-cp311-cp311-win_amd64.whl.metadata (2.5 kB)
      Collecting murmurhash<1.1.0,>=0.28.0
        Downloading murmurhash-1.0.13-cp311-cp311-win_amd64.whl.metadata (2.2 kB)
      Collecting thinc<8.1.0,>=8.0.3
        Downloading thinc-8.0.17.tar.gz (189 kB)
        Installing build dependencies: started
        Installing build dependencies: finished with status 'done'
        Getting requirements to build wheel: started
        Getting requirements to build wheel: finished with status 'done'
        Preparing metadata (pyproject.toml): started
        Preparing metadata (pyproject.toml): finished with status 'done'
2025-06-20 22:22:52.297 [info] 
      Collecting blis<0.8.0,>=0.4.0
        Using cached blis-0.7.11-cp311-cp311-win_amd64.whl.metadata (7.6 kB)
      Collecting pathy
        Using cached pathy-0.11.0-py3-none-any.whl.metadata (16 kB)
      Collecting numpy>=1.15.0
        Using cached numpy-2.3.0-cp311-cp311-win_amd64.whl.metadata (60 kB)
      Collecting wasabi<1.1.0,>=0.8.1 (from thinc<8.1.0,>=8.0.3)
        Using cached wasabi-0.10.1-py3-none-any.whl.metadata (28 kB)
      Collecting srsly<3.0.0,>=2.4.0 (from thinc<8.1.0,>=8.0.3)
        Downloading srsly-2.5.1-cp311-cp311-win_amd64.whl.metadata (20 kB)
      Collecting catalogue<2.1.0,>=2.0.4 (from thinc<8.1.0,>=8.0.3)
        Using cached catalogue-2.0.10-py3-none-any.whl.metadata (14 kB)
      Collecting pydantic!=1.8,!=1.8.1,<1.9.0,>=1.7.4 (from thinc<8.1.0,>=8.0.3)
        Using cached pydantic-1.8.2-py3-none-any.whl.metadata (103 kB)
      Collecting typing-extensions>=3.7.4.3 (from pydantic!=1.8,!=1.8.1,<1.9.0,>=1.7.4->thinc<8.1.0,>=8.0.3)
        Using cached typing_extensions-4.14.0-py3-none-any.whl.metadata (3.0 kB)
      Collecting smart-open<7.0.0,>=5.2.1 (from pathy)
2025-06-20 22:22:52.298 [info]       Using cached smart_open-6.4.0-py3-none-any.whl.metadata (21 kB)
      Collecting typer<1.0.0,>=0.3.0 (from pathy)
        Downloading typer-0.16.0-py3-none-any.whl.metadata (15 kB)
      Collecting pathlib-abc==0.1.1 (from pathy)
        Using cached pathlib_abc-0.1.1-py3-none-any.whl.metadata (18 kB)
      Collecting click>=8.0.0 (from typer<1.0.0,>=0.3.0->pathy)
        Downloading click-8.2.1-py3-none-any.whl.metadata (2.5 kB)
      Collecting shellingham>=1.3.0 (from typer<1.0.0,>=0.3.0->pathy)
        Downloading shellingham-1.5.4-py2.py3-none-any.whl.metadata (3.5 kB)
      Collecting rich>=10.11.0 (from typer<1.0.0,>=0.3.0->pathy)
        Downloading rich-14.0.0-py3-none-any.whl.metadata (18 kB)
2025-06-20 22:22:52.298 [info] 
      Collecting colorama (from click>=8.0.0->typer<1.0.0,>=0.3.0->pathy)
        Using cached colorama-0.4.6-py2.py3-none-any.whl.metadata (17 kB)
      Collecting markdown-it-py>=2.2.0 (from rich>=10.11.0->typer<1.0.0,>=0.3.0->pathy)
        Downloading markdown_it_py-3.0.0-py3-none-any.whl.metadata (6.9 kB)
      Collecting pygments<3.0.0,>=2.13.0 (from rich>=10.11.0->typer<1.0.0,>=0.3.0->pathy)
        Downloading pygments-2.19.1-py3-none-any.whl.metadata (2.5 kB)
      Collecting mdurl~=0.1 (from markdown-it-py>=2.2.0->rich>=10.11.0->typer<1.0.0,>=0.3.0->pathy)
2025-06-20 22:22:52.298 [info]       Downloading mdurl-0.1.2-py3-none-any.whl.metadata (1.6 kB)
      Using cached Cython-0.29.37-py2.py3-none-any.whl (989 kB)
      Using cached cymem-2.0.11-cp311-cp311-win_amd64.whl (39 kB)
      Using cached preshed-3.0.10-cp311-cp311-win_amd64.whl (117 kB)
      Using cached murmurhash-1.0.13-cp311-cp311-win_amd64.whl (24 kB)
      Using cached blis-0.7.11-cp311-cp311-win_amd64.whl (6.6 MB)
      Using cached catalogue-2.0.10-py3-none-any.whl (17 kB)
      Using cached pydantic-1.8.2-py3-none-any.whl (126 kB)
      Downloading srsly-2.5.1-cp311-cp311-win_amd64.whl (632 kB)
         --------------------------------------- 632.6/632.6 kB 12.0 MB/s eta 0:00:00
2025-06-20 22:22:52.298 [info]     Using cached wasabi-0.10.1-py3-none-any.whl (26 kB)
      Using cached setuptools-80.9.0-py3-none-any.whl (1.2 MB)
      Using cached pathy-0.11.0-py3-none-any.whl (47 kB)
      Using cached pathlib_abc-0.1.1-py3-none-any.whl (23 kB)
      Using cached smart_open-6.4.0-py3-none-any.whl (57 kB)
      Downloading typer-0.16.0-py3-none-any.whl (46 kB)
      Using cached numpy-2.3.0-cp311-cp311-win_amd64.whl (13.0 MB)
      Downloading click-8.2.1-py3-none-any.whl (102 kB)
      Downloading rich-14.0.0-py3-none-any.whl (243 kB)
2025-06-20 22:22:52.298 [info]     Downloading pygments-2.19.1-py3-none-any.whl (1.2 MB)
         ---------------------------------------- 1.2/1.2 MB 20.5 MB/s eta 0:00:00
      Downloading markdown_it_py-3.0.0-py3-none-any.whl (87 kB)
      Downloading mdurl-0.1.2-py3-none-any.whl (10.0 kB)
      Downloading shellingham-1.5.4-py2.py3-none-any.whl (9.8 kB)
      Using cached typing_extensions-4.14.0-py3-none-any.whl (43 kB)
      Using cached colorama-0.4.6-py2.py3-none-any.whl (25 kB)
      Building wheels for collected packages: thinc
2025-06-20 22:22:52.298 [info]         Building wheel for thinc (pyproject.toml): started
        Building wheel for thinc (pyproject.toml): finished with status 'error'
        error: subprocess-exited-with-error
2025-06-20 22:22:52.298 [info]    Ã— Building wheel for thinc (pyproject.toml) did not run successfully.
        â”‚ exit code: 1
        â•°â”€> [423 lines of output]
            Cythonizing sources
            C:\Users\ryanm\AppData\Local\Temp\pip-build-env-te8kgikh\overlay\Lib\site-packages\setuptools\dist.py:759: SetuptoolsDeprecationWarning: License classifiers are deprecated.
            !!
      
                    ********************************************************************************
2025-06-20 22:22:52.298 [info]                Please consider removing the following classifiers in favor of a SPDX license expression:
      
                    License :: OSI Approved :: MIT License
      
                    See https://packaging.python.org/en/latest/guides/writing-pyproject-toml/#license for details.
                    ********************************************************************************
2025-06-20 22:22:52.298 [info]     
            !!
              self._finalize_license_expression()
            running bdist_wheel
            running build
            running build_py
            creating build\lib.win-amd64-cpython-311\thinc
            copying thinc\about.py -> build\lib.win-amd64-cpython-311\thinc
2025-06-20 22:22:52.298 [info]           copying thinc\api.py -> build\lib.win-amd64-cpython-311\thinc
            copying thinc\config.py -> build\lib.win-amd64-cpython-311\thinc
            copying thinc\initializers.py -> build\lib.win-amd64-cpython-311\thinc
            copying thinc\loss.py -> build\lib.win-amd64-cpython-311\thinc
            copying thinc\model.py -> build\lib.win-amd64-cpython-311\thinc
            copying thinc\mypy.py -> build\lib.win-amd64-cpython-311\thinc
            copying thinc\optimizers.py -> build\lib.win-amd64-cpython-311\thinc
2025-06-20 22:22:52.299 [info]           copying thinc\schedules.py -> build\lib.win-amd64-cpython-311\thinc
            copying thinc\types.py -> build\lib.win-amd64-cpython-311\thinc
            copying thinc\util.py -> build\lib.win-amd64-cpython-311\thinc
            copying thinc\__init__.py -> build\lib.win-amd64-cpython-311\thinc
            creating build\lib.win-amd64-cpython-311\thinc\backends
            copying thinc\backends\cupy_ops.py -> build\lib.win-amd64-cpython-311\thinc\backends
            copying thinc\backends\ops.py -> build\lib.win-amd64-cpython-311\thinc\backends
            copying thinc\backends\_cupy_allocators.py -> build\lib.win-amd64-cpython-311\thinc\backends
            copying thinc\backends\_custom_kernels.py -> build\lib.win-amd64-cpython-311\thinc\backends
            copying thinc\backends\_param_server.py -> build\lib.win-amd64-cpython-311\thinc\backends
            copying thinc\backends\__init__.py -> build\lib.win-amd64-cpython-311\thinc\backends
            creating build\lib.win-amd64-cpython-311\thinc\extra
            copying thinc\extra\__init__.py -> build\lib.win-amd64-cpython-311\thinc\extra
            creating build\lib.win-amd64-cpython-311\thinc\layers
            copying thinc\layers\add.py -> build\lib.win-amd64-cpython-311\thinc\layers
2025-06-20 22:22:52.299 [info]        copying thinc\layers\array_getitem.py -> build\lib.win-amd64-cpython-311\thinc\layers
            copying thinc\layers\bidirectional.py -> build\lib.win-amd64-cpython-311\thinc\layers
            copying thinc\layers\cauchysimilarity.py -> build\lib.win-amd64-cpython-311\thinc\layers
            copying thinc\layers\chain.py -> build\lib.win-amd64-cpython-311\thinc\layers
            copying thinc\layers\clipped_linear.py -> build\lib.win-amd64-cpython-311\thinc\layers
            copying thinc\layers\clone.py -> build\lib.win-amd64-cpython-311\thinc\layers
            copying thinc\layers\concatenate.py -> build\lib.win-amd64-cpython-311\thinc\layers
            copying thinc\layers\dropout.py -> build\lib.win-amd64-cpython-311\thinc\layers
2025-06-20 22:22:52.299 [info]           copying thinc\layers\embed.py -> build\lib.win-amd64-cpython-311\thinc\layers
            copying thinc\layers\expand_window.py -> build\lib.win-amd64-cpython-311\thinc\layers
            copying thinc\layers\gelu.py -> build\lib.win-amd64-cpython-311\thinc\layers
            copying thinc\layers\hard_swish.py -> build\lib.win-amd64-cpython-311\thinc\layers
            copying thinc\layers\hard_swish_mobilenet.py -> build\lib.win-amd64-cpython-311\thinc\layers
            copying thinc\layers\hashembed.py -> build\lib.win-amd64-cpython-311\thinc\layers
            copying thinc\layers\layernorm.py -> build\lib.win-amd64-cpython-311\thinc\layers
            copying thinc\layers\linear.py -> build\lib.win-amd64-cpython-311\thinc\layers
            copying thinc\layers\list2array.py -> build\lib.win-amd64-cpython-311\thinc\layers
            copying thinc\layers\list2padded.py -> build\lib.win-amd64-cpython-311\thinc\layers
2025-06-20 22:22:52.299 [info] 
            copying thinc\layers\list2ragged.py -> build\lib.win-amd64-cpython-311\thinc\layers
            copying thinc\layers\logistic.py -> build\lib.win-amd64-cpython-311\thinc\layers
            copying thinc\layers\lstm.py -> build\lib.win-amd64-cpython-311\thinc\layers
            copying thinc\layers\map_list.py -> build\lib.win-amd64-cpython-311\thinc\layers
            copying thinc\layers\maxout.py -> build\lib.win-amd64-cpython-311\thinc\layers
            copying thinc\layers\mish.py -> build\lib.win-amd64-cpython-311\thinc\layers
2025-06-20 22:22:52.299 [info]           copying thinc\layers\multisoftmax.py -> build\lib.win-amd64-cpython-311\thinc\layers
            copying thinc\layers\mxnetwrapper.py -> build\lib.win-amd64-cpython-311\thinc\layers
            copying thinc\layers\noop.py -> build\lib.win-amd64-cpython-311\thinc\layers
            copying thinc\layers\padded2list.py -> build\lib.win-amd64-cpython-311\thinc\layers
            copying thinc\layers\parametricattention.py -> build\lib.win-amd64-cpython-311\thinc\layers
            copying thinc\layers\pytorchwrapper.py -> build\lib.win-amd64-cpython-311\thinc\layers
            copying thinc\layers\ragged2list.py -> build\lib.win-amd64-cpython-311\thinc\layers
            copying thinc\layers\reduce_first.py -> build\lib.win-amd64-cpython-311\thinc\layers
2025-06-20 22:22:52.299 [info] 
            copying thinc\layers\reduce_last.py -> build\lib.win-amd64-cpython-311\thinc\layers
            copying thinc\layers\reduce_max.py -> build\lib.win-amd64-cpython-311\thinc\layers
            copying thinc\layers\reduce_mean.py -> build\lib.win-amd64-cpython-311\thinc\layers
            copying thinc\layers\reduce_sum.py -> build\lib.win-amd64-cpython-311\thinc\layers
            copying thinc\layers\relu.py -> build\lib.win-amd64-cpython-311\thinc\layers
            copying thinc\layers\remap_ids.py -> build\lib.win-amd64-cpython-311\thinc\layers
            copying thinc\layers\residual.py -> build\lib.win-amd64-cpython-311\thinc\layers
            copying thinc\layers\resizable.py -> build\lib.win-amd64-cpython-311\thinc\layers
            copying thinc\layers\siamese.py -> build\lib.win-amd64-cpython-311\thinc\layers
            copying thinc\layers\sigmoid.py -> build\lib.win-amd64-cpython-311\thinc\layers
            copying thinc\layers\sigmoid_activation.py -> build\lib.win-amd64-cpython-311\thinc\layers
            copying thinc\layers\softmax.py -> build\lib.win-amd64-cpython-311\thinc\layers
2025-06-20 22:22:52.299 [info]           copying thinc\layers\softmax_activation.py -> build\lib.win-amd64-cpython-311\thinc\layers
            copying thinc\layers\strings2arrays.py -> build\lib.win-amd64-cpython-311\thinc\layers
            copying thinc\layers\swish.py -> build\lib.win-amd64-cpython-311\thinc\layers
            copying thinc\layers\tensorflowwrapper.py -> build\lib.win-amd64-cpython-311\thinc\layers
            copying thinc\layers\tuplify.py -> build\lib.win-amd64-cpython-311\thinc\layers
            copying thinc\layers\uniqued.py -> build\lib.win-amd64-cpython-311\thinc\layers
            copying thinc\layers\with_array.py -> build\lib.win-amd64-cpython-311\thinc\layers
            copying thinc\layers\with_array2d.py -> build\lib.win-amd64-cpython-311\thinc\layers
2025-06-20 22:22:52.299 [info]           copying thinc\layers\with_cpu.py -> build\lib.win-amd64-cpython-311\thinc\layers
            copying thinc\layers\with_debug.py -> build\lib.win-amd64-cpython-311\thinc\layers
            copying thinc\layers\with_flatten.py -> build\lib.win-amd64-cpython-311\thinc\layers
            copying thinc\layers\with_getitem.py -> build\lib.win-amd64-cpython-311\thinc\layers
            copying thinc\layers\with_list.py -> build\lib.win-amd64-cpython-311\thinc\layers
            copying thinc\layers\with_nvtx_range.py -> build\lib.win-amd64-cpython-311\thinc\layers
            copying thinc\layers\with_padded.py -> build\lib.win-amd64-cpython-311\thinc\layers
            copying thinc\layers\with_ragged.py -> build\lib.win-amd64-cpython-311\thinc\layers
            copying thinc\layers\with_reshape.py -> build\lib.win-amd64-cpython-311\thinc\layers
            copying thinc\layers\__init__.py -> build\lib.win-amd64-cpython-311\thinc\layers
2025-06-20 22:22:52.299 [info]             creating build\lib.win-amd64-cpython-311\thinc\shims
            copying thinc\shims\mxnet.py -> build\lib.win-amd64-cpython-311\thinc\shims
            copying thinc\shims\pytorch.py -> build\lib.win-amd64-cpython-311\thinc\shims
            copying thinc\shims\pytorch_grad_scaler.py -> build\lib.win-amd64-cpython-311\thinc\shims
            copying thinc\shims\shim.py -> build\lib.win-amd64-cpython-311\thinc\shims
            copying thinc\shims\tensorflow.py -> build\lib.win-amd64-cpython-311\thinc\shims
            copying thinc\shims\__init__.py -> build\lib.win-amd64-cpython-311\thinc\shims
            creating build\lib.win-amd64-cpython-311\thinc\tests
2025-06-20 22:22:52.299 [info] 
            copying thinc\tests\conftest.py -> build\lib.win-amd64-cpython-311\thinc\tests
            copying thinc\tests\strategies.py -> build\lib.win-amd64-cpython-311\thinc\tests
            copying thinc\tests\test_config.py -> build\lib.win-amd64-cpython-311\thinc\tests
            copying thinc\tests\test_examples.py -> build\lib.win-amd64-cpython-311\thinc\tests
            copying thinc\tests\test_indexing.py -> build\lib.win-amd64-cpython-311\thinc\tests
            copying thinc\tests\test_initializers.py -> build\lib.win-amd64-cpython-311\thinc\tests
            copying thinc\tests\test_loss.py -> build\lib.win-amd64-cpython-311\thinc\tests
            copying thinc\tests\test_optimizers.py -> build\lib.win-amd64-cpython-311\thinc\tests
            copying thinc\tests\test_schedules.py -> build\lib.win-amd64-cpython-311\thinc\tests
            copying thinc\tests\test_serialize.py -> build\lib.win-amd64-cpython-311\thinc\tests
            copying thinc\tests\test_types.py -> build\lib.win-amd64-cpython-311\thinc\tests
            copying thinc\tests\test_util.py -> build\lib.win-amd64-cpython-311\thinc\tests
            copying thinc\tests\util.py -> build\lib.win-amd64-cpython-311\thinc\tests
2025-06-20 22:22:52.300 [info]             copying thinc\tests\__init__.py -> build\lib.win-amd64-cpython-311\thinc\tests
            creating build\lib.win-amd64-cpython-311\thinc\extra\tests
            copying thinc\extra\tests\__init__.py -> build\lib.win-amd64-cpython-311\thinc\extra\tests
            creating build\lib.win-amd64-cpython-311\thinc\tests\backends
            copying thinc\tests\backends\test_mem.py -> build\lib.win-amd64-cpython-311\thinc\tests\backends
            copying thinc\tests\backends\test_ops.py -> build\lib.win-amd64-cpython-311\thinc\tests\backends
            copying thinc\tests\backends\__init__.py -> build\lib.win-amd64-cpython-311\thinc\tests\backends
            creating build\lib.win-amd64-cpython-311\thinc\tests\extra
            copying thinc\tests\extra\test_beam_search.py -> build\lib.win-amd64-cpython-311\thinc\tests\extra
2025-06-20 22:22:52.300 [info]             copying thinc\tests\extra\__init__.py -> build\lib.win-amd64-cpython-311\thinc\tests\extra
            creating build\lib.win-amd64-cpython-311\thinc\tests\layers
            copying thinc\tests\layers\test_basic_tagger.py -> build\lib.win-amd64-cpython-311\thinc\tests\layers
            copying thinc\tests\layers\test_combinators.py -> build\lib.win-amd64-cpython-311\thinc\tests\layers
            copying thinc\tests\layers\test_feed_forward.py -> build\lib.win-amd64-cpython-311\thinc\tests\layers
            copying thinc\tests\layers\test_hash_embed.py -> build\lib.win-amd64-cpython-311\thinc\tests\layers
            copying thinc\tests\layers\test_layers_api.py -> build\lib.win-amd64-cpython-311\thinc\tests\layers
            copying thinc\tests\layers\test_linear.py -> build\lib.win-amd64-cpython-311\thinc\tests\layers
            copying thinc\tests\layers\test_lstm.py -> build\lib.win-amd64-cpython-311\thinc\tests\layers
2025-06-20 22:22:52.300 [info]           copying thinc\tests\layers\test_mnist.py -> build\lib.win-amd64-cpython-311\thinc\tests\layers
            copying thinc\tests\layers\test_mxnet_wrapper.py -> build\lib.win-amd64-cpython-311\thinc\tests\layers
            copying thinc\tests\layers\test_pytorch_wrapper.py -> build\lib.win-amd64-cpython-311\thinc\tests\layers
            copying thinc\tests\layers\test_reduce.py -> build\lib.win-amd64-cpython-311\thinc\tests\layers
            copying thinc\tests\layers\test_shim.py -> build\lib.win-amd64-cpython-311\thinc\tests\layers
            copying thinc\tests\layers\test_softmax.py -> build\lib.win-amd64-cpython-311\thinc\tests\layers
            copying thinc\tests\layers\test_sparse_linear.py -> build\lib.win-amd64-cpython-311\thinc\tests\layers
            copying thinc\tests\layers\test_tensorflow_wrapper.py -> build\lib.win-amd64-cpython-311\thinc\tests\layers
            copying thinc\tests\layers\test_transforms.py -> build\lib.win-amd64-cpython-311\thinc\tests\layers
            copying thinc\tests\layers\test_uniqued.py -> build\lib.win-amd64-cpython-311\thinc\tests\layers
2025-06-20 22:22:52.300 [info]        copying thinc\tests\layers\test_with_debug.py -> build\lib.win-amd64-cpython-311\thinc\tests\layers
            copying thinc\tests\layers\test_with_transforms.py -> build\lib.win-amd64-cpython-311\thinc\tests\layers
            copying thinc\tests\layers\__init__.py -> build\lib.win-amd64-cpython-311\thinc\tests\layers
            creating build\lib.win-amd64-cpython-311\thinc\tests\model
            copying thinc\tests\model\test_model.py -> build\lib.win-amd64-cpython-311\thinc\tests\model
            copying thinc\tests\model\test_validation.py -> build\lib.win-amd64-cpython-311\thinc\tests\model
            copying thinc\tests\model\__init__.py -> build\lib.win-amd64-cpython-311\thinc\tests\model
            creating build\lib.win-amd64-cpython-311\thinc\tests\mypy
            copying thinc\tests\mypy\test_mypy.py -> build\lib.win-amd64-cpython-311\thinc\tests\mypy
            copying thinc\tests\mypy\__init__.py -> build\lib.win-amd64-cpython-311\thinc\tests\mypy
            creating build\lib.win-amd64-cpython-311\thinc\tests\regression
            copying thinc\tests\regression\test_issue208.py -> build\lib.win-amd64-cpython-311\thinc\tests\regression
            copying thinc\tests\regression\test_issue564.py -> build\lib.win-amd64-cpython-311\thinc\tests\regression
            copying thinc\tests\regression\__init__.py -> build\lib.win-amd64-cpython-311\thinc\tests\regression
            creating build\lib.win-amd64-cpython-311\thinc\tests\shims
            copying thinc\tests\shims\test_pytorch_grad_scaler.py -> build\lib.win-amd64-cpython-311\thinc\tests\shims
            copying thinc\tests\shims\__init__.py -> build\lib.win-amd64-cpython-311\thinc\tests\shims
            creating build\lib.win-amd64-cpython-311\thinc\tests\mypy\modules
            copying thinc\tests\mypy\modules\fail_no_plugin.py -> build\lib.win-amd64-cpython-311\thinc\tests\mypy\modules
            copying thinc\tests\mypy\modules\fail_plugin.py -> build\lib.win-amd64-cpython-311\thinc\tests\mypy\modules
            copying thinc\tests\mypy\modules\success_no_plugin.py -> build\lib.win-amd64-cpython-311\thinc\tests\mypy\modules
            copying thinc\tests\mypy\modules\success_plugin.py -> build\lib.win-amd64-cpython-311\thinc\tests\mypy\modules
2025-06-20 22:22:52.300 [info]           copying thinc\tests\mypy\modules\__init__.py -> build\lib.win-amd64-cpython-311\thinc\tests\mypy\modules
            creating build\lib.win-amd64-cpython-311\thinc\tests\regression\issue519
            copying thinc\tests\regression\issue519\program.py -> build\lib.win-amd64-cpython-311\thinc\tests\regression\issue519
            copying thinc\tests\regression\issue519\test_issue519.py -> build\lib.win-amd64-cpython-311\thinc\tests\regression\issue519
            copying thinc\tests\regression\issue519\__init__.py -> build\lib.win-amd64-cpython-311\thinc\tests\regression\issue519
            running egg_info
            writing thinc.egg-info\PKG-INFO
            writing dependency_links to thinc.egg-info\dependency_links.txt
            writing requirements to thinc.egg-info\requires.txt
            writing top-level names to thinc.egg-info\top_level.txt
            reading manifest file 'thinc.egg-info\SOURCES.txt'
            reading manifest template 'MANIFEST.in'
            no previously-included directories found matching 'tmp'
2025-06-20 22:22:52.300 [info]           warning: no previously-included files matching '*.cpp' found under directory 'thinc'
            adding license file 'LICENSE'
            writing manifest file 'thinc.egg-info\SOURCES.txt'
            C:\Users\ryanm\AppData\Local\Temp\pip-build-env-te8kgikh\overlay\Lib\site-packages\setuptools\command\build_py.py:212: _Warning: Package 'thinc.backends' is absent from the `packages` configuration.
            !!
      
                    ********************************************************************************
                    ############################
2025-06-20 22:22:52.300 [info]                   # Package would be ignored #
                    ############################
                    Python recognizes 'thinc.backends' as an importable package[^1],
                    but it is absent from setuptools' `packages` configuration.
      
                    This leads to an ambiguous overall configuration. If you want to distribute this
                    package, please make sure that 'thinc.backends' is explicitly added
                    to the `packages` configuration field.
2025-06-20 22:22:52.300 [info]     
                    Alternatively, you can also rely on setuptools' discovery methods
                    (for example by using `find_namespace_packages(...)`/`find_namespace:`
                    instead of `find_packages(...)`/`find:`).
      
                    You can read more about "package discovery" on setuptools documentation page:
      
                    - https://setuptools.pypa.io/en/latest/userguide/package_discovery.html
      
                    If you don't want 'thinc.backends' to be distributed and are
                    already explicitly excluding 'thinc.backends' via
2025-06-20 22:22:52.301 [info]                   `find_namespace_packages(...)/find_namespace` or `find_packages(...)/find`,
                    you can try to use `exclude_package_data`, or `include-package-data=False` in
                    combination with a more fine grained `package-data` configuration.
2025-06-20 22:22:52.301 [info]                You can read more about "package data files" on setuptools documentation page:
      
                    - https://setuptools.pypa.io/en/latest/userguide/datafiles.html
      
      
                    [^1]: For Python, any directory (with suitable naming) can be imported,
                          even if it does not contain any `.py` files.
                          On the other hand, currently there is no concept of package data
                          directory, all directories are treated like packages.
                    ********************************************************************************
2025-06-20 22:22:52.301 [info]        !!
              check.warn(importable)
            C:\Users\ryanm\AppData\Local\Temp\pip-build-env-te8kgikh\overlay\Lib\site-packages\setuptools\command\build_py.py:212: _Warning: Package 'thinc.extra' is absent from the `packages` configuration.
            !!
      
                    ********************************************************************************
                    ############################
2025-06-20 22:22:52.301 [info]                # Package would be ignored #
                    ############################
                    Python recognizes 'thinc.extra' as an importable package[^1],
                    but it is absent from setuptools' `packages` configuration.
      
                    This leads to an ambiguous overall configuration. If you want to distribute this
                    package, please make sure that 'thinc.extra' is explicitly added
                    to the `packages` configuration field.
2025-06-20 22:22:52.301 [info]     
                    Alternatively, you can also rely on setuptools' discovery methods
                    (for example by using `find_namespace_packages(...)`/`find_namespace:`
                    instead of `find_packages(...)`/`find:`).
      
                    You can read more about "package discovery" on setuptools documentation page:
      
                    - https://setuptools.pypa.io/en/latest/userguide/package_discovery.html
2025-06-20 22:22:52.301 [info]                   If you don't want 'thinc.extra' to be distributed and are
                    already explicitly excluding 'thinc.extra' via
                    `find_namespace_packages(...)/find_namespace` or `find_packages(...)/find`,
                    you can try to use `exclude_package_data`, or `include-package-data=False` in
                    combination with a more fine grained `package-data` configuration.
      
                    You can read more about "package data files" on setuptools documentation page:
      
                    - https://setuptools.pypa.io/en/latest/userguide/datafiles.html
2025-06-20 22:22:52.301 [info]  
      
                    [^1]: For Python, any directory (with suitable naming) can be imported,
                          even if it does not contain any `.py` files.
                          On the other hand, currently there is no concept of package data
                          directory, all directories are treated like packages.
                    ********************************************************************************
      
            !!
              check.warn(importable)
2025-06-20 22:22:52.301 [info]           C:\Users\ryanm\AppData\Local\Temp\pip-build-env-te8kgikh\overlay\Lib\site-packages\setuptools\command\build_py.py:212: _Warning: Package 'thinc.layers' is absent from the `packages` configuration.
            !!
      
                    ********************************************************************************
                    ############################
                    # Package would be ignored #
                    ############################
                    Python recognizes 'thinc.layers' as an importable package[^1],
                    but it is absent from setuptools' `packages` configuration.
2025-06-20 22:22:52.301 [info]     
                    This leads to an ambiguous overall configuration. If you want to distribute this
                    package, please make sure that 'thinc.layers' is explicitly added
                    to the `packages` configuration field.
      
                    Alternatively, you can also rely on setuptools' discovery methods
                    (for example by using `find_namespace_packages(...)`/`find_namespace:`
                    instead of `find_packages(...)`/`find:`).
      
                    You can read more about "package discovery" on setuptools documentation page:
      
                    - https://setuptools.pypa.io/en/latest/userguide/package_discovery.html
2025-06-20 22:22:52.302 [info]                If you don't want 'thinc.layers' to be distributed and are
                    already explicitly excluding 'thinc.layers' via
                    `find_namespace_packages(...)/find_namespace` or `find_packages(...)/find`,
                    you can try to use `exclude_package_data`, or `include-package-data=False` in
                    combination with a more fine grained `package-data` configuration.
      
                    You can read more about "package data files" on setuptools documentation page:
2025-06-20 22:22:52.302 [info]                - https://setuptools.pypa.io/en/latest/userguide/datafiles.html
      
      
                    [^1]: For Python, any directory (with suitable naming) can be imported,
                          even if it does not contain any `.py` files.
                          On the other hand, currently there is no concept of package data
                          directory, all directories are treated like packages.
                    ********************************************************************************
2025-06-20 22:22:52.302 [info] 
            !!
              check.warn(importable)
            C:\Users\ryanm\AppData\Local\Temp\pip-build-env-te8kgikh\overlay\Lib\site-packages\setuptools\command\build_py.py:212: _Warning: Package 'thinc.tests.mypy.configs' is absent from the `packages` configuration.
            !!
      
                    ********************************************************************************
                    ############################
2025-06-20 22:22:52.302 [info]                # Package would be ignored #
                    ############################
                    Python recognizes 'thinc.tests.mypy.configs' as an importable package[^1],
                    but it is absent from setuptools' `packages` configuration.
      
                    This leads to an ambiguous overall configuration. If you want to distribute this
                    package, please make sure that 'thinc.tests.mypy.configs' is explicitly added
                    to the `packages` configuration field.
2025-06-20 22:22:52.302 [info]                   Alternatively, you can also rely on setuptools' discovery methods
                    (for example by using `find_namespace_packages(...)`/`find_namespace:`
                    instead of `find_packages(...)`/`find:`).
      
                    You can read more about "package discovery" on setuptools documentation page:
      
                    - https://setuptools.pypa.io/en/latest/userguide/package_discovery.html
      
                    If you don't want 'thinc.tests.mypy.configs' to be distributed and are
                    already explicitly excluding 'thinc.tests.mypy.configs' via
                    `find_namespace_packages(...)/find_namespace` or `find_packages(...)/find`,
                    you can try to use `exclude_package_data`, or `include-package-data=False` in
                    combination with a more fine grained `package-data` configuration.
2025-06-20 22:22:52.302 [info]  
                    You can read more about "package data files" on setuptools documentation page:
      
                    - https://setuptools.pypa.io/en/latest/userguide/datafiles.html
      
      
                    [^1]: For Python, any directory (with suitable naming) can be imported,
                          even if it does not contain any `.py` files.
                          On the other hand, currently there is no concept of package data
                          directory, all directories are treated like packages.
2025-06-20 22:22:52.302 [info]                   ********************************************************************************
      
            !!
              check.warn(importable)
            C:\Users\ryanm\AppData\Local\Temp\pip-build-env-te8kgikh\overlay\Lib\site-packages\setuptools\command\build_py.py:212: _Warning: Package 'thinc.tests.mypy.outputs' is absent from the `packages` configuration.
            !!
      
                    ********************************************************************************
2025-06-20 22:22:52.302 [info]                ############################
                    # Package would be ignored #
                    ############################
                    Python recognizes 'thinc.tests.mypy.outputs' as an importable package[^1],
                    but it is absent from setuptools' `packages` configuration.
      
                    This leads to an ambiguous overall configuration. If you want to distribute this
2025-06-20 22:22:52.302 [info] 
                    package, please make sure that 'thinc.tests.mypy.outputs' is explicitly added
                    to the `packages` configuration field.
      
                    Alternatively, you can also rely on setuptools' discovery methods
                    (for example by using `find_namespace_packages(...)`/`find_namespace:`
                    instead of `find_packages(...)`/`find:`).
2025-06-20 22:22:52.302 [info] 
                    You can read more about "package discovery" on setuptools documentation page:
      
                    - https://setuptools.pypa.io/en/latest/userguide/package_discovery.html
      
                    If you don't want 'thinc.tests.mypy.outputs' to be distributed and are
                    already explicitly excluding 'thinc.tests.mypy.outputs' via
                    `find_namespace_packages(...)/find_namespace` or `find_packages(...)/find`,
                    you can try to use `exclude_package_data`, or `include-package-data=False` in
2025-06-20 22:22:52.303 [info]                combination with a more fine grained `package-data` configuration.
      
                    You can read more about "package data files" on setuptools documentation page:
      
                    - https://setuptools.pypa.io/en/latest/userguide/datafiles.html
2025-06-20 22:22:52.303 [info]     
                    [^1]: For Python, any directory (with suitable naming) can be imported,
                          even if it does not contain any `.py` files.
                          On the other hand, currently there is no concept of package data
                          directory, all directories are treated like packages.
                    ********************************************************************************
      
            !!
              check.warn(importable)
2025-06-20 22:22:52.303 [info]             copying thinc\__init__.pxd -> build\lib.win-amd64-cpython-311\thinc
            copying thinc\py.typed -> build\lib.win-amd64-cpython-311\thinc
            copying thinc\backends\linalg.cpp -> build\lib.win-amd64-cpython-311\thinc\backends
            copying thinc\backends\numpy_ops.cpp -> build\lib.win-amd64-cpython-311\thinc\backends
            copying thinc\extra\search.cpp -> build\lib.win-amd64-cpython-311\thinc\extra
            copying thinc\layers\sparselinear.cpp -> build\lib.win-amd64-cpython-311\thinc\layers
            copying thinc\backends\__init__.pxd -> build\lib.win-amd64-cpython-311\thinc\backends
2025-06-20 22:22:52.303 [info]           copying thinc\backends\_custom_kernels.cu -> build\lib.win-amd64-cpython-311\thinc\backends
            copying thinc\backends\_murmur3.cu -> build\lib.win-amd64-cpython-311\thinc\backends
            copying thinc\backends\linalg.pxd -> build\lib.win-amd64-cpython-311\thinc\backends
            copying thinc\backends\linalg.pyx -> build\lib.win-amd64-cpython-311\thinc\backends
            copying thinc\backends\numpy_ops.pxd -> build\lib.win-amd64-cpython-311\thinc\backends
            copying thinc\backends\numpy_ops.pyx -> build\lib.win-amd64-cpython-311\thinc\backends
            copying thinc\extra\__init__.pxd -> build\lib.win-amd64-cpython-311\thinc\extra
            copying thinc\extra\search.pxd -> build\lib.win-amd64-cpython-311\thinc\extra
            copying thinc\extra\search.pyx -> build\lib.win-amd64-cpython-311\thinc\extra
            copying thinc\layers\sparselinear.pyx -> build\lib.win-amd64-cpython-311\thinc\layers
2025-06-20 22:22:52.303 [info] 
            copying thinc\extra\tests\c_test_search.pyx -> build\lib.win-amd64-cpython-311\thinc\extra\tests
            creating build\lib.win-amd64-cpython-311\thinc\tests\mypy\configs
            copying thinc\tests\mypy\configs\mypy-default.ini -> build\lib.win-amd64-cpython-311\thinc\tests\mypy\configs
            copying thinc\tests\mypy\configs\mypy-plugin.ini -> build\lib.win-amd64-cpython-311\thinc\tests\mypy\configs
            creating build\lib.win-amd64-cpython-311\thinc\tests\mypy\outputs
            copying thinc\tests\mypy\outputs\fail-no-plugin.txt -> build\lib.win-amd64-cpython-311\thinc\tests\mypy\outputs
            copying thinc\tests\mypy\outputs\fail-plugin.txt -> build\lib.win-amd64-cpython-311\thinc\tests\mypy\outputs
            copying thinc\tests\mypy\outputs\success-no-plugin.txt -> build\lib.win-amd64-cpython-311\thinc\tests\mypy\outputs
            copying thinc\tests\mypy\outputs\success-plugin.txt -> build\lib.win-amd64-cpython-311\thinc\tests\mypy\outputs
2025-06-20 22:22:52.303 [info]        running build_ext
            error: Microsoft Visual C++ 14.0 or greater is required. Get it with "Microsoft C++ Build Tools": https://visualstudio.microsoft.com/visual-cpp-build-tools/
            [end of output]
      
        note: This error originates from a subprocess, and is likely not a problem with pip.
        ERROR: Failed building wheel for thinc
      Failed to build thinc
      ERROR: Failed to build installable wheels for some pyproject.toml based projects (thinc)
      [end of output]
2025-06-20 22:22:52.303 [info] note: This error originates from a subprocess, and is likely not a problem with pip.
2025-06-20 22:22:52.308 [info] error: subprocess-exited-with-error

×
2025-06-20 22:22:52.308 [info] pip subprocess to install build dependencies did not run successfully.
│ exit code: 1
╰─> See above for output.

note: This error originates from a subprocess, and is likely not a problem with pip.
2025-06-20 22:22:52.765 [info] Traceback (most recent call last):
  File "c:\Users\ryanm\.vscode\extensions\ms-python.python-2025.8.0-win32-x64\python_files\create_venv.py", line 96, in run_process
2025-06-20 22:22:52.765 [info]     subprocess.run(args, cwd=os.getcwd(), check=True)  # noqa: PTH109
2025-06-20 22:22:52.765 [info]     ^^^^^^^^^^^^^^^^^^^^^^^^^^^^^^^^^^^^^^^^^^
2025-06-20 22:22:52.765 [info] ^^^^^^^
  File "C:\Program Files\Python311\Lib\subprocess.py", line 569, in run
2025-06-20 22:22:52.765 [info]     raise CalledProcessError(retcode, process.args,
subprocess.CalledProcessError: Command '['c:\\Projects\\adm\\App_Update\\.venv\\Scripts\\python.exe', '-m', 'pip', 'install', '-r', 'c:\\Projects\\adm\\App_Update\\requirements.txt']' returned non-zero exit status 1.

The above exception was the direct cause of the following exception:

Traceback (most recent call last):
  File "c:\Users\ryanm\.vscode\extensions\ms-python.python-2025.8.0-win32-x64\python_files\create_venv.py", line 271, in <module>
2025-06-20 22:22:52.766 [info]     main(sys.argv[1:])
  File "c:\Users\ryanm\.vscode\extensions\ms-python.python-2025.8.0-win32-x64\python_files\create_venv.py", line 263, in main
2025-06-20 22:22:52.766 [info]     install_requirements(venv_path, requirements)
  File "c:\Users\ryanm\.vscode\extensions\ms-python.python-2025.8.0-win32-x64\python_files\create_venv.py", line 125, in install_requirements
2025-06-20 22:22:52.766 [info]     run_process(
  File "c:\Users\ryanm\.vscode\extensions\ms-python.python-2025.8.0-win32-x64\python_files\create_venv.py", line 98, in run_process
2025-06-20 22:22:52.766 [info]     raise VenvError(error_message) from exc
VenvError: CREATE_VENV.PIP_FAILED_INSTALL_REQUIREMENTS
2025-06-20 22:22:52.776 [error] Error while running venv creation script:  CREATE_VENV.PIP_FAILED_INSTALL_REQUIREMENTS
2025-06-20 22:22:52.776 [error] CREATE_VENV.PIP_FAILED_INSTALL_REQUIREMENTS
