2025-06-20 22:16:47.670 [info] Experiment 'pythonRecommendTensorboardExt' is active
2025-06-20 22:16:47.670 [info] Experiment 'pythonTerminalEnvVarActivation' is active
2025-06-20 22:16:47.670 [warning] Dir "c:\Projects\adm\App_Update\.pixi\envs" is not watchable (directory does not exist)
2025-06-20 22:16:47.670 [warning] Dir "c:\Projects\adm\App_Update\.conda\.pixi\envs" is not watchable (directory does not exist)
2025-06-20 22:16:47.670 [warning] Dir "c:\Projects\adm\App_Update\.ebextensions\.pixi\envs" is not watchable (directory does not exist)
2025-06-20 22:16:47.670 [warning] Dir "c:\Projects\adm\App_Update\.elasticbeanstalk\.pixi\envs" is not watchable (directory does not exist)
2025-06-20 22:16:47.670 [warning] Dir "c:\Projects\adm\App_Update\.venv\.pixi\envs" is not watchable (directory does not exist)
2025-06-20 22:16:47.671 [warning] Dir "c:\Projects\adm\App_Update\clean-env\.pixi\envs" is not watchable (directory does not exist)
2025-06-20 22:16:47.671 [warning] Dir "c:\Projects\adm\App_Update\Config\.pixi\envs" is not watchable (directory does not exist)
2025-06-20 22:16:47.671 [warning] Dir "c:\Projects\adm\App_Update\Data_Intake\.pixi\envs" is not watchable (directory does not exist)
2025-06-20 22:16:47.671 [warning] Dir "c:\Projects\adm\App_Update\Data_Intake\__pycache__\.pixi\envs" is not watchable (directory does not exist)
2025-06-20 22:16:47.671 [warning] Dir "c:\Projects\adm\App_Update\Integration\.pixi\envs" is not watchable (directory does not exist)
2025-06-20 22:16:47.671 [warning] Dir "c:\Projects\adm\App_Update\modeling\.pixi\envs" is not watchable (directory does not exist)
2025-06-20 22:16:47.671 [warning] Dir "c:\Projects\adm\App_Update\modeling\__pycache__\.pixi\envs" is not watchable (directory does not exist)
2025-06-20 22:16:47.671 [warning] Dir "c:\Projects\adm\App_Update\new-env\.pixi\envs" is not watchable (directory does not exist)
2025-06-20 22:16:47.671 [warning] Dir "c:\Projects\adm\App_Update\output\.pixi\envs" is not watchable (directory does not exist)
2025-06-20 22:16:47.671 [warning] Dir "c:\Projects\adm\App_Update\preprocessing\.pixi\envs" is not watchable (directory does not exist)
2025-06-20 22:16:47.671 [warning] Dir "c:\Projects\adm\App_Update\Purhcase_handler\.pixi\envs" is not watchable (directory does not exist)
2025-06-20 22:16:47.671 [warning] Dir "c:\Projects\adm\App_Update\ui\.pixi\envs" is not watchable (directory does not exist)
2025-06-20 22:16:47.673 [warning] Identifier for virt-virtualenv failed to identify c:\Projects\adm\App_Update\.conda\python.exe [Error: ENOENT: no such file or directory, scandir 'c:\Projects\adm\App_Update\.conda'] {
  errno: -4058,
  code: 'ENOENT',
  syscall: 'scandir',
  path: 'c:\\Projects\\adm\\App_Update\\.conda'
}
2025-06-20 22:16:47.673 [warning] Identifier for virt-virtualenv failed to identify c:\Projects\adm\App_Update\.conda\python.exe [Error: ENOENT: no such file or directory, scandir 'c:\Projects\adm\App_Update\.conda'] {
  errno: -4058,
  code: 'ENOENT',
  syscall: 'scandir',
  path: 'c:\\Projects\\adm\\App_Update\\.conda'
}
2025-06-20 22:16:47.689 [info] > c:\Projects\adm\App_Update\.conda\python.exe -I ~\.vscode\extensions\ms-python.python-2025.8.0-win32-x64\python_files\get_output_via_markers.py ~\.vscode\extensions\ms-python.python-2025.8.0-win32-x64\python_files\interpreterInfo.py
2025-06-20 22:16:47.703 [info] > pyenv which python
2025-06-20 22:16:47.703 [info] cwd: c:\Projects\adm\App_Update
2025-06-20 22:16:47.711 [error] [Error: Command failed: c:\Projects\adm\App_Update\.conda\python.exe -I c:\Users\ryanm\.vscode\extensions\ms-python.python-2025.8.0-win32-x64\python_files\get_output_via_markers.py c:\Users\ryanm\.vscode\extensions\ms-python.python-2025.8.0-win32-x64\python_files\interpreterInfo.py
The system cannot find the path specified.

	at genericNodeError (node:internal/errors:983:15)
	at wrappedFn (node:internal/errors:537:14)
	at ChildProcess.exithandler (node:child_process:415:12)
	at ChildProcess.emit (node:events:530:35)
	at maybeClose (node:internal/child_process:1101:16)
	at ChildProcess._handle.onexit (node:internal/child_process:304:5)] {
  code: 1,
  killed: false,
  signal: null,
  cmd: 'c:\\Projects\\adm\\App_Update\\.conda\\python.exe -I c:\\Users\\ryanm\\.vscode\\extensions\\ms-python.python-2025.8.0-win32-x64\\python_files\\get_output_via_markers.py c:\\Users\\ryanm\\.vscode\\extensions\\ms-python.python-2025.8.0-win32-x64\\python_files\\interpreterInfo.py'
}
2025-06-20 22:16:50.156 [info] > c:\Projects\adm\App_Update\.conda\python.exe -I ~\.vscode\extensions\ms-python.python-2025.8.0-win32-x64\python_files\get_output_via_markers.py ~\.vscode\extensions\ms-python.python-2025.8.0-win32-x64\python_files\interpreterInfo.py
2025-06-20 22:16:51.119 [error] Error: Command failed: c:\Projects\adm\App_Update\.conda\python.exe -I c:\Users\ryanm\.vscode\extensions\ms-python.python-2025.8.0-win32-x64\python_files\get_output_via_markers.py c:\Users\ryanm\.vscode\extensions\ms-python.python-2025.8.0-win32-x64\python_files\interpreterInfo.py
The system cannot find the path specified.

    at genericNodeError (node:internal/errors:983:15)
    at wrappedFn (node:internal/errors:537:14)
    at ChildProcess.exithandler (node:child_process:415:12)
    at ChildProcess.emit (node:events:530:35)
    at maybeClose (node:internal/child_process:1101:16)
    at Socket.<anonymous> (node:internal/child_process:456:11)
    at Socket.emit (node:events:518:28)
    at Pipe.<anonymous> (node:net:351:12) {
  code: 1,
  killed: false,
  signal: null,
  cmd: 'c:\\Projects\\adm\\App_Update\\.conda\\python.exe -I c:\\Users\\ryanm\\.vscode\\extensions\\ms-python.python-2025.8.0-win32-x64\\python_files\\get_output_via_markers.py c:\\Users\\ryanm\\.vscode\\extensions\\ms-python.python-2025.8.0-win32-x64\\python_files\\interpreterInfo.py'
}
2025-06-20 22:16:52.953 [info] Starting Pylance language server.
2025-06-20 22:17:09.548 [info] Selected workspace c:\Projects\adm\App_Update for creating virtual environment.
2025-06-20 22:17:09.560 [info] Starting Environment refresh
2025-06-20 22:17:09.560 [info] Searching for windows registry interpreters
2025-06-20 22:17:09.560 [info] Searching windows known paths locator
2025-06-20 22:17:09.561 [info] Searching for pyenv environments
2025-06-20 22:17:09.561 [info] Searching for conda environments
2025-06-20 22:17:09.561 [info] Searching for global virtual environments
2025-06-20 22:17:09.561 [info] Searching for custom virtual environments
2025-06-20 22:17:09.561 [info] Searching for windows store envs
2025-06-20 22:17:09.565 [info] > conda info --json
2025-06-20 22:17:09.582 [info] > hatch env show --json
2025-06-20 22:17:09.582 [info] cwd: C:\Projects\adm\App_Update
2025-06-20 22:17:09.582 [info] > hatch env show --json
2025-06-20 22:17:09.582 [info] cwd: C:\Projects\adm\App_Update\.conda
2025-06-20 22:17:09.582 [info] > hatch env show --json
2025-06-20 22:17:09.582 [info] cwd: C:\Projects\adm\App_Update\.ebextensions
2025-06-20 22:17:09.582 [info] > hatch env show --json
2025-06-20 22:17:09.582 [info] cwd: C:\Projects\adm\App_Update\.elasticbeanstalk
2025-06-20 22:17:09.582 [info] > hatch env show --json
2025-06-20 22:17:09.582 [info] cwd: C:\Projects\adm\App_Update\.venv
2025-06-20 22:17:09.582 [info] > hatch env show --json
2025-06-20 22:17:09.582 [info] cwd: C:\Projects\adm\App_Update\clean-env
2025-06-20 22:17:09.582 [info] > hatch env show --json
2025-06-20 22:17:09.582 [info] cwd: C:\Projects\adm\App_Update\Config
2025-06-20 22:17:09.582 [info] > hatch env show --json
2025-06-20 22:17:09.582 [info] cwd: C:\Projects\adm\App_Update\Data_Intake
2025-06-20 22:17:09.582 [info] > hatch env show --json
2025-06-20 22:17:09.582 [info] cwd: C:\Projects\adm\App_Update\Data_Intake\__pycache__
2025-06-20 22:17:09.582 [info] > hatch env show --json
2025-06-20 22:17:09.582 [info] cwd: C:\Projects\adm\App_Update\Integration
2025-06-20 22:17:09.582 [info] > hatch env show --json
2025-06-20 22:17:09.582 [info] cwd: C:\Projects\adm\App_Update\modeling
2025-06-20 22:17:09.583 [info] > hatch env show --json
2025-06-20 22:17:09.583 [info] cwd: C:\Projects\adm\App_Update\modeling\__pycache__
2025-06-20 22:17:09.583 [info] > hatch env show --json
2025-06-20 22:17:09.583 [info] cwd: C:\Projects\adm\App_Update\new-env
2025-06-20 22:17:09.583 [info] > hatch env show --json
2025-06-20 22:17:09.583 [info] cwd: C:\Projects\adm\App_Update\output
2025-06-20 22:17:09.583 [info] > hatch env show --json
2025-06-20 22:17:09.583 [info] cwd: C:\Projects\adm\App_Update\preprocessing
2025-06-20 22:17:09.583 [info] > hatch env show --json
2025-06-20 22:17:09.583 [info] cwd: C:\Projects\adm\App_Update\Purhcase_handler
2025-06-20 22:17:09.583 [info] > hatch env show --json
2025-06-20 22:17:09.583 [info] cwd: C:\Projects\adm\App_Update\ui
2025-06-20 22:17:09.590 [info] pyenv is not installed
2025-06-20 22:17:09.590 [info] Finished searching for pyenv environments: 30 milliseconds
2025-06-20 22:17:09.590 [info] Finished searching for custom virtual envs: 29 milliseconds
2025-06-20 22:17:09.607 [info] Finished searching for global virtual envs: 47 milliseconds
2025-06-20 22:17:09.619 [info] > ~\AppData\Local\Microsoft\WindowsApps\python3.13.exe -I ~\.vscode\extensions\ms-python.python-2025.8.0-win32-x64\python_files\get_output_via_markers.py ~\.vscode\extensions\ms-python.python-2025.8.0-win32-x64\python_files\interpreterInfo.py
2025-06-20 22:17:09.620 [info] Finished searching for windows store envs: 59 milliseconds
2025-06-20 22:17:09.620 [info] Finished searching windows known paths locator: 61 milliseconds
2025-06-20 22:17:09.638 [info] > "C:\Program Files\Python310\python.exe" -I ~\.vscode\extensions\ms-python.python-2025.8.0-win32-x64\python_files\get_output_via_markers.py ~\.vscode\extensions\ms-python.python-2025.8.0-win32-x64\python_files\interpreterInfo.py
2025-06-20 22:17:09.911 [info] Finished searching for windows registry interpreters: 359 milliseconds
2025-06-20 22:17:09.912 [info] > ~\.anaconda\Scripts\conda.exe info --json
2025-06-20 22:17:09.913 [info] > ~\.conda\Scripts\conda.exe info --json
2025-06-20 22:17:09.913 [info] > ~\.condarc\Scripts\conda.exe info --json
2025-06-20 22:17:09.920 [info] > C:\Conda\Scripts\conda.exe info --json
2025-06-20 22:17:11.511 [info] Selected interpreter C:\Program Files\Python310\python.exe for creating virtual environment.
2025-06-20 22:17:11.864 [info] > C:\Conda\condabin\conda.bat info --json
2025-06-20 22:17:11.865 [info] Finished searching for conda environments: 2305 milliseconds
2025-06-20 22:17:11.873 [info] > C:\Conda\python.exe -I ~\.vscode\extensions\ms-python.python-2025.8.0-win32-x64\python_files\get_output_via_markers.py ~\.vscode\extensions\ms-python.python-2025.8.0-win32-x64\python_files\interpreterInfo.py
2025-06-20 22:17:11.873 [info] Environments refresh paths discovered (event): 2321 milliseconds
2025-06-20 22:17:11.873 [info] Environments refresh paths discovered: 2321 milliseconds
2025-06-20 22:17:11.944 [info] Environments refresh finished (event): 2392 milliseconds
2025-06-20 22:17:11.945 [info] Environment refresh took 2395 milliseconds
2025-06-20 22:17:14.300 [info] Running Env creation script:  [
  'C:\\Program Files\\Python310\\python.exe',
  'c:\\Users\\ryanm\\.vscode\\extensions\\ms-python.python-2025.8.0-win32-x64\\python_files\\create_venv.py',
  '--git-ignore',
  '--requirements',
  'c:\\Projects\\adm\\App_Update\\requirements.txt'
]
2025-06-20 22:17:14.300 [info] > "C:\Program Files\Python310\python.exe" ~\.vscode\extensions\ms-python.python-2025.8.0-win32-x64\python_files\create_venv.py --git-ignore --requirements c:\Projects\adm\App_Update\requirements.txt
2025-06-20 22:17:14.300 [info] cwd: c:\Projects\adm\App_Update
2025-06-20 22:17:14.395 [info] Running: C:\Program Files\Python310\python.exe -m venv .venv
2025-06-20 22:17:15.568 [info] > c:\Projects\adm\App_Update\.venv\Scripts\python.exe -I ~\.vscode\extensions\ms-python.python-2025.8.0-win32-x64\python_files\get_output_via_markers.py ~\.vscode\extensions\ms-python.python-2025.8.0-win32-x64\python_files\interpreterInfo.py
2025-06-20 22:17:15.568 [info] Environments refresh paths discovered: 23 milliseconds
2025-06-20 22:17:15.646 [info] Environments refresh finished (event): 101 milliseconds
2025-06-20 22:17:20.572 [info] CREATED_VENV:c:\Projects\adm\App_Update\.venv\Scripts\python.exe
Creating: c:\Projects\adm\App_Update\.venv\.gitignore
2025-06-20 22:17:20.572 [info] CREATE_VENV.UPGRADING_PIP
Running: c:\Projects\adm\App_Update\.venv\Scripts\python.exe -m pip install --upgrade pip
2025-06-20 22:17:20.979 [info] Requirement already satisfied: pip in c:\projects\adm\app_update\.venv\lib\site-packages (21.2.3)
2025-06-20 22:17:21.140 [info] Collecting pip
2025-06-20 22:17:21.145 [info]   Using cached pip-25.1.1-py3-none-any.whl (1.8 MB)
2025-06-20 22:17:21.199 [info] Installing collected packages: pip
  Attempting uninstall: pip
2025-06-20 22:17:21.199 [info]     Found existing installation: pip 21.2.3
2025-06-20 22:17:21.576 [info]     Uninstalling pip-21.2.3:
2025-06-20 22:17:21.596 [info]       Successfully uninstalled pip-21.2.3
2025-06-20 22:17:25.486 [info] Successfully installed pip-25.1.1
2025-06-20 22:17:25.548 [info] CREATE_VENV.UPGRADED_PIP
VENV_INSTALLING_REQUIREMENTS: ['c:\\Projects\\adm\\App_Update\\requirements.txt']
VENV_INSTALLING_REQUIREMENTS: c:\Projects\adm\App_Update\requirements.txt
Running: c:\Projects\adm\App_Update\.venv\Scripts\python.exe -m pip install -r c:\Projects\adm\App_Update\requirements.txt
2025-06-20 22:17:26.297 [info] Collecting https://github.com/explosion/spacy-models/releases/download/en_core_web_sm-3.0.0/en_core_web_sm-3.0.0.tar.gz (from -r c:\Projects\adm\App_Update\requirements.txt (line 3))
2025-06-20 22:17:26.663 [info]   Downloading https://github.com/explosion/spacy-models/releases/download/en_core_web_sm-3.0.0/en_core_web_sm-3.0.0.tar.gz (13.7 MB)
2025-06-20 22:17:27.325 [info]      --------------------------------------- 13.7/13.7 MB 22.1 MB/s
2025-06-20 22:17:27.325 [info]  eta 0:00:00
2025-06-20 22:17:27.548 [info]   Installing build dependencies: started
2025-06-20 22:17:28.646 [info]   Installing build dependencies: finished with status 'done'
2025-06-20 22:17:28.648 [info]   Getting requirements to build wheel: started
2025-06-20 22:17:29.608 [info]   Getting requirements to build wheel: finished with status 'done'
2025-06-20 22:17:29.611 [info]   Preparing metadata (pyproject.toml): started
2025-06-20 22:17:29.964 [info]   Preparing metadata (pyproject.toml): finished with status 'done'
2025-06-20 22:17:30.204 [info] Collecting matplotlib (from -r c:\Projects\adm\App_Update\requirements.txt (line 1))
2025-06-20 22:17:30.207 [info]   Using cached matplotlib-3.10.3-cp310-cp310-win_amd64.whl.metadata (11 kB)
2025-06-20 22:17:30.354 [info] Collecting spacy (from -r c:\Projects\adm\App_Update\requirements.txt (line 2))
2025-06-20 22:17:30.356 [info]   Using cached spacy-3.8.7-cp310-cp310-win_amd64.whl.metadata (28 kB)
2025-06-20 22:17:30.424 [info] Collecting openpyxl==3.0.10 (from -r c:\Projects\adm\App_Update\requirements.txt (line 4))
2025-06-20 22:17:30.426 [info]   Using cached openpyxl-3.0.10-py2.py3-none-any.whl.metadata (2.4 kB)
2025-06-20 22:17:30.480 [info] Collecting pytest==6.2.5 (from -r c:\Projects\adm\App_Update\requirements.txt (line 5))
2025-06-20 22:17:30.482 [info]   Using cached pytest-6.2.5-py3-none-any.whl.metadata (7.5 kB)
2025-06-20 22:17:30.703 [info] Collecting numpy (from -r c:\Projects\adm\App_Update\requirements.txt (line 6))
2025-06-20 22:17:30.706 [info]   Using cached numpy-2.2.6-cp310-cp310-win_amd64.whl.metadata (60 kB)
2025-06-20 22:17:30.784 [info] Collecting transformers==4.11.3 (from -r c:\Projects\adm\App_Update\requirements.txt (line 7))
2025-06-20 22:17:30.786 [info]   Using cached transformers-4.11.3-py3-none-any.whl.metadata (53 kB)
2025-06-20 22:17:30.905 [info] Collecting fuzzywuzzy==0.18.0 (from -r c:\Projects\adm\App_Update\requirements.txt (line 8))
2025-06-20 22:17:30.907 [info]   Using cached fuzzywuzzy-0.18.0-py2.py3-none-any.whl.metadata (4.9 kB)
2025-06-20 22:17:31.275 [info] Collecting boto3 (from -r c:\Projects\adm\App_Update\requirements.txt (line 9))
2025-06-20 22:17:31.277 [info]   Using cached boto3-1.38.41-py3-none-any.whl.metadata (6.6 kB)
2025-06-20 22:17:31.287 [info] Collecting spacy (from -r c:\Projects\adm\App_Update\requirements.txt (line 2))
2025-06-20 22:17:31.289 [info]   Using cached spacy-3.0.9-cp310-cp310-win_amd64.whl.metadata (17 kB)
2025-06-20 22:17:31.343 [info] Collecting et-xmlfile (from openpyxl==3.0.10->-r c:\Projects\adm\App_Update\requirements.txt (line 4))
2025-06-20 22:17:31.345 [info]   Using cached et_xmlfile-2.0.0-py3-none-any.whl.metadata (2.7 kB)
2025-06-20 22:17:31.392 [info] Collecting attrs>=19.2.0 (from pytest==6.2.5->-r c:\Projects\adm\App_Update\requirements.txt (line 5))
2025-06-20 22:17:31.394 [info]   Using cached attrs-25.3.0-py3-none-any.whl.metadata (10 kB)
2025-06-20 22:17:31.450 [info] Collecting iniconfig (from pytest==6.2.5->-r c:\Projects\adm\App_Update\requirements.txt (line 5))
2025-06-20 22:17:31.452 [info]   Using cached iniconfig-2.1.0-py3-none-any.whl.metadata (2.7 kB)
2025-06-20 22:17:31.497 [info] Collecting packaging (from pytest==6.2.5->-r c:\Projects\adm\App_Update\requirements.txt (line 5))
2025-06-20 22:17:31.499 [info]   Using cached packaging-25.0-py3-none-any.whl.metadata (3.3 kB)
2025-06-20 22:17:31.533 [info] Collecting pluggy<2.0,>=0.12 (from pytest==6.2.5->-r c:\Projects\adm\App_Update\requirements.txt (line 5))
2025-06-20 22:17:31.535 [info]   Using cached pluggy-1.6.0-py3-none-any.whl.metadata (4.8 kB)
2025-06-20 22:17:31.590 [info] Collecting py>=1.8.2 (from pytest==6.2.5->-r c:\Projects\adm\App_Update\requirements.txt (line 5))
2025-06-20 22:17:31.592 [info]   Using cached py-1.11.0-py2.py3-none-any.whl.metadata (2.8 kB)
2025-06-20 22:17:31.636 [info] Collecting toml (from pytest==6.2.5->-r c:\Projects\adm\App_Update\requirements.txt (line 5))
2025-06-20 22:17:31.638 [info]   Using cached toml-0.10.2-py2.py3-none-any.whl.metadata (7.1 kB)
2025-06-20 22:17:31.684 [info] Collecting atomicwrites>=1.0 (from pytest==6.2.5->-r c:\Projects\adm\App_Update\requirements.txt (line 5))
2025-06-20 22:17:31.684 [info]   Using cached atomicwrites-1.4.1-py2.py3-none-any.whl
2025-06-20 22:17:31.755 [info] Collecting colorama (from pytest==6.2.5->-r c:\Projects\adm\App_Update\requirements.txt (line 5))
2025-06-20 22:17:31.757 [info]   Using cached colorama-0.4.6-py2.py3-none-any.whl.metadata (17 kB)
2025-06-20 22:17:31.970 [info] Collecting filelock (from transformers==4.11.3->-r c:\Projects\adm\App_Update\requirements.txt (line 7))
2025-06-20 22:17:31.972 [info]   Using cached filelock-3.18.0-py3-none-any.whl.metadata (2.9 kB)
2025-06-20 22:17:32.133 [info] Collecting huggingface-hub>=0.0.17 (from transformers==4.11.3->-r c:\Projects\adm\App_Update\requirements.txt (line 7))
2025-06-20 22:17:32.135 [info]   Using cached huggingface_hub-0.33.0-py3-none-any.whl.metadata (14 kB)
2025-06-20 22:17:32.326 [info] Collecting pyyaml>=5.1 (from transformers==4.11.3->-r c:\Projects\adm\App_Update\requirements.txt (line 7))
2025-06-20 22:17:32.328 [info]   Using cached PyYAML-6.0.2-cp310-cp310-win_amd64.whl.metadata (2.1 kB)
2025-06-20 22:17:32.759 [info] Collecting regex!=2019.12.17 (from transformers==4.11.3->-r c:\Projects\adm\App_Update\requirements.txt (line 7))
2025-06-20 22:17:32.761 [info]   Using cached regex-2024.11.6-cp310-cp310-win_amd64.whl.metadata (41 kB)
2025-06-20 22:17:32.836 [info] Collecting requests (from transformers==4.11.3->-r c:\Projects\adm\App_Update\requirements.txt (line 7))
2025-06-20 22:17:32.838 [info]   Using cached requests-2.32.4-py3-none-any.whl.metadata (4.9 kB)
2025-06-20 22:17:32.888 [info] Collecting sacremoses (from transformers==4.11.3->-r c:\Projects\adm\App_Update\requirements.txt (line 7))
2025-06-20 22:17:32.890 [info]   Using cached sacremoses-0.1.1-py3-none-any.whl.metadata (8.3 kB)
2025-06-20 22:17:33.135 [info] Collecting tokenizers<0.11,>=0.10.1 (from transformers==4.11.3->-r c:\Projects\adm\App_Update\requirements.txt (line 7))
2025-06-20 22:17:33.137 [info]   Using cached tokenizers-0.10.3.tar.gz (212 kB)
2025-06-20 22:17:33.251 [info]   Installing build dependencies: started
2025-06-20 22:17:34.664 [info]   Installing build dependencies: finished with status 'done'
2025-06-20 22:17:34.665 [info]   Getting requirements to build wheel: started
2025-06-20 22:17:35.778 [info]   Getting requirements to build wheel: finished with status 'done'
2025-06-20 22:17:35.780 [info]   Preparing metadata (pyproject.toml): started
2025-06-20 22:17:36.091 [info]   Preparing metadata (pyproject.toml): finished with status 'done'
2025-06-20 22:17:36.161 [info] Collecting tqdm>=4.27 (from transformers==4.11.3->-r c:\Projects\adm\App_Update\requirements.txt (line 7))
2025-06-20 22:17:36.163 [info]   Using cached tqdm-4.67.1-py3-none-any.whl.metadata (57 kB)
2025-06-20 22:17:36.302 [info] Collecting spacy-legacy<3.1.0,>=3.0.5 (from spacy->-r c:\Projects\adm\App_Update\requirements.txt (line 2))
2025-06-20 22:17:36.304 [info]   Using cached spacy_legacy-3.0.12-py2.py3-none-any.whl.metadata (2.8 kB)
2025-06-20 22:17:36.374 [info] Collecting murmurhash<1.1.0,>=0.28.0 (from spacy->-r c:\Projects\adm\App_Update\requirements.txt (line 2))
2025-06-20 22:17:36.376 [info]   Using cached murmurhash-1.0.13-cp310-cp310-win_amd64.whl.metadata (2.2 kB)
2025-06-20 22:17:36.429 [info] Collecting cymem<2.1.0,>=2.0.2 (from spacy->-r c:\Projects\adm\App_Update\requirements.txt (line 2))
2025-06-20 22:17:36.431 [info]   Using cached cymem-2.0.11-cp310-cp310-win_amd64.whl.metadata (8.8 kB)
2025-06-20 22:17:36.491 [info] Collecting preshed<3.1.0,>=3.0.2 (from spacy->-r c:\Projects\adm\App_Update\requirements.txt (line 2))
2025-06-20 22:17:36.494 [info]   Using cached preshed-3.0.10-cp310-cp310-win_amd64.whl.metadata (2.5 kB)
2025-06-20 22:17:36.654 [info] Collecting thinc<8.1.0,>=8.0.3 (from spacy->-r c:\Projects\adm\App_Update\requirements.txt (line 2))
2025-06-20 22:17:36.656 [info]   Using cached thinc-8.0.17-cp310-cp310-win_amd64.whl.metadata (14 kB)
2025-06-20 22:17:36.800 [info] Collecting blis<0.8.0,>=0.4.0 (from spacy->-r c:\Projects\adm\App_Update\requirements.txt (line 2))
2025-06-20 22:17:36.802 [info]   Using cached blis-0.7.11-cp310-cp310-win_amd64.whl.metadata (7.6 kB)
2025-06-20 22:17:36.839 [info] Collecting wasabi<1.1.0,>=0.8.1 (from spacy->-r c:\Projects\adm\App_Update\requirements.txt (line 2))
2025-06-20 22:17:36.841 [info]   Using cached wasabi-0.10.1-py3-none-any.whl.metadata (28 kB)
2025-06-20 22:17:36.960 [info] Collecting srsly<3.0.0,>=2.4.1 (from spacy->-r c:\Projects\adm\App_Update\requirements.txt (line 2))
2025-06-20 22:17:36.962 [info]   Using cached srsly-2.5.1-cp310-cp310-win_amd64.whl.metadata (20 kB)
2025-06-20 22:17:37.084 [info] Collecting catalogue<2.1.0,>=2.0.4 (from spacy->-r c:\Projects\adm\App_Update\requirements.txt (line 2))
2025-06-20 22:17:37.086 [info]   Using cached catalogue-2.0.10-py3-none-any.whl.metadata (14 kB)
2025-06-20 22:17:37.205 [info] Collecting typer<0.4.0,>=0.3.0 (from spacy->-r c:\Projects\adm\App_Update\requirements.txt (line 2))
2025-06-20 22:17:37.207 [info]   Using cached typer-0.3.2-py3-none-any.whl.metadata (12 kB)
2025-06-20 22:17:37.275 [info] Collecting pathy>=0.3.5 (from spacy->-r c:\Projects\adm\App_Update\requirements.txt (line 2))
2025-06-20 22:17:37.277 [info]   Using cached pathy-0.11.0-py3-none-any.whl.metadata (16 kB)
2025-06-20 22:17:37.417 [info] Collecting smart-open<7.0.0,>=5.2.1 (from spacy->-r c:\Projects\adm\App_Update\requirements.txt (line 2))
2025-06-20 22:17:37.419 [info]   Using cached smart_open-6.4.0-py3-none-any.whl.metadata (21 kB)
2025-06-20 22:17:37.671 [info] Collecting pydantic!=1.8,!=1.8.1,<1.9.0,>=1.7.4 (from spacy->-r c:\Projects\adm\App_Update\requirements.txt (line 2))
2025-06-20 22:17:37.673 [info]   Using cached pydantic-1.8.2-py3-none-any.whl.metadata (103 kB)
2025-06-20 22:17:37.755 [info] Collecting jinja2 (from spacy->-r c:\Projects\adm\App_Update\requirements.txt (line 2))
2025-06-20 22:17:37.757 [info]   Using cached jinja2-3.1.6-py3-none-any.whl.metadata (2.9 kB)
2025-06-20 22:17:37.769 [info] Requirement already satisfied: setuptools in c:\projects\adm\app_update\.venv\lib\site-packages (from spacy->-r c:\Projects\adm\App_Update\requirements.txt (line 2)) (57.4.0)
2025-06-20 22:17:38.041 [info] Collecting typing-extensions>=3.7.4.3 (from pydantic!=1.8,!=1.8.1,<1.9.0,>=1.7.4->spacy->-r c:\Projects\adm\App_Update\requirements.txt (line 2))
2025-06-20 22:17:38.044 [info]   Using cached typing_extensions-4.14.0-py3-none-any.whl.metadata (3.0 kB)
2025-06-20 22:17:38.161 [info] Collecting charset_normalizer<4,>=2 (from requests->transformers==4.11.3->-r c:\Projects\adm\App_Update\requirements.txt (line 7))
2025-06-20 22:17:38.164 [info]   Using cached charset_normalizer-3.4.2-cp310-cp310-win_amd64.whl.metadata (36 kB)
2025-06-20 22:17:38.213 [info] Collecting idna<4,>=2.5 (from requests->transformers==4.11.3->-r c:\Projects\adm\App_Update\requirements.txt (line 7))
2025-06-20 22:17:38.215 [info]   Using cached idna-3.10-py3-none-any.whl.metadata (10 kB)
2025-06-20 22:17:38.295 [info] Collecting urllib3<3,>=1.21.1 (from requests->transformers==4.11.3->-r c:\Projects\adm\App_Update\requirements.txt (line 7))
2025-06-20 22:17:38.298 [info]   Using cached urllib3-2.5.0-py3-none-any.whl.metadata (6.5 kB)
2025-06-20 22:17:38.385 [info] Collecting certifi>=2017.4.17 (from requests->transformers==4.11.3->-r c:\Projects\adm\App_Update\requirements.txt (line 7))
2025-06-20 22:17:38.387 [info]   Using cached certifi-2025.6.15-py3-none-any.whl.metadata (2.4 kB)
2025-06-20 22:17:38.479 [info] Collecting click<7.2.0,>=7.1.1 (from typer<0.4.0,>=0.3.0->spacy->-r c:\Projects\adm\App_Update\requirements.txt (line 2))
2025-06-20 22:17:38.482 [info]   Using cached click-7.1.2-py2.py3-none-any.whl.metadata (2.9 kB)
2025-06-20 22:17:38.612 [info] Collecting contourpy>=1.0.1 (from matplotlib->-r c:\Projects\adm\App_Update\requirements.txt (line 1))
2025-06-20 22:17:38.614 [info]   Using cached contourpy-1.3.2-cp310-cp310-win_amd64.whl.metadata (5.5 kB)
2025-06-20 22:17:38.687 [info] Collecting cycler>=0.10 (from matplotlib->-r c:\Projects\adm\App_Update\requirements.txt (line 1))
2025-06-20 22:17:38.689 [info]   Using cached cycler-0.12.1-py3-none-any.whl.metadata (3.8 kB)
2025-06-20 22:17:38.953 [info] Collecting fonttools>=4.22.0 (from matplotlib->-r c:\Projects\adm\App_Update\requirements.txt (line 1))
2025-06-20 22:17:38.955 [info]   Using cached fonttools-4.58.4-cp310-cp310-win_amd64.whl.metadata (108 kB)
2025-06-20 22:17:39.078 [info] Collecting kiwisolver>=1.3.1 (from matplotlib->-r c:\Projects\adm\App_Update\requirements.txt (line 1))
2025-06-20 22:17:39.080 [info]   Using cached kiwisolver-1.4.8-cp310-cp310-win_amd64.whl.metadata (6.3 kB)
2025-06-20 22:17:39.272 [info] Collecting pillow>=8 (from matplotlib->-r c:\Projects\adm\App_Update\requirements.txt (line 1))
2025-06-20 22:17:39.274 [info]   Using cached pillow-11.2.1-cp310-cp310-win_amd64.whl.metadata (9.1 kB)
2025-06-20 22:17:39.365 [info] Collecting pyparsing>=2.3.1 (from matplotlib->-r c:\Projects\adm\App_Update\requirements.txt (line 1))
2025-06-20 22:17:39.367 [info]   Using cached pyparsing-3.2.3-py3-none-any.whl.metadata (5.0 kB)
2025-06-20 22:17:39.413 [info] Collecting python-dateutil>=2.7 (from matplotlib->-r c:\Projects\adm\App_Update\requirements.txt (line 1))
2025-06-20 22:17:39.416 [info]   Using cached python_dateutil-2.9.0.post0-py2.py3-none-any.whl.metadata (8.4 kB)
2025-06-20 22:17:39.895 [info] Collecting botocore<1.39.0,>=1.38.41 (from boto3->-r c:\Projects\adm\App_Update\requirements.txt (line 9))
2025-06-20 22:17:39.900 [info]   Using cached botocore-1.38.41-py3-none-any.whl.metadata (5.7 kB)
2025-06-20 22:17:39.946 [info] Collecting jmespath<2.0.0,>=0.7.1 (from boto3->-r c:\Projects\adm\App_Update\requirements.txt (line 9))
2025-06-20 22:17:39.948 [info]   Using cached jmespath-1.0.1-py3-none-any.whl.metadata (7.6 kB)
2025-06-20 22:17:39.990 [info] Collecting s3transfer<0.14.0,>=0.13.0 (from boto3->-r c:\Projects\adm\App_Update\requirements.txt (line 9))
2025-06-20 22:17:39.992 [info]   Using cached s3transfer-0.13.0-py3-none-any.whl.metadata (1.7 kB)
2025-06-20 22:17:40.050 [info] Collecting six>=1.5 (from python-dateutil>=2.7->matplotlib->-r c:\Projects\adm\App_Update\requirements.txt (line 1))
2025-06-20 22:17:40.052 [info]   Using cached six-1.17.0-py2.py3-none-any.whl.metadata (1.7 kB)
2025-06-20 22:17:40.283 [info] Collecting fsspec>=2023.5.0 (from huggingface-hub>=0.0.17->transformers==4.11.3->-r c:\Projects\adm\App_Update\requirements.txt (line 7))
2025-06-20 22:17:40.286 [info]   Using cached fsspec-2025.5.1-py3-none-any.whl.metadata (11 kB)
2025-06-20 22:17:40.389 [info] Collecting pathlib-abc==0.1.1 (from pathy>=0.3.5->spacy->-r c:\Projects\adm\App_Update\requirements.txt (line 2))
2025-06-20 22:17:40.391 [info]   Using cached pathlib_abc-0.1.1-py3-none-any.whl.metadata (18 kB)
2025-06-20 22:17:40.494 [info] Collecting MarkupSafe>=2.0 (from jinja2->spacy->-r c:\Projects\adm\App_Update\requirements.txt (line 2))
2025-06-20 22:17:40.496 [info]   Using cached MarkupSafe-3.0.2-cp310-cp310-win_amd64.whl.metadata (4.1 kB)
2025-06-20 22:17:40.556 [info] Collecting joblib (from sacremoses->transformers==4.11.3->-r c:\Projects\adm\App_Update\requirements.txt (line 7))
2025-06-20 22:17:40.559 [info]   Using cached joblib-1.5.1-py3-none-any.whl.metadata (5.6 kB)
2025-06-20 22:17:40.573 [info] Using cached openpyxl-3.0.10-py2.py3-none-any.whl (242 kB)
2025-06-20 22:17:40.575 [info] Using cached pytest-6.2.5-py3-none-any.whl (280 kB)
2025-06-20 22:17:40.578 [info] Using cached transformers-4.11.3-py3-none-any.whl (2.9 MB)
2025-06-20 22:17:40.582 [info] Using cached fuzzywuzzy-0.18.0-py2.py3-none-any.whl (18 kB)
2025-06-20 22:17:40.583 [info] Using cached spacy-3.0.9-cp310-cp310-win_amd64.whl (11.1 MB)
2025-06-20 22:17:40.593 [info] Using cached blis-0.7.11-cp310-cp310-win_amd64.whl (6.6 MB)
2025-06-20 22:17:40.599 [info] Using cached catalogue-2.0.10-py3-none-any.whl (17 kB)
2025-06-20 22:17:40.601 [info] Using cached cymem-2.0.11-cp310-cp310-win_amd64.whl (39 kB)
2025-06-20 22:17:40.602 [info] Using cached murmurhash-1.0.13-cp310-cp310-win_amd64.whl (24 kB)
2025-06-20 22:17:40.604 [info] Using cached pluggy-1.6.0-py3-none-any.whl (20 kB)
2025-06-20 22:17:40.606 [info] Using cached preshed-3.0.10-cp310-cp310-win_amd64.whl (117 kB)
2025-06-20 22:17:40.608 [info] Using cached pydantic-1.8.2-py3-none-any.whl (126 kB)
2025-06-20 22:17:40.610 [info] Using cached requests-2.32.4-py3-none-any.whl (64 kB)
2025-06-20 22:17:40.612 [info] Using cached charset_normalizer-3.4.2-cp310-cp310-win_amd64.whl (105 kB)
2025-06-20 22:17:40.614 [info] Using cached idna-3.10-py3-none-any.whl (70 kB)
2025-06-20 22:17:40.616 [info] Using cached smart_open-6.4.0-py3-none-any.whl (57 kB)
2025-06-20 22:17:40.618 [info] Using cached spacy_legacy-3.0.12-py2.py3-none-any.whl (29 kB)
2025-06-20 22:17:40.619 [info] Using cached srsly-2.5.1-cp310-cp310-win_amd64.whl (632 kB)
2025-06-20 22:17:40.621 [info] Using cached thinc-8.0.17-cp310-cp310-win_amd64.whl (1.0 MB)
2025-06-20 22:17:40.624 [info] Using cached tqdm-4.67.1-py3-none-any.whl (78 kB)
2025-06-20 22:17:40.627 [info] Using cached typer-0.3.2-py3-none-any.whl (21 kB)
2025-06-20 22:17:40.629 [info] Using cached click-7.1.2-py2.py3-none-any.whl (82 kB)
2025-06-20 22:17:40.631 [info] Using cached urllib3-2.5.0-py3-none-any.whl (129 kB)
2025-06-20 22:17:40.632 [info] Using cached wasabi-0.10.1-py3-none-any.whl (26 kB)
2025-06-20 22:17:40.634 [info] Using cached matplotlib-3.10.3-cp310-cp310-win_amd64.whl (8.1 MB)
2025-06-20 22:17:40.641 [info] Using cached numpy-2.2.6-cp310-cp310-win_amd64.whl (12.9 MB)
2025-06-20 22:17:40.652 [info] Using cached boto3-1.38.41-py3-none-any.whl (139 kB)
2025-06-20 22:17:40.653 [info] Using cached botocore-1.38.41-py3-none-any.whl (13.7 MB)
2025-06-20 22:17:40.665 [info] Using cached jmespath-1.0.1-py3-none-any.whl (20 kB)
2025-06-20 22:17:40.666 [info] Using cached python_dateutil-2.9.0.post0-py2.py3-none-any.whl (229 kB)
2025-06-20 22:17:40.668 [info] Using cached s3transfer-0.13.0-py3-none-any.whl (85 kB)
2025-06-20 22:17:40.670 [info] Using cached attrs-25.3.0-py3-none-any.whl (63 kB)
2025-06-20 22:17:40.672 [info] Using cached certifi-2025.6.15-py3-none-any.whl (157 kB)
2025-06-20 22:17:40.674 [info] Using cached contourpy-1.3.2-cp310-cp310-win_amd64.whl (221 kB)
2025-06-20 22:17:40.677 [info] Using cached cycler-0.12.1-py3-none-any.whl (8.3 kB)
2025-06-20 22:17:40.679 [info] Using cached fonttools-4.58.4-cp310-cp310-win_amd64.whl (2.2 MB)
2025-06-20 22:17:40.683 [info] Using cached huggingface_hub-0.33.0-py3-none-any.whl (514 kB)
2025-06-20 22:17:40.685 [info] Using cached fsspec-2025.5.1-py3-none-any.whl (199 kB)
2025-06-20 22:17:40.687 [info] Using cached kiwisolver-1.4.8-cp310-cp310-win_amd64.whl (71 kB)
2025-06-20 22:17:40.688 [info] Using cached packaging-25.0-py3-none-any.whl (66 kB)
2025-06-20 22:17:40.690 [info] Using cached pathy-0.11.0-py3-none-any.whl (47 kB)
2025-06-20 22:17:40.692 [info] Using cached pathlib_abc-0.1.1-py3-none-any.whl (23 kB)
2025-06-20 22:17:40.694 [info] Using cached pillow-11.2.1-cp310-cp310-win_amd64.whl (2.7 MB)
2025-06-20 22:17:40.698 [info] Using cached py-1.11.0-py2.py3-none-any.whl (98 kB)
2025-06-20 22:17:40.699 [info] Using cached pyparsing-3.2.3-py3-none-any.whl (111 kB)
2025-06-20 22:17:40.701 [info] Using cached PyYAML-6.0.2-cp310-cp310-win_amd64.whl (161 kB)
2025-06-20 22:17:40.703 [info] Using cached regex-2024.11.6-cp310-cp310-win_amd64.whl (274 kB)
2025-06-20 22:17:40.705 [info] Using cached six-1.17.0-py2.py3-none-any.whl (11 kB)
2025-06-20 22:17:40.707 [info] Using cached typing_extensions-4.14.0-py3-none-any.whl (43 kB)
2025-06-20 22:17:40.709 [info] Using cached colorama-0.4.6-py2.py3-none-any.whl (25 kB)
2025-06-20 22:17:40.711 [info] Using cached et_xmlfile-2.0.0-py3-none-any.whl (18 kB)
2025-06-20 22:17:40.713 [info] Using cached filelock-3.18.0-py3-none-any.whl (16 kB)
2025-06-20 22:17:40.715 [info] Using cached iniconfig-2.1.0-py3-none-any.whl (6.0 kB)
2025-06-20 22:17:40.716 [info] Using cached jinja2-3.1.6-py3-none-any.whl (134 kB)
2025-06-20 22:17:40.718 [info] Using cached MarkupSafe-3.0.2-cp310-cp310-win_amd64.whl (15 kB)
2025-06-20 22:17:40.720 [info] Using cached sacremoses-0.1.1-py3-none-any.whl (897 kB)
2025-06-20 22:17:40.723 [info] Using cached joblib-1.5.1-py3-none-any.whl (307 kB)
2025-06-20 22:17:40.725 [info] Using cached toml-0.10.2-py2.py3-none-any.whl (16 kB)
2025-06-20 22:17:41.410 [info] Building wheels for collected packages: en_core_web_sm, tokenizers
2025-06-20 22:17:41.412 [info]   Building wheel for en_core_web_sm (pyproject.toml): started
2025-06-20 22:17:43.015 [info]   Building wheel for en_core_web_sm (pyproject.toml): finished with status 'done'
2025-06-20 22:17:43.051 [info]   Created wheel for en_core_web_sm: filename=en_core_web_sm-3.0.0-py3-none-any.whl size=13704376 sha256=b686507201e42036b60d61ad2d685335dae91011009839556bc7ae0ae947681b
2025-06-20 22:17:43.051 [info]   Stored in directory: c:\users\ryanm\appdata\local\pip\cache\wheels\02\71\33\ba353e928efc99d80cd9a851dfcfb11fab8a04839fc4e63088
2025-06-20 22:17:43.067 [info]   Building wheel for tokenizers (pyproject.toml): started
2025-06-20 22:17:43.503 [info]   Building wheel for tokenizers (pyproject.toml): finished with status 'error'
2025-06-20 22:17:43.508 [info]   error: subprocess-exited-with-error
  
  ×
2025-06-20 22:17:43.508 [info]  Building wheel for tokenizers (pyproject.toml) did not run successfully.
  │ exit code: 1
  ╰─> [62 lines of output]
      C:\Users\ryanm\AppData\Local\Temp\pip-build-env-caa3i5in\overlay\Lib\site-packages\setuptools\dist.py:759: SetuptoolsDeprecationWarning: License classifiers are deprecated.
      !!
      
              ********************************************************************************
              Please consider removing the following classifiers in favor of a SPDX license expression:
      
              License :: OSI Approved :: Apache Software License
      
              See https://packaging.python.org/en/latest/guides/writing-pyproject-toml/#license for details.
              ********************************************************************************
      
      !!
        self._finalize_license_expression()
      running bdist_wheel
2025-06-20 22:17:43.509 [info]     running build
      running build_py
      creating build\lib.win-amd64-cpython-310\tokenizers
      copying py_src\tokenizers\__init__.py -> build\lib.win-amd64-cpython-310\tokenizers
      creating build\lib.win-amd64-cpython-310\tokenizers\models
      copying py_src\tokenizers\models\__init__.py -> build\lib.win-amd64-cpython-310\tokenizers\models
      creating build\lib.win-amd64-cpython-310\tokenizers\decoders
      copying py_src\tokenizers\decoders\__init__.py -> build\lib.win-amd64-cpython-310\tokenizers\decoders
      creating build\lib.win-amd64-cpython-310\tokenizers\normalizers
      copying py_src\tokenizers\normalizers\__init__.py -> build\lib.win-amd64-cpython-310\tokenizers\normalizers
      creating build\lib.win-amd64-cpython-310\tokenizers\pre_tokenizers
      copying py_src\tokenizers\pre_tokenizers\__init__.py -> build\lib.win-amd64-cpython-310\tokenizers\pre_tokenizers
      creating build\lib.win-amd64-cpython-310\tokenizers\processors
      copying py_src\tokenizers\processors\__init__.py -> build\lib.win-amd64-cpython-310\tokenizers\processors
      creating build\lib.win-amd64-cpython-310\tokenizers\trainers
      copying py_src\tokenizers\trainers\__init__.py -> build\lib.win-amd64-cpython-310\tokenizers\trainers
      creating build\lib.win-amd64-cpython-310\tokenizers\implementations
      copying py_src\tokenizers\implementations\base_tokenizer.py -> build\lib.win-amd64-cpython-310\tokenizers\implementations
      copying py_src\tokenizers\implementations\bert_wordpiece.py -> build\lib.win-amd64-cpython-310\tokenizers\implementations
      copying py_src\tokenizers\implementations\byte_level_bpe.py -> build\lib.win-amd64-cpython-310\tokenizers\implementations
      copying py_src\tokenizers\implementations\char_level_bpe.py -> build\lib.win-amd64-cpython-310\tokenizers\implementations
2025-06-20 22:17:43.509 [info] 
      copying py_src\tokenizers\implementations\sentencepiece_bpe.py -> build\lib.win-amd64-cpython-310\tokenizers\implementations
      copying py_src\tokenizers\implementations\sentencepiece_unigram.py -> build\lib.win-amd64-cpython-310\tokenizers\implementations
      copying py_src\tokenizers\implementations\__init__.py -> build\lib.win-amd64-cpython-310\tokenizers\implementations
      creating build\lib.win-amd64-cpython-310\tokenizers\tools
      copying py_src\tokenizers\tools\visualizer.py -> build\lib.win-amd64-cpython-310\tokenizers\tools
      copying py_src\tokenizers\tools\__init__.py -> build\lib.win-amd64-cpython-310\tokenizers\tools
      copying py_src\tokenizers\__init__.pyi -> build\lib.win-amd64-cpython-310\tokenizers
      copying py_src\tokenizers\models\__init__.pyi -> build\lib.win-amd64-cpython-310\tokenizers\models
      copying py_src\tokenizers\decoders\__init__.pyi -> build\lib.win-amd64-cpython-310\tokenizers\decoders
2025-06-20 22:17:43.509 [info] 
      copying py_src\tokenizers\normalizers\__init__.pyi -> build\lib.win-amd64-cpython-310\tokenizers\normalizers
      copying py_src\tokenizers\pre_tokenizers\__init__.pyi -> build\lib.win-amd64-cpython-310\tokenizers\pre_tokenizers
      copying py_src\tokenizers\processors\__init__.pyi -> build\lib.win-amd64-cpython-310\tokenizers\processors
      copying py_src\tokenizers\trainers\__init__.pyi -> build\lib.win-amd64-cpython-310\tokenizers\trainers
2025-06-20 22:17:43.509 [info]     copying py_src\tokenizers\tools\visualizer-styles.css -> build\lib.win-amd64-cpython-310\tokenizers\tools
      running build_ext
      running build_rust
      error: can't find Rust compiler
      
      If you are using an outdated pip version, it is possible a prebuilt wheel is available for this package but pip is not able to install from it. Installing from the wheel would avoid the need for a Rust compiler.
2025-06-20 22:17:43.509 [info]       To update pip, run:
      
          pip install --upgrade pip
      
      and then retry package installation.
2025-06-20 22:17:43.509 [info] 
      
      If you did intend to build this package from source, try installing a Rust compiler from your system package manager and ensure it is on the PATH during installation. Alternatively, rustup (available at https://rustup.rs) is the recommended way to download and update the Rust compiler toolchain.
      [end of output]
  
  note
2025-06-20 22:17:43.509 [info] : This error originates from a subprocess, and is likely not a problem with pip.
2025-06-20 22:17:43.510 [info]   ERROR: Failed building wheel for tokenizers
2025-06-20 22:17:43.510 [info] Successfully built en_core_web_sm
2025-06-20 22:17:43.511 [info] Failed to build tokenizers
2025-06-20 22:17:43.511 [info] ERROR: Failed to build installable wheels for some pyproject.toml based projects (tokenizers)
2025-06-20 22:17:44.544 [info] Traceback (most recent call last):
  File "c:\Users\ryanm\.vscode\extensions\ms-python.python-2025.8.0-win32-x64\python_files\create_venv.py", line 96, in run_process
2025-06-20 22:17:44.544 [info]     subprocess.run(args, cwd=os.getcwd(), check=True)  # noqa: PTH109
  File "C:\Program Files\Python310\lib\subprocess.py", line 524, in run
2025-06-20 22:17:44.545 [info]     raise CalledProcessError(retcode, process.args,
subprocess.CalledProcessError
2025-06-20 22:17:44.545 [info] : Command '['c:\\Projects\\adm\\App_Update\\.venv\\Scripts\\python.exe', '-m', 'pip', 'install', '-r', 'c:\\Projects\\adm\\App_Update\\requirements.txt']' returned non-zero exit status 1.

The above exception was the direct cause of the following exception:

Traceback (most recent call last):
  File "c:\Users\ryanm\.vscode\extensions\ms-python.python-2025.8.0-win32-x64\python_files\create_venv.py", line 271, in <module>
2025-06-20 22:17:44.545 [info]     main(sys.argv[1:])
  File "c:\Users\ryanm\.vscode\extensions\ms-python.python-2025.8.0-win32-x64\python_files\create_venv.py", line 263, in main
2025-06-20 22:17:44.545 [info]     install_requirements(venv_path, requirements)
  File "c:\Users\ryanm\.vscode\extensions\ms-python.python-2025.8.0-win32-x64\python_files\create_venv.py", line 125, in install_requirements
2025-06-20 22:17:44.545 [info]     run_process(
  File "c:\Users\ryanm\.vscode\extensions\ms-python.python-2025.8.0-win32-x64\python_files\create_venv.py", line 98, in run_process
2025-06-20 22:17:44.545 [info]     raise VenvError(error_message) from exc
__main__.VenvError: CREATE_VENV.PIP_FAILED_INSTALL_REQUIREMENTS
2025-06-20 22:17:44.554 [error] Error while running venv creation script:  CREATE_VENV.PIP_FAILED_INSTALL_REQUIREMENTS
2025-06-20 22:17:44.555 [error] CREATE_VENV.PIP_FAILED_INSTALL_REQUIREMENTS
2025-06-20 22:17:48.800 [info] Python interpreter path: ~\AppData\Local\Microsoft\WindowsApps\python3.13.exe
