2025-06-20 21:55:18.114 [info] Experiment 'pythonRecommendTensorboardExt' is active
2025-06-20 21:55:18.114 [info] Experiment 'pythonTerminalEnvVarActivation' is active
2025-06-20 21:55:18.114 [warning] Dir "c:\Projects\adm\App_Update\.pixi\envs" is not watchable (directory does not exist)
2025-06-20 21:55:18.114 [warning] Dir "c:\Projects\adm\App_Update\.conda\.pixi\envs" is not watchable (directory does not exist)
2025-06-20 21:55:18.114 [warning] Dir "c:\Projects\adm\App_Update\.ebextensions\.pixi\envs" is not watchable (directory does not exist)
2025-06-20 21:55:18.114 [warning] Dir "c:\Projects\adm\App_Update\.elasticbeanstalk\.pixi\envs" is not watchable (directory does not exist)
2025-06-20 21:55:18.114 [warning] Dir "c:\Projects\adm\App_Update\.venv\.pixi\envs" is not watchable (directory does not exist)
2025-06-20 21:55:18.115 [warning] Dir "c:\Projects\adm\App_Update\clean-env\.pixi\envs" is not watchable (directory does not exist)
2025-06-20 21:55:18.115 [warning] Dir "c:\Projects\adm\App_Update\Config\.pixi\envs" is not watchable (directory does not exist)
2025-06-20 21:55:18.115 [warning] Dir "c:\Projects\adm\App_Update\Data_Intake\.pixi\envs" is not watchable (directory does not exist)
2025-06-20 21:55:18.115 [warning] Dir "c:\Projects\adm\App_Update\Data_Intake\__pycache__\.pixi\envs" is not watchable (directory does not exist)
2025-06-20 21:55:18.115 [warning] Dir "c:\Projects\adm\App_Update\Integration\.pixi\envs" is not watchable (directory does not exist)
2025-06-20 21:55:18.115 [warning] Dir "c:\Projects\adm\App_Update\modeling\.pixi\envs" is not watchable (directory does not exist)
2025-06-20 21:55:18.115 [warning] Dir "c:\Projects\adm\App_Update\modeling\__pycache__\.pixi\envs" is not watchable (directory does not exist)
2025-06-20 21:55:18.115 [warning] Dir "c:\Projects\adm\App_Update\new-env\.pixi\envs" is not watchable (directory does not exist)
2025-06-20 21:55:18.115 [warning] Dir "c:\Projects\adm\App_Update\output\.pixi\envs" is not watchable (directory does not exist)
2025-06-20 21:55:18.115 [warning] Dir "c:\Projects\adm\App_Update\preprocessing\.pixi\envs" is not watchable (directory does not exist)
2025-06-20 21:55:18.115 [warning] Dir "c:\Projects\adm\App_Update\Purhcase_handler\.pixi\envs" is not watchable (directory does not exist)
2025-06-20 21:55:18.115 [warning] Dir "c:\Projects\adm\App_Update\ui\.pixi\envs" is not watchable (directory does not exist)
2025-06-20 21:55:18.115 [info] Running installed packages checker:  {
  id: 'C:\\USERS\\RYANM\\APPDATA\\LOCAL\\MICROSOFT\\WINDOWSAPPS\\PYTHON3.13.EXE',
  sysPrefix: 'C:\\Program Files\\WindowsApps\\PythonSoftwareFoundation.Python.3.13_3.13.1520.0_x64__qbz5n2kfra8p0',
  envType: 'MicrosoftStore',
  envName: '',
  envPath: '',
  path: 'C:\\Users\\ryanm\\AppData\\Local\\Microsoft\\WindowsApps\\python3.13.exe',
  architecture: 3,
  sysVersion: '3.13.5 (tags/v3.13.5:6cb20a2, Jun 11 2025, 16:15:46) [MSC v.1943 64 bit (AMD64)]',
  version: {
    raw: '3.13.5',
    major: 3,
    minor: 13,
    patch: 5,
    build: [],
    prerelease: [ 'final', '0' ]
  },
  companyDisplayName: 'Microsoft',
  displayName: 'Python 3.13.5 64-bit (Microsoft Store)',
  detailedDisplayName: 'Python 3.13.5 64-bit (Microsoft Store)',
  type: undefined
} c:\Users\ryanm\.vscode\extensions\ms-python.python-2025.8.0-win32-x64\python_files\installed_check.py c:\Projects\adm\App_Update\requirements.txt
2025-06-20 21:55:18.115 [info] > ~\AppData\Local\Microsoft\WindowsApps\python3.13.exe ~\.vscode\extensions\ms-python.python-2025.8.0-win32-x64\python_files\installed_check.py c:\Projects\adm\App_Update\requirements.txt
2025-06-20 21:55:18.115 [info] Python interpreter path: ~\AppData\Local\Microsoft\WindowsApps\python3.13.exe
2025-06-20 21:55:18.115 [info] > pyenv which python
2025-06-20 21:55:18.115 [info] cwd: c:\Projects\adm\App_Update
2025-06-20 21:55:18.263 [info] > conda info --json
2025-06-20 21:55:18.263 [info] shell: powershell
2025-06-20 21:55:23.049 [info] > ~\.anaconda\Scripts\conda.exe info --json
2025-06-20 21:55:23.049 [info] shell: powershell
2025-06-20 21:55:23.453 [info] > ~\.conda\Scripts\conda.exe info --json
2025-06-20 21:55:23.453 [info] shell: powershell
2025-06-20 21:55:23.808 [info] > ~\.condarc\Scripts\conda.exe info --json
2025-06-20 21:55:23.808 [info] shell: powershell
2025-06-20 21:55:24.182 [info] > C:\Conda\Scripts\conda.exe info --json
2025-06-20 21:55:24.182 [info] shell: powershell
2025-06-20 21:55:24.270 [info] Starting Pylance language server.
2025-06-20 21:55:24.275 [info] > conda info --json
2025-06-20 21:55:24.286 [info] > ~\.anaconda\Scripts\conda.exe info --json
2025-06-20 21:55:24.288 [info] > ~\.conda\Scripts\conda.exe info --json
2025-06-20 21:55:24.289 [info] > ~\.condarc\Scripts\conda.exe info --json
2025-06-20 21:55:24.333 [info] > C:\Conda\Scripts\conda.exe info --json
2025-06-20 21:55:27.760 [info] > C:\Conda\condabin\conda.bat info --json
2025-06-20 21:55:27.760 [info] shell: powershell
2025-06-20 21:55:27.768 [info] > C:\Conda\condabin\conda.bat info --json
2025-06-20 21:55:30.887 [info] > C:\Conda\Scripts\conda.exe run -p c:\Projects\adm\App_Update\.conda --no-capture-output python ~\.vscode\extensions\ms-python.python-2025.8.0-win32-x64\python_files\get_output_via_markers.py ~/.vscode/extensions/ms-python.python-2025.8.0-win32-x64/python_files/printEnvVariables.py
2025-06-20 21:55:30.887 [info] shell: powershell
2025-06-20 21:55:31.224 [info] Selected workspace c:\Projects\adm\App_Update for creating virtual environment.
2025-06-20 21:55:31.229 [info] Starting Environment refresh
2025-06-20 21:55:31.229 [info] Searching for windows registry interpreters
2025-06-20 21:55:31.229 [info] Searching windows known paths locator
2025-06-20 21:55:31.230 [info] Searching for pyenv environments
2025-06-20 21:55:31.230 [info] Searching for conda environments
2025-06-20 21:55:31.231 [info] Searching for global virtual environments
2025-06-20 21:55:31.231 [info] Searching for custom virtual environments
2025-06-20 21:55:31.231 [info] Finished searching for windows registry interpreters: 2 milliseconds
2025-06-20 21:55:31.231 [info] Searching for windows store envs
2025-06-20 21:55:31.264 [info] > hatch env show --json
2025-06-20 21:55:31.264 [info] cwd: C:\Projects\adm\App_Update
2025-06-20 21:55:31.264 [info] > hatch env show --json
2025-06-20 21:55:31.264 [info] cwd: C:\Projects\adm\App_Update\.conda
2025-06-20 21:55:31.264 [info] > hatch env show --json
2025-06-20 21:55:31.264 [info] cwd: C:\Projects\adm\App_Update\.ebextensions
2025-06-20 21:55:31.264 [info] > hatch env show --json
2025-06-20 21:55:31.264 [info] cwd: C:\Projects\adm\App_Update\.elasticbeanstalk
2025-06-20 21:55:31.264 [info] > hatch env show --json
2025-06-20 21:55:31.264 [info] cwd: C:\Projects\adm\App_Update\.venv
2025-06-20 21:55:31.264 [info] > hatch env show --json
2025-06-20 21:55:31.264 [info] cwd: C:\Projects\adm\App_Update\clean-env
2025-06-20 21:55:31.264 [info] > hatch env show --json
2025-06-20 21:55:31.264 [info] cwd: C:\Projects\adm\App_Update\Config
2025-06-20 21:55:31.264 [info] > hatch env show --json
2025-06-20 21:55:31.264 [info] cwd: C:\Projects\adm\App_Update\Data_Intake
2025-06-20 21:55:31.265 [info] > hatch env show --json
2025-06-20 21:55:31.265 [info] cwd: C:\Projects\adm\App_Update\Data_Intake\__pycache__
2025-06-20 21:55:31.265 [info] > hatch env show --json
2025-06-20 21:55:31.265 [info] cwd: C:\Projects\adm\App_Update\Integration
2025-06-20 21:55:31.265 [info] > hatch env show --json
2025-06-20 21:55:31.265 [info] cwd: C:\Projects\adm\App_Update\modeling
2025-06-20 21:55:31.265 [info] > hatch env show --json
2025-06-20 21:55:31.265 [info] cwd: C:\Projects\adm\App_Update\modeling\__pycache__
2025-06-20 21:55:31.265 [info] > hatch env show --json
2025-06-20 21:55:31.265 [info] cwd: C:\Projects\adm\App_Update\new-env
2025-06-20 21:55:31.265 [info] > hatch env show --json
2025-06-20 21:55:31.265 [info] cwd: C:\Projects\adm\App_Update\output
2025-06-20 21:55:31.265 [info] > hatch env show --json
2025-06-20 21:55:31.265 [info] cwd: C:\Projects\adm\App_Update\preprocessing
2025-06-20 21:55:31.265 [info] > hatch env show --json
2025-06-20 21:55:31.265 [info] cwd: C:\Projects\adm\App_Update\Purhcase_handler
2025-06-20 21:55:31.265 [info] > hatch env show --json
2025-06-20 21:55:31.265 [info] cwd: C:\Projects\adm\App_Update\ui
2025-06-20 21:55:31.273 [info] pyenv is not installed
2025-06-20 21:55:31.273 [info] Finished searching for pyenv environments: 44 milliseconds
2025-06-20 21:55:31.273 [info] Finished searching for custom virtual envs: 44 milliseconds
2025-06-20 21:55:31.286 [info] Finished searching windows known paths locator: 58 milliseconds
2025-06-20 21:55:31.289 [info] Finished searching for global virtual envs: 59 milliseconds
2025-06-20 21:55:31.308 [info] > c:\Projects\adm\App_Update\.conda\python.exe -I ~\.vscode\extensions\ms-python.python-2025.8.0-win32-x64\python_files\get_output_via_markers.py ~\.vscode\extensions\ms-python.python-2025.8.0-win32-x64\python_files\interpreterInfo.py
2025-06-20 21:55:31.519 [info] > ~\AppData\Local\Microsoft\WindowsApps\python3.13.exe -I ~\.vscode\extensions\ms-python.python-2025.8.0-win32-x64\python_files\get_output_via_markers.py ~\.vscode\extensions\ms-python.python-2025.8.0-win32-x64\python_files\interpreterInfo.py
2025-06-20 21:55:31.534 [info] > C:\Conda\python.exe -I ~\.vscode\extensions\ms-python.python-2025.8.0-win32-x64\python_files\get_output_via_markers.py ~\.vscode\extensions\ms-python.python-2025.8.0-win32-x64\python_files\interpreterInfo.py
2025-06-20 21:55:31.534 [info] Finished searching for conda environments: 304 milliseconds
2025-06-20 21:55:31.535 [info] Finished searching for windows store envs: 305 milliseconds
2025-06-20 21:55:31.556 [info] Environments refresh paths discovered (event): 328 milliseconds
2025-06-20 21:55:31.556 [info] Environments refresh paths discovered: 328 milliseconds
2025-06-20 21:55:31.706 [info] Environments refresh finished (event): 478 milliseconds
2025-06-20 21:55:31.710 [info] Environment refresh took 483 milliseconds
2025-06-20 21:55:31.710 [info] Python interpreter path: .\.conda\python.exe
2025-06-20 21:55:34.557 [info] > ~\AppData\Local\Microsoft\WindowsApps\python3.13.exe ~/.vscode/extensions/ms-python.python-2025.8.0-win32-x64/python_files/printEnvVariables.py
2025-06-20 21:55:34.557 [info] shell: powershell
2025-06-20 21:55:34.877 [info] Setting environment variable CONDA_ALLOW_SOFTLINKS in collection to false {"applyAtShellIntegration":true,"applyAtProcessCreation":true}
2025-06-20 21:55:34.877 [info] Setting environment variable CONDA_DEFAULT_ENV in collection to c:\Projects\adm\App_Update\.conda {"applyAtShellIntegration":true,"applyAtProcessCreation":true}
2025-06-20 21:55:34.877 [info] Setting environment variable CONDA_EXE in collection to C:\Conda\Scripts\conda.exe {"applyAtShellIntegration":true,"applyAtProcessCreation":true}
2025-06-20 21:55:34.877 [info] Setting environment variable CONDA_PREFIX in collection to c:\Projects\adm\App_Update\.conda {"applyAtShellIntegration":true,"applyAtProcessCreation":true}
2025-06-20 21:55:34.877 [info] Setting environment variable CONDA_PROMPT_MODIFIER in collection to (c:\Projects\adm\App_Update\.conda)  {"applyAtShellIntegration":true,"applyAtProcessCreation":true}
2025-06-20 21:55:34.877 [info] Setting environment variable CONDA_PYTHON_EXE in collection to C:\Conda\python.exe {"applyAtShellIntegration":true,"applyAtProcessCreation":true}
2025-06-20 21:55:34.877 [info] Setting environment variable CONDA_ROOT in collection to C:\Conda {"applyAtShellIntegration":true,"applyAtProcessCreation":true}
2025-06-20 21:55:34.877 [info] Setting environment variable CONDA_SHLVL in collection to 1 {"applyAtShellIntegration":true,"applyAtProcessCreation":true}
2025-06-20 21:55:34.877 [info] Prepending environment variable PATH in collection to c:\Projects\adm\App_Update\.conda;c:\Projects\adm\App_Update\.conda\Library\mingw-w64\bin;c:\Projects\adm\App_Update\.conda\Library\usr\bin;c:\Projects\adm\App_Update\.conda\Library\bin;c:\Projects\adm\App_Update\.conda\Scripts;c:\Projects\adm\App_Update\.conda\bin;C:\Conda\condabin;C:\WINDOWS\system32;C:\WINDOWS;C:\WINDOWS\System32\Wbem;C:\WINDOWS\System32\WindowsPowerShell\v1.0;C:\WINDOWS\System32\OpenSSH;C:\Program Files (x86)\NVIDIA Corporation\PhysX\Common;C:\Program Files\dotnet;C:\Program Files\Git\cmd;C:\Program Files\Docker\Docker\resources\bin;C:\Users\ryanm\AppData\Local\Microsoft\WindowsApps;C:\Users\ryanm\AppData\Local\Programs\Microsoft VS Code\bin; {"applyAtShellIntegration":true,"applyAtProcessCreation":true}
2025-06-20 21:55:34.877 [info] Setting environment variable PROMPT in collection to (c:\Projects\adm\App_Update\.conda) $P$G {"applyAtShellIntegration":true,"applyAtProcessCreation":true}
2025-06-20 21:55:34.877 [info] Setting environment variable SSL_CERT_FILE in collection to c:\Projects\adm\App_Update\.conda\Library\ssl\cacert.pem {"applyAtShellIntegration":true,"applyAtProcessCreation":true}
2025-06-20 21:55:34.877 [info] Setting environment variable _CONDA_OLD_CHCP in collection to 437 {"applyAtShellIntegration":true,"applyAtProcessCreation":true}
2025-06-20 21:55:34.878 [info] Setting environment variable __CONDA_OPENSLL_CERT_FILE_SET in collection to "1" {"applyAtShellIntegration":true,"applyAtProcessCreation":true}
2025-06-20 21:55:34.878 [info] Send text to terminal: & C:/Users/ryanm/AppData/Local/Microsoft/WindowsApps/python3.13.exe c:\Users\ryanm\.vscode\extensions\ms-python.python-2025.8.0-win32-x64\python_files\printEnvVariablesToFile.py c:\Users\ryanm\.vscode\extensions\ms-python.python-2025.8.0-win32-x64\python_files\deactivate\powershell\envVars.txt
2025-06-20 21:58:24.967 [info] Selected workspace c:\Projects\adm\App_Update for creating virtual environment.
2025-06-20 22:00:43.452 [info] Starting Environment refresh
2025-06-20 22:00:43.452 [info] Searching for windows registry interpreters
2025-06-20 22:00:43.452 [info] Searching windows known paths locator
2025-06-20 22:00:43.453 [info] Searching for pyenv environments
2025-06-20 22:00:43.453 [info] Searching for conda environments
2025-06-20 22:00:43.453 [info] Searching for global virtual environments
2025-06-20 22:00:43.453 [info] Searching for custom virtual environments
2025-06-20 22:00:43.453 [info] Finished searching for windows registry interpreters: 1 milliseconds
2025-06-20 22:00:43.453 [info] Searching for windows store envs
2025-06-20 22:00:43.458 [info] > C:\Conda\Scripts\conda.exe info --json
2025-06-20 22:00:43.460 [info] pyenv is not installed
2025-06-20 22:00:43.460 [info] Finished searching for pyenv environments: 8 milliseconds
2025-06-20 22:00:43.461 [info] Finished searching for custom virtual envs: 8 milliseconds
2025-06-20 22:00:43.474 [info] Finished searching windows known paths locator: 22 milliseconds
2025-06-20 22:00:43.475 [info] Finished searching for global virtual envs: 22 milliseconds
2025-06-20 22:00:43.479 [warning] Identifier for virt-virtualenv failed to identify c:\Projects\adm\App_Update\.conda\python.exe [Error: ENOENT: no such file or directory, scandir 'c:\Projects\adm\App_Update\.conda'] {
  errno: -4058,
  code: 'ENOENT',
  syscall: 'scandir',
  path: 'c:\\Projects\\adm\\App_Update\\.conda'
}
2025-06-20 22:00:43.482 [info] Finished searching for windows store envs: 29 milliseconds
2025-06-20 22:00:45.407 [info] Finished searching for conda environments: 1955 milliseconds
2025-06-20 22:00:45.409 [info] Environments refresh paths discovered (event): 1957 milliseconds
2025-06-20 22:00:45.409 [info] Environments refresh finished (event): 1957 milliseconds
2025-06-20 22:00:45.409 [info] Environments refresh paths discovered: 1957 milliseconds
2025-06-20 22:00:45.410 [info] Environment refresh took 1959 milliseconds
2025-06-20 22:00:45.411 [info] Searching for conda environments
2025-06-20 22:00:45.416 [warning] Identifier for virt-virtualenv failed to identify c:\Projects\adm\App_Update\.conda\python.exe [Error: ENOENT: no such file or directory, scandir 'c:\Projects\adm\App_Update\.conda'] {
  errno: -4058,
  code: 'ENOENT',
  syscall: 'scandir',
  path: 'c:\\Projects\\adm\\App_Update\\.conda'
}
2025-06-20 22:00:45.416 [warning] Identifier for virt-virtualenv failed to identify c:\Projects\adm\App_Update\.conda\python.exe [Error: ENOENT: no such file or directory, scandir 'c:\Projects\adm\App_Update\.conda'] {
  errno: -4058,
  code: 'ENOENT',
  syscall: 'scandir',
  path: 'c:\\Projects\\adm\\App_Update\\.conda'
}
2025-06-20 22:00:45.420 [info] Finished searching for conda environments: 9 milliseconds
2025-06-20 22:00:45.422 [info] Environments refresh finished (event): 11 milliseconds
2025-06-20 22:00:45.422 [info] Environments refresh paths discovered: 11 milliseconds
2025-06-20 22:00:45.425 [warning] Identifier for virt-virtualenv failed to identify c:\Projects\adm\App_Update\.conda\python.exe [Error: ENOENT: no such file or directory, scandir 'c:\Projects\adm\App_Update\.conda'] {
  errno: -4058,
  code: 'ENOENT',
  syscall: 'scandir',
  path: 'c:\\Projects\\adm\\App_Update\\.conda'
}
2025-06-20 22:02:49.747 [info] Selected workspace c:\Projects\adm\App_Update for creating virtual environment.
2025-06-20 22:07:04.801 [info] Selected interpreter c:\Users\ryanm\AppData\Local\Programs\Python\Python310\python.exe for creating virtual environment.
2025-06-20 22:07:14.633 [info] Running Env creation script:  [
  'c:\\Users\\ryanm\\AppData\\Local\\Programs\\Python\\Python310\\python.exe',
  'c:\\Users\\ryanm\\.vscode\\extensions\\ms-python.python-2025.8.0-win32-x64\\python_files\\create_venv.py',
  '--git-ignore',
  '--requirements',
  'c:\\Projects\\adm\\App_Update\\requirements.txt'
]
2025-06-20 22:07:14.633 [info] > ~\AppData\Local\Programs\Python\Python310\python.exe ~\.vscode\extensions\ms-python.python-2025.8.0-win32-x64\python_files\create_venv.py --git-ignore --requirements c:\Projects\adm\App_Update\requirements.txt
2025-06-20 22:07:14.633 [info] cwd: c:\Projects\adm\App_Update
2025-06-20 22:07:14.754 [info] Running: c:\Users\ryanm\AppData\Local\Programs\Python\Python310\python.exe -m venv .venv
2025-06-20 22:07:16.092 [info] > c:\Projects\adm\App_Update\.venv\Scripts\python.exe -I ~\.vscode\extensions\ms-python.python-2025.8.0-win32-x64\python_files\get_output_via_markers.py ~\.vscode\extensions\ms-python.python-2025.8.0-win32-x64\python_files\interpreterInfo.py
2025-06-20 22:07:16.092 [info] Environments refresh paths discovered: 22 milliseconds
2025-06-20 22:07:16.194 [info] Environments refresh finished (event): 124 milliseconds
2025-06-20 22:07:16.199 [warning] Identifier for virt-virtualenv failed to identify c:\Projects\adm\App_Update\.conda\python.exe [Error: ENOENT: no such file or directory, scandir 'c:\Projects\adm\App_Update\.conda'] {
  errno: -4058,
  code: 'ENOENT',
  syscall: 'scandir',
  path: 'c:\\Projects\\adm\\App_Update\\.conda'
}
2025-06-20 22:07:16.205 [info] > c:\Projects\adm\App_Update\.conda\python.exe -I ~\.vscode\extensions\ms-python.python-2025.8.0-win32-x64\python_files\get_output_via_markers.py ~\.vscode\extensions\ms-python.python-2025.8.0-win32-x64\python_files\interpreterInfo.py
2025-06-20 22:07:16.226 [error] Error: Command failed: c:\Projects\adm\App_Update\.conda\python.exe -I c:\Users\ryanm\.vscode\extensions\ms-python.python-2025.8.0-win32-x64\python_files\get_output_via_markers.py c:\Users\ryanm\.vscode\extensions\ms-python.python-2025.8.0-win32-x64\python_files\interpreterInfo.py
The system cannot find the path specified.

    at genericNodeError (node:internal/errors:983:15)
    at wrappedFn (node:internal/errors:537:14)
    at ChildProcess.exithandler (node:child_process:415:12)
    at ChildProcess.emit (node:events:530:35)
    at maybeClose (node:internal/child_process:1101:16)
    at Process.ChildProcess._handle.onexit (node:internal/child_process:304:5) {
  code: 1,
  killed: false,
  signal: null,
  cmd: 'c:\\Projects\\adm\\App_Update\\.conda\\python.exe -I c:\\Users\\ryanm\\.vscode\\extensions\\ms-python.python-2025.8.0-win32-x64\\python_files\\get_output_via_markers.py c:\\Users\\ryanm\\.vscode\\extensions\\ms-python.python-2025.8.0-win32-x64\\python_files\\interpreterInfo.py'
}
2025-06-20 22:07:18.236 [info] > c:\Projects\adm\App_Update\.conda\python.exe -I ~\.vscode\extensions\ms-python.python-2025.8.0-win32-x64\python_files\get_output_via_markers.py ~\.vscode\extensions\ms-python.python-2025.8.0-win32-x64\python_files\interpreterInfo.py
2025-06-20 22:07:18.257 [error] Error: Command failed: c:\Projects\adm\App_Update\.conda\python.exe -I c:\Users\ryanm\.vscode\extensions\ms-python.python-2025.8.0-win32-x64\python_files\get_output_via_markers.py c:\Users\ryanm\.vscode\extensions\ms-python.python-2025.8.0-win32-x64\python_files\interpreterInfo.py
The system cannot find the path specified.

    at genericNodeError (node:internal/errors:983:15)
    at wrappedFn (node:internal/errors:537:14)
    at ChildProcess.exithandler (node:child_process:415:12)
    at ChildProcess.emit (node:events:530:35)
    at maybeClose (node:internal/child_process:1101:16)
    at Process.ChildProcess._handle.onexit (node:internal/child_process:304:5) {
  code: 1,
  killed: false,
  signal: null,
  cmd: 'c:\\Projects\\adm\\App_Update\\.conda\\python.exe -I c:\\Users\\ryanm\\.vscode\\extensions\\ms-python.python-2025.8.0-win32-x64\\python_files\\get_output_via_markers.py c:\\Users\\ryanm\\.vscode\\extensions\\ms-python.python-2025.8.0-win32-x64\\python_files\\interpreterInfo.py'
}
2025-06-20 22:07:21.440 [info] CREATED_VENV:c:\Projects\adm\App_Update\.venv\Scripts\python.exe
Creating: c:\Projects\adm\App_Update\.venv\.gitignore
2025-06-20 22:07:21.440 [info] CREATE_VENV.UPGRADING_PIP
Running: c:\Projects\adm\App_Update\.venv\Scripts\python.exe -m pip install --upgrade pip
2025-06-20 22:07:21.893 [info] Requirement already satisfied: pip in c:\projects\adm\app_update\.venv\lib\site-packages (21.2.3)
2025-06-20 22:07:22.081 [info] Collecting pip
2025-06-20 22:07:22.159 [info]   Downloading pip-25.1.1-py3-none-any.whl (1.8 MB)
2025-06-20 22:07:23.686 [info] Installing collected packages: pip
  Attempting uninstall: pip
2025-06-20 22:07:23.686 [info]     Found existing installation: pip 21.2.3
2025-06-20 22:07:24.078 [info]     Uninstalling pip-21.2.3:
2025-06-20 22:07:24.099 [info]       Successfully uninstalled pip-21.2.3
2025-06-20 22:07:25.611 [warning] Identifier for virt-virtualenv failed to identify c:\Projects\adm\App_Update\.conda\python.exe [Error: ENOENT: no such file or directory, scandir 'c:\Projects\adm\App_Update\.conda'] {
  errno: -4058,
  code: 'ENOENT',
  syscall: 'scandir',
  path: 'c:\\Projects\\adm\\App_Update\\.conda'
}
2025-06-20 22:07:25.614 [warning] Identifier for virt-virtualenv failed to identify c:\Projects\adm\App_Update\.conda\python.exe [Error: ENOENT: no such file or directory, scandir 'c:\Projects\adm\App_Update\.conda'] {
  errno: -4058,
  code: 'ENOENT',
  syscall: 'scandir',
  path: 'c:\\Projects\\adm\\App_Update\\.conda'
}
2025-06-20 22:07:28.532 [info] Successfully installed pip-25.1.1
2025-06-20 22:07:28.732 [info] CREATE_VENV.UPGRADED_PIP
VENV_INSTALLING_REQUIREMENTS: ['c:\\Projects\\adm\\App_Update\\requirements.txt']
VENV_INSTALLING_REQUIREMENTS: c:\Projects\adm\App_Update\requirements.txt
Running: c:\Projects\adm\App_Update\.venv\Scripts\python.exe -m pip install -r c:\Projects\adm\App_Update\requirements.txt
2025-06-20 22:07:29.563 [info] Collecting https://github.com/explosion/spacy-models/releases/download/en_core_web_sm-3.0.0/en_core_web_sm-3.0.0.tar.gz (from -r c:\Projects\adm\App_Update\requirements.txt (line 3))
2025-06-20 22:07:29.825 [info]   Downloading https://github.com/explosion/spacy-models/releases/download/en_core_web_sm-3.0.0/en_core_web_sm-3.0.0.tar.gz (13.7 MB)
2025-06-20 22:07:30.382 [info]      ---------------------------------------
2025-06-20 22:07:30.382 [info] 13.7/13.7 MB 26.9 MB/s eta 0:00:00
2025-06-20 22:07:30.619 [info]   Installing build dependencies: started
2025-06-20 22:07:32.590 [info]   Installing build dependencies: finished with status 'done'
2025-06-20 22:07:32.591 [info]   Getting requirements to build wheel: started
2025-06-20 22:07:33.990 [info]   Getting requirements to build wheel: finished with status 'done'
2025-06-20 22:07:34.001 [info]   Preparing metadata (pyproject.toml): started
2025-06-20 22:07:34.420 [info]   Preparing metadata (pyproject.toml): finished with status 'done'
2025-06-20 22:07:34.663 [info] Collecting matplotlib (from -r c:\Projects\adm\App_Update\requirements.txt (line 1))
2025-06-20 22:07:34.726 [info]   Downloading matplotlib-3.10.3-cp310-cp310-win_amd64.whl.metadata (11 kB)
2025-06-20 22:07:34.873 [info] Collecting spacy (from -r c:\Projects\adm\App_Update\requirements.txt (line 2))
2025-06-20 22:07:34.907 [info]   Downloading spacy-3.8.7-cp310-cp310-win_amd64.whl.metadata (28 kB)
2025-06-20 22:07:34.974 [info] Collecting openpyxl==3.0.10 (from -r c:\Projects\adm\App_Update\requirements.txt (line 4))
2025-06-20 22:07:34.995 [info]   Downloading openpyxl-3.0.10-py2.py3-none-any.whl.metadata (2.4 kB)
2025-06-20 22:07:35.055 [info] Collecting pytest==6.2.5 (from -r c:\Projects\adm\App_Update\requirements.txt (line 5))
2025-06-20 22:07:35.077 [info]   Downloading pytest-6.2.5-py3-none-any.whl.metadata (7.5 kB)
2025-06-20 22:07:35.338 [info] Collecting numpy (from -r c:\Projects\adm\App_Update\requirements.txt (line 6))
2025-06-20 22:07:35.361 [info]   Downloading numpy-2.2.6-cp310-cp310-win_amd64.whl.metadata (60 kB)
2025-06-20 22:07:35.460 [info] Collecting transformers==4.11.3 (from -r c:\Projects\adm\App_Update\requirements.txt (line 7))
2025-06-20 22:07:35.497 [info]   Downloading transformers-4.11.3-py3-none-any.whl.metadata (53 kB)
2025-06-20 22:07:35.667 [info] Collecting fuzzywuzzy==0.18.0 (from -r c:\Projects\adm\App_Update\requirements.txt (line 8))
2025-06-20 22:07:35.692 [info]   Downloading fuzzywuzzy-0.18.0-py2.py3-none-any.whl.metadata (4.9 kB)
2025-06-20 22:07:36.094 [info] Collecting boto3 (from -r c:\Projects\adm\App_Update\requirements.txt (line 9))
2025-06-20 22:07:36.116 [info]   Downloading boto3-1.38.41-py3-none-any.whl.metadata (6.6 kB)
2025-06-20 22:07:36.144 [info] Collecting spacy (from -r c:\Projects\adm\App_Update\requirements.txt (line 2))
2025-06-20 22:07:36.178 [info]   Downloading spacy-3.0.9-cp310-cp310-win_amd64.whl.metadata (17 kB)
2025-06-20 22:07:36.228 [info] Collecting et-xmlfile (from openpyxl==3.0.10->-r c:\Projects\adm\App_Update\requirements.txt (line 4))
2025-06-20 22:07:36.250 [info]   Downloading et_xmlfile-2.0.0-py3-none-any.whl.metadata (2.7 kB)
2025-06-20 22:07:36.291 [info] Collecting attrs>=19.2.0 (from pytest==6.2.5->-r c:\Projects\adm\App_Update\requirements.txt (line 5))
2025-06-20 22:07:36.313 [info]   Downloading attrs-25.3.0-py3-none-any.whl.metadata (10 kB)
2025-06-20 22:07:36.366 [info] Collecting iniconfig (from pytest==6.2.5->-r c:\Projects\adm\App_Update\requirements.txt (line 5))
2025-06-20 22:07:36.391 [info]   Downloading iniconfig-2.1.0-py3-none-any.whl.metadata (2.7 kB)
2025-06-20 22:07:36.450 [info] Collecting packaging (from pytest==6.2.5->-r c:\Projects\adm\App_Update\requirements.txt (line 5))
2025-06-20 22:07:36.472 [info]   Using cached packaging-25.0-py3-none-any.whl.metadata (3.3 kB)
2025-06-20 22:07:36.499 [info] Collecting pluggy<2.0,>=0.12 (from pytest==6.2.5->-r c:\Projects\adm\App_Update\requirements.txt (line 5))
2025-06-20 22:07:36.530 [info]   Downloading pluggy-1.6.0-py3-none-any.whl.metadata (4.8 kB)
2025-06-20 22:07:36.578 [info] Collecting py>=1.8.2 (from pytest==6.2.5->-r c:\Projects\adm\App_Update\requirements.txt (line 5))
2025-06-20 22:07:36.601 [info]   Downloading py-1.11.0-py2.py3-none-any.whl.metadata (2.8 kB)
2025-06-20 22:07:36.641 [info] Collecting toml (from pytest==6.2.5->-r c:\Projects\adm\App_Update\requirements.txt (line 5))
2025-06-20 22:07:36.670 [info]   Downloading toml-0.10.2-py2.py3-none-any.whl.metadata (7.1 kB)
2025-06-20 22:07:36.734 [info] Collecting atomicwrites>=1.0 (from pytest==6.2.5->-r c:\Projects\adm\App_Update\requirements.txt (line 5))
2025-06-20 22:07:36.759 [info]   Downloading atomicwrites-1.4.1.tar.gz (14 kB)
2025-06-20 22:07:36.788 [info]   Installing build dependencies: started
2025-06-20 22:07:37.988 [info]   Installing build dependencies: finished with status 'done'
2025-06-20 22:07:37.990 [info]   Getting requirements to build wheel: started
2025-06-20 22:07:38.955 [info]   Getting requirements to build wheel: finished with status 'done'
2025-06-20 22:07:38.958 [info]   Preparing metadata (pyproject.toml): started
2025-06-20 22:07:39.321 [info]   Preparing metadata (pyproject.toml): finished with status 'done'
2025-06-20 22:07:39.364 [info] Collecting colorama (from pytest==6.2.5->-r c:\Projects\adm\App_Update\requirements.txt (line 5))
2025-06-20 22:07:39.386 [info]   Downloading colorama-0.4.6-py2.py3-none-any.whl.metadata (17 kB)
2025-06-20 22:07:39.435 [info] Collecting filelock (from transformers==4.11.3->-r c:\Projects\adm\App_Update\requirements.txt (line 7))
2025-06-20 22:07:39.458 [info]   Downloading filelock-3.18.0-py3-none-any.whl.metadata (2.9 kB)
2025-06-20 22:07:39.582 [info] Collecting huggingface-hub>=0.0.17 (from transformers==4.11.3->-r c:\Projects\adm\App_Update\requirements.txt (line 7))
2025-06-20 22:07:39.611 [info]   Downloading huggingface_hub-0.33.0-py3-none-any.whl.metadata (14 kB)
2025-06-20 22:07:39.719 [info] Collecting pyyaml>=5.1 (from transformers==4.11.3->-r c:\Projects\adm\App_Update\requirements.txt (line 7))
2025-06-20 22:07:39.740 [info]   Downloading PyYAML-6.0.2-cp310-cp310-win_amd64.whl.metadata (2.1 kB)
2025-06-20 22:07:40.123 [info] Collecting regex!=2019.12.17 (from transformers==4.11.3->-r c:\Projects\adm\App_Update\requirements.txt (line 7))
2025-06-20 22:07:40.147 [info]   Downloading regex-2024.11.6-cp310-cp310-win_amd64.whl.metadata (41 kB)
2025-06-20 22:07:40.213 [info] Collecting requests (from transformers==4.11.3->-r c:\Projects\adm\App_Update\requirements.txt (line 7))
2025-06-20 22:07:40.236 [info]   Downloading requests-2.32.4-py3-none-any.whl.metadata (4.9 kB)
2025-06-20 22:07:40.319 [info] Collecting sacremoses (from transformers==4.11.3->-r c:\Projects\adm\App_Update\requirements.txt (line 7))
2025-06-20 22:07:40.346 [info]   Downloading sacremoses-0.1.1-py3-none-any.whl.metadata (8.3 kB)
2025-06-20 22:07:40.609 [info] Collecting tokenizers<0.11,>=0.10.1 (from transformers==4.11.3->-r c:\Projects\adm\App_Update\requirements.txt (line 7))
2025-06-20 22:07:40.634 [info]   Downloading tokenizers-0.10.3.tar.gz (212 kB)
2025-06-20 22:07:41.078 [info]   Installing build dependencies: started
2025-06-20 22:07:43.792 [info]   Installing build dependencies: finished with status 'done'
2025-06-20 22:07:43.793 [info]   Getting requirements to build wheel: started
2025-06-20 22:07:45.122 [info]   Getting requirements to build wheel: finished with status 'done'
2025-06-20 22:07:45.125 [info]   Preparing metadata (pyproject.toml): started
2025-06-20 22:07:45.479 [info]   Preparing metadata (pyproject.toml): finished with status 'done'
2025-06-20 22:07:45.540 [info] Collecting tqdm>=4.27 (from transformers==4.11.3->-r c:\Projects\adm\App_Update\requirements.txt (line 7))
2025-06-20 22:07:45.562 [info]   Downloading tqdm-4.67.1-py3-none-any.whl.metadata (57 kB)
2025-06-20 22:07:45.621 [info] Collecting spacy-legacy<3.1.0,>=3.0.5 (from spacy->-r c:\Projects\adm\App_Update\requirements.txt (line 2))
2025-06-20 22:07:45.642 [info]   Downloading spacy_legacy-3.0.12-py2.py3-none-any.whl.metadata (2.8 kB)
2025-06-20 22:07:45.707 [info] Collecting murmurhash<1.1.0,>=0.28.0 (from spacy->-r c:\Projects\adm\App_Update\requirements.txt (line 2))
2025-06-20 22:07:45.731 [info]   Downloading murmurhash-1.0.13-cp310-cp310-win_amd64.whl.metadata (2.2 kB)
2025-06-20 22:07:45.796 [info] Collecting cymem<2.1.0,>=2.0.2 (from spacy->-r c:\Projects\adm\App_Update\requirements.txt (line 2))
2025-06-20 22:07:45.840 [info]   Downloading cymem-2.0.11-cp310-cp310-win_amd64.whl.metadata (8.8 kB)
2025-06-20 22:07:45.899 [info] Collecting preshed<3.1.0,>=3.0.2 (from spacy->-r c:\Projects\adm\App_Update\requirements.txt (line 2))
2025-06-20 22:07:45.922 [info]   Downloading preshed-3.0.10-cp310-cp310-win_amd64.whl.metadata (2.5 kB)
2025-06-20 22:07:46.094 [info] Collecting thinc<8.1.0,>=8.0.3 (from spacy->-r c:\Projects\adm\App_Update\requirements.txt (line 2))
2025-06-20 22:07:46.120 [info]   Downloading thinc-8.0.17-cp310-cp310-win_amd64.whl.metadata (14 kB)
2025-06-20 22:07:46.212 [info] Collecting blis<0.8.0,>=0.4.0 (from spacy->-r c:\Projects\adm\App_Update\requirements.txt (line 2))
2025-06-20 22:07:46.249 [info]   Downloading blis-0.7.11-cp310-cp310-win_amd64.whl.metadata (7.6 kB)
2025-06-20 22:07:46.356 [info] Collecting wasabi<1.1.0,>=0.8.1 (from spacy->-r c:\Projects\adm\App_Update\requirements.txt (line 2))
2025-06-20 22:07:46.379 [info]   Downloading wasabi-0.10.1-py3-none-any.whl.metadata (28 kB)
2025-06-20 22:07:46.463 [info] Collecting srsly<3.0.0,>=2.4.1 (from spacy->-r c:\Projects\adm\App_Update\requirements.txt (line 2))
2025-06-20 22:07:46.491 [info]   Downloading srsly-2.5.1-cp310-cp310-win_amd64.whl.metadata (20 kB)
2025-06-20 22:07:46.547 [info] Collecting catalogue<2.1.0,>=2.0.4 (from spacy->-r c:\Projects\adm\App_Update\requirements.txt (line 2))
2025-06-20 22:07:46.573 [info]   Downloading catalogue-2.0.10-py3-none-any.whl.metadata (14 kB)
2025-06-20 22:07:46.621 [info] Collecting typer<0.4.0,>=0.3.0 (from spacy->-r c:\Projects\adm\App_Update\requirements.txt (line 2))
2025-06-20 22:07:46.643 [info]   Downloading typer-0.3.2-py3-none-any.whl.metadata (12 kB)
2025-06-20 22:07:46.710 [info] Collecting pathy>=0.3.5 (from spacy->-r c:\Projects\adm\App_Update\requirements.txt (line 2))
2025-06-20 22:07:46.744 [info]   Downloading pathy-0.11.0-py3-none-any.whl.metadata (16 kB)
2025-06-20 22:07:46.815 [info] Collecting smart-open<7.0.0,>=5.2.1 (from spacy->-r c:\Projects\adm\App_Update\requirements.txt (line 2))
2025-06-20 22:07:46.848 [info]   Downloading smart_open-6.4.0-py3-none-any.whl.metadata (21 kB)
2025-06-20 22:07:47.051 [info] Collecting pydantic!=1.8,!=1.8.1,<1.9.0,>=1.7.4 (from spacy->-r c:\Projects\adm\App_Update\requirements.txt (line 2))
2025-06-20 22:07:47.073 [info]   Downloading pydantic-1.8.2-py3-none-any.whl.metadata (103 kB)
2025-06-20 22:07:47.135 [info] Collecting jinja2 (from spacy->-r c:\Projects\adm\App_Update\requirements.txt (line 2))
2025-06-20 22:07:47.166 [info]   Downloading jinja2-3.1.6-py3-none-any.whl.metadata (2.9 kB)
2025-06-20 22:07:47.184 [info] Requirement already satisfied: setuptools in c:\projects\adm\app_update\.venv\lib\site-packages (from spacy->-r c:\Projects\adm\App_Update\requirements.txt (line 2)) (57.4.0)
2025-06-20 22:07:47.229 [info] Collecting typing-extensions>=3.7.4.3 (from pydantic!=1.8,!=1.8.1,<1.9.0,>=1.7.4->spacy->-r c:\Projects\adm\App_Update\requirements.txt (line 2))
2025-06-20 22:07:47.441 [info]   Downloading typing_extensions-4.14.0-py3-none-any.whl.metadata (3.0 kB)
2025-06-20 22:07:47.545 [info] Collecting charset_normalizer<4,>=2 (from requests->transformers==4.11.3->-r c:\Projects\adm\App_Update\requirements.txt (line 7))
2025-06-20 22:07:47.569 [info]   Downloading charset_normalizer-3.4.2-cp310-cp310-win_amd64.whl.metadata (36 kB)
2025-06-20 22:07:47.631 [info] Collecting idna<4,>=2.5 (from requests->transformers==4.11.3->-r c:\Projects\adm\App_Update\requirements.txt (line 7))
2025-06-20 22:07:47.653 [info]   Downloading idna-3.10-py3-none-any.whl.metadata (10 kB)
2025-06-20 22:07:47.720 [info] Collecting urllib3<3,>=1.21.1 (from requests->transformers==4.11.3->-r c:\Projects\adm\App_Update\requirements.txt (line 7))
2025-06-20 22:07:47.749 [info]   Downloading urllib3-2.5.0-py3-none-any.whl.metadata (6.5 kB)
2025-06-20 22:07:47.803 [info] Collecting certifi>=2017.4.17 (from requests->transformers==4.11.3->-r c:\Projects\adm\App_Update\requirements.txt (line 7))
2025-06-20 22:07:47.831 [info]   Downloading certifi-2025.6.15-py3-none-any.whl.metadata (2.4 kB)
2025-06-20 22:07:47.937 [info] Collecting click<7.2.0,>=7.1.1 (from typer<0.4.0,>=0.3.0->spacy->-r c:\Projects\adm\App_Update\requirements.txt (line 2))
2025-06-20 22:07:47.965 [info]   Downloading click-7.1.2-py2.py3-none-any.whl.metadata (2.9 kB)
2025-06-20 22:07:48.095 [info] Collecting contourpy>=1.0.1 (from matplotlib->-r c:\Projects\adm\App_Update\requirements.txt (line 1))
2025-06-20 22:07:48.123 [info]   Downloading contourpy-1.3.2-cp310-cp310-win_amd64.whl.metadata (5.5 kB)
2025-06-20 22:07:48.167 [info] Collecting cycler>=0.10 (from matplotlib->-r c:\Projects\adm\App_Update\requirements.txt (line 1))
2025-06-20 22:07:48.195 [info]   Downloading cycler-0.12.1-py3-none-any.whl.metadata (3.8 kB)
2025-06-20 22:07:48.454 [info] Collecting fonttools>=4.22.0 (from matplotlib->-r c:\Projects\adm\App_Update\requirements.txt (line 1))
2025-06-20 22:07:48.482 [info]   Downloading fonttools-4.58.4-cp310-cp310-win_amd64.whl.metadata (108 kB)
2025-06-20 22:07:48.635 [info] Collecting kiwisolver>=1.3.1 (from matplotlib->-r c:\Projects\adm\App_Update\requirements.txt (line 1))
2025-06-20 22:07:48.658 [info]   Downloading kiwisolver-1.4.8-cp310-cp310-win_amd64.whl.metadata (6.3 kB)
2025-06-20 22:07:48.891 [info] Collecting pillow>=8 (from matplotlib->-r c:\Projects\adm\App_Update\requirements.txt (line 1))
2025-06-20 22:07:48.914 [info]   Downloading pillow-11.2.1-cp310-cp310-win_amd64.whl.metadata (9.1 kB)
2025-06-20 22:07:48.991 [info] Collecting pyparsing>=2.3.1 (from matplotlib->-r c:\Projects\adm\App_Update\requirements.txt (line 1))
2025-06-20 22:07:49.015 [info]   Downloading pyparsing-3.2.3-py3-none-any.whl.metadata (5.0 kB)
2025-06-20 22:07:49.092 [info] Collecting python-dateutil>=2.7 (from matplotlib->-r c:\Projects\adm\App_Update\requirements.txt (line 1))
2025-06-20 22:07:49.135 [info]   Downloading python_dateutil-2.9.0.post0-py2.py3-none-any.whl.metadata (8.4 kB)
2025-06-20 22:07:49.609 [info] Collecting botocore<1.39.0,>=1.38.41 (from boto3->-r c:\Projects\adm\App_Update\requirements.txt (line 9))
2025-06-20 22:07:49.634 [info]   Downloading botocore-1.38.41-py3-none-any.whl.metadata (5.7 kB)
2025-06-20 22:07:49.677 [info] Collecting jmespath<2.0.0,>=0.7.1 (from boto3->-r c:\Projects\adm\App_Update\requirements.txt (line 9))
2025-06-20 22:07:49.700 [info]   Downloading jmespath-1.0.1-py3-none-any.whl.metadata (7.6 kB)
2025-06-20 22:07:49.786 [info] Collecting s3transfer<0.14.0,>=0.13.0 (from boto3->-r c:\Projects\adm\App_Update\requirements.txt (line 9))
2025-06-20 22:07:49.809 [info]   Downloading s3transfer-0.13.0-py3-none-any.whl.metadata (1.7 kB)
2025-06-20 22:07:49.873 [info] Collecting six>=1.5 (from python-dateutil>=2.7->matplotlib->-r c:\Projects\adm\App_Update\requirements.txt (line 1))
2025-06-20 22:07:49.895 [info]   Downloading six-1.17.0-py2.py3-none-any.whl.metadata (1.7 kB)
2025-06-20 22:07:50.139 [info] Collecting fsspec>=2023.5.0 (from huggingface-hub>=0.0.17->transformers==4.11.3->-r c:\Projects\adm\App_Update\requirements.txt (line 7))
2025-06-20 22:07:50.161 [info]   Downloading fsspec-2025.5.1-py3-none-any.whl.metadata (11 kB)
2025-06-20 22:07:50.304 [info] Collecting pathlib-abc==0.1.1 (from pathy>=0.3.5->spacy->-r c:\Projects\adm\App_Update\requirements.txt (line 2))
2025-06-20 22:07:50.329 [info]   Downloading pathlib_abc-0.1.1-py3-none-any.whl.metadata (18 kB)
2025-06-20 22:07:50.464 [info] Collecting MarkupSafe>=2.0 (from jinja2->spacy->-r c:\Projects\adm\App_Update\requirements.txt (line 2))
2025-06-20 22:07:50.486 [info]   Downloading MarkupSafe-3.0.2-cp310-cp310-win_amd64.whl.metadata (4.1 kB)
2025-06-20 22:07:50.559 [info] Collecting joblib (from sacremoses->transformers==4.11.3->-r c:\Projects\adm\App_Update\requirements.txt (line 7))
2025-06-20 22:07:50.580 [info]   Downloading joblib-1.5.1-py3-none-any.whl.metadata (5.6 kB)
2025-06-20 22:07:50.694 [info] Downloading openpyxl-3.0.10-py2.py3-none-any.whl (242 kB)
2025-06-20 22:07:50.789 [info] Downloading pytest-6.2.5-py3-none-any.whl (280 kB)
2025-06-20 22:07:50.857 [info] Downloading transformers-4.11.3-py3-none-any.whl (2.9 MB)
2025-06-20 22:07:50.981 [info] 
2025-06-20 22:07:50.982 [info] ---------------------------------------- 2.9/2.9 MB 23.8 MB/s eta 0:00:00
2025-06-20 22:07:51.003 [info] Downloading fuzzywuzzy-0.18.0-py2.py3-none-any.whl (18 kB)
2025-06-20 22:07:51.244 [info] Downloading spacy-3.0.9-cp310-cp310-win_amd64.whl (11.1 MB)
2025-06-20 22:07:51.743 [info]    ---------------------------------------- 11.1/11.1 MB 22.4 MB/s eta 0:00:00
2025-06-20 22:07:51.744 [info] 
2025-06-20 22:07:51.824 [info] Downloading blis-0.7.11-cp310-cp310-win_amd64.whl (6.6 MB)
2025-06-20 22:07:52.238 [info]    ---------------------------------------- 6.6/6.6 MB 15.7 MB/s eta
2025-06-20 22:07:52.238 [info] 0:00:00
2025-06-20 22:07:52.260 [info] Downloading catalogue-2.0.10-py3-none-any.whl (17 kB)
2025-06-20 22:07:52.293 [info] Downloading cymem-2.0.11-cp310-cp310-win_amd64.whl (39 kB)
2025-06-20 22:07:52.321 [info] Downloading murmurhash-1.0.13-cp310-cp310-win_amd64.whl (24 kB)
2025-06-20 22:07:52.348 [info] Downloading pluggy-1.6.0-py3-none-any.whl (20 kB)
2025-06-20 22:07:52.374 [info] Downloading preshed-3.0.10-cp310-cp310-win_amd64.whl (117 kB)
2025-06-20 22:07:52.406 [info] Downloading pydantic-1.8.2-py3-none-any.whl (126 kB)
2025-06-20 22:07:52.437 [info] Downloading requests-2.32.4-py3-none-any.whl (64 kB)
2025-06-20 22:07:52.464 [info] Downloading charset_normalizer-3.4.2-cp310-cp310-win_amd64.whl (105 kB)
2025-06-20 22:07:52.492 [info] Downloading idna-3.10-py3-none-any.whl (70 kB)
2025-06-20 22:07:52.520 [info] Downloading smart_open-6.4.0-py3-none-any.whl (57 kB)
2025-06-20 22:07:52.551 [info] Downloading spacy_legacy-3.0.12-py2.py3-none-any.whl (29 kB)
2025-06-20 22:07:52.585 [info] Downloading srsly-2.5.1-cp310-cp310-win_amd64.whl (632 kB)
2025-06-20 22:07:52.617 [info]    --------------------------------------- 632.3/632.3 kB 24.7 MB/s
2025-06-20 22:07:52.617 [info]  eta 0:00:00
2025-06-20 22:07:52.672 [info] Downloading thinc-8.0.17-cp310-cp310-win_amd64.whl (1.0 MB)
2025-06-20 22:07:52.770 [info]    ---------------------------------------- 1.0/1.0 MB 9.8 MB/s
2025-06-20 22:07:52.770 [info]  eta 0:00:00
2025-06-20 22:07:53.055 [info] Downloading tqdm-4.67.1-py3-none-any.whl (78 kB)
2025-06-20 22:07:53.093 [info] Downloading typer-0.3.2-py3-none-any.whl (21 kB)
2025-06-20 22:07:53.126 [info] Downloading click-7.1.2-py2.py3-none-any.whl (82 kB)
2025-06-20 22:07:53.154 [info] Downloading urllib3-2.5.0-py3-none-any.whl (129 kB)
2025-06-20 22:07:53.198 [info] Downloading wasabi-0.10.1-py3-none-any.whl (26 kB)
2025-06-20 22:07:53.227 [info] Downloading matplotlib-3.10.3-cp310-cp310-win_amd64.whl (8.1 MB)
2025-06-20 22:07:53.549 [info]    ---------------------------------------- 8.1/8.1 MB 26.2 MB/s
2025-06-20 22:07:53.549 [info]  eta 0:00:00
2025-06-20 22:07:53.571 [info] Downloading numpy-2.2.6-cp310-cp310-win_amd64.whl (12.9 MB)
2025-06-20 22:07:54.055 [info]    ---------------------------------------- 12.9/12.9 MB 27.0 MB/s eta 0:00:00
2025-06-20 22:07:54.055 [info] 
2025-06-20 22:07:54.086 [info] Downloading boto3-1.38.41-py3-none-any.whl (139 kB)
2025-06-20 22:07:54.142 [info] Downloading botocore-1.38.41-py3-none-any.whl (13.7 MB)
2025-06-20 22:07:54.617 [info]    ---------------------------------------- 13.7/13.7 MB 28.7 MB/s eta
2025-06-20 22:07:54.618 [info] 0:00:00
2025-06-20 22:07:54.640 [info] Downloading jmespath-1.0.1-py3-none-any.whl (20 kB)
2025-06-20 22:07:54.670 [info] Downloading python_dateutil-2.9.0.post0-py2.py3-none-any.whl (229 kB)
2025-06-20 22:07:54.704 [info] Downloading s3transfer-0.13.0-py3-none-any.whl (85 kB)
2025-06-20 22:07:54.741 [info] Downloading attrs-25.3.0-py3-none-any.whl (63 kB)
2025-06-20 22:07:54.769 [info] Downloading certifi-2025.6.15-py3-none-any.whl (157 kB)
2025-06-20 22:07:54.807 [info] Downloading contourpy-1.3.2-cp310-cp310-win_amd64.whl (221 kB)
2025-06-20 22:07:54.844 [info] Downloading cycler-0.12.1-py3-none-any.whl (8.3 kB)
2025-06-20 22:07:54.874 [info] Downloading fonttools-4.58.4-cp310-cp310-win_amd64.whl (2.2 MB)
2025-06-20 22:07:54.975 [info]    ---------------------------------------- 2.2/2.2 MB 25.4 MB/s eta
2025-06-20 22:07:54.976 [info] 0:00:00
2025-06-20 22:07:54.998 [info] Downloading huggingface_hub-0.33.0-py3-none-any.whl (514 kB)
2025-06-20 22:07:55.049 [info] Downloading fsspec-2025.5.1-py3-none-any.whl (199 kB)
2025-06-20 22:07:55.088 [info] Downloading kiwisolver-1.4.8-cp310-cp310-win_amd64.whl (71 kB)
2025-06-20 22:07:55.114 [info] Using cached packaging-25.0-py3-none-any.whl (66 kB)
2025-06-20 22:07:55.142 [info] Downloading pathy-0.11.0-py3-none-any.whl (47 kB)
2025-06-20 22:07:55.184 [info] Downloading pathlib_abc-0.1.1-py3-none-any.whl (23 kB)
2025-06-20 22:07:55.236 [info] Downloading pillow-11.2.1-cp310-cp310-win_amd64.whl (2.7 MB)
2025-06-20 22:07:55.357 [info]    ---------------------------------------- 2.7/2.7 MB 21.9 MB/s
2025-06-20 22:07:55.357 [info] eta 0:00:00
2025-06-20 22:07:55.379 [info] Downloading py-1.11.0-py2.py3-none-any.whl (98 kB)
2025-06-20 22:07:55.420 [info] Downloading pyparsing-3.2.3-py3-none-any.whl (111 kB)
2025-06-20 22:07:55.458 [info] Downloading PyYAML-6.0.2-cp310-cp310-win_amd64.whl (161 kB)
2025-06-20 22:07:55.507 [info] Downloading regex-2024.11.6-cp310-cp310-win_amd64.whl (274 kB)
2025-06-20 22:07:55.552 [info] Downloading six-1.17.0-py2.py3-none-any.whl (11 kB)
2025-06-20 22:07:55.579 [info] Downloading typing_extensions-4.14.0-py3-none-any.whl (43 kB)
2025-06-20 22:07:55.608 [info] Downloading colorama-0.4.6-py2.py3-none-any.whl (25 kB)
2025-06-20 22:07:55.638 [info] Downloading et_xmlfile-2.0.0-py3-none-any.whl (18 kB)
2025-06-20 22:07:55.721 [info] Downloading filelock-3.18.0-py3-none-any.whl (16 kB)
2025-06-20 22:07:55.754 [info] Downloading iniconfig-2.1.0-py3-none-any.whl (6.0 kB)
2025-06-20 22:07:55.790 [info] Downloading jinja2-3.1.6-py3-none-any.whl (134 kB)
2025-06-20 22:07:55.829 [info] Downloading MarkupSafe-3.0.2-cp310-cp310-win_amd64.whl (15 kB)
2025-06-20 22:07:55.861 [info] Downloading sacremoses-0.1.1-py3-none-any.whl (897 kB)
2025-06-20 22:07:55.895 [info] 
2025-06-20 22:07:55.896 [info]  --------------------------------------- 897.5/897.5 kB 39.7 MB/s eta 0:00:00
2025-06-20 22:07:55.919 [info] Downloading joblib-1.5.1-py3-none-any.whl (307 kB)
2025-06-20 22:07:55.964 [info] Downloading toml-0.10.2-py2.py3-none-any.whl (16 kB)
2025-06-20 22:07:56.745 [info] Building wheels for collected packages: en_core_web_sm, tokenizers, atomicwrites
2025-06-20 22:07:56.747 [info]   Building wheel for en_core_web_sm (pyproject.toml): started
2025-06-20 22:08:01.384 [info]   Building wheel for en_core_web_sm (pyproject.toml): finished with status 'done'
2025-06-20 22:08:01.416 [info]   Created wheel for en_core_web_sm: filename=en_core_web_sm-3.0.0-py3-none-any.whl size=13704376 sha256=48e5d9ce6c7ddb49b33d41fd7c849be2b6c950bf12d96b9e20b424935f291ea6
2025-06-20 22:08:01.416 [info]   Stored in directory: c:\users\ryanm\appdata\local\pip\cache\wheels\02\71\33\ba353e928efc99d80cd9a851dfcfb11fab8a04839fc4e63088
2025-06-20 22:08:01.421 [info]   Building wheel for tokenizers (pyproject.toml): started
2025-06-20 22:08:01.996 [info]   Building wheel for tokenizers (pyproject.toml): finished with status 'error'
2025-06-20 22:08:02.002 [info]   error: subprocess-exited-with-error
2025-06-20 22:08:02.002 [info] 
  
  × Building wheel for tokenizers (pyproject.toml) did not run successfully.
  │ exit code: 1
  ╰─> [62 lines of output]
      C:\Users\ryanm\AppData\Local\Temp\pip-build-env-_r3os4s7\overlay\Lib\site-packages\setuptools\dist.py:759: SetuptoolsDeprecationWarning: License classifiers are deprecated.
      !!
      
              ********************************************************************************
              Please consider removing the following classifiers in favor of a SPDX license expression:
      
              License :: OSI Approved :: Apache Software License
      
              See https://packaging.python.org/en/latest/guides/writing-pyproject-toml/#license for details.
              ********************************************************************************
      
      !!
        self._finalize_license_expression()
      running bdist_wheel
2025-06-20 22:08:02.002 [info]  running build
      running build_py
      creating build\lib.win-amd64-cpython-310\tokenizers
      copying py_src\tokenizers\__init__.py -> build\lib.win-amd64-cpython-310\tokenizers
      creating build\lib.win-amd64-cpython-310\tokenizers\models
      copying py_src\tokenizers\models\__init__.py -> build\lib.win-amd64-cpython-310\tokenizers\models
      creating build\lib.win-amd64-cpython-310\tokenizers\decoders
      copying py_src\tokenizers\decoders\__init__.py -> build\lib.win-amd64-cpython-310\tokenizers\decoders
      creating build\lib.win-amd64-cpython-310\tokenizers\normalizers
      copying py_src\tokenizers\normalizers\__init__.py -> build\lib.win-amd64-cpython-310\tokenizers\normalizers
      creating build\lib.win-amd64-cpython-310\tokenizers\pre_tokenizers
      copying py_src\tokenizers\pre_tokenizers\__init__.py -> build\lib.win-amd64-cpython-310\tokenizers\pre_tokenizers
      creating build\lib.win-amd64-cpython-310\tokenizers\processors
      copying py_src\tokenizers\processors\__init__.py -> build\lib.win-amd64-cpython-310\tokenizers\processors
      creating build\lib.win-amd64-cpython-310\tokenizers\trainers
      copying py_src\tokenizers\trainers\__init__.py -> build\lib.win-amd64-cpython-310\tokenizers\trainers
      creating build\lib.win-amd64-cpython-310\tokenizers\implementations
      copying py_src\tokenizers\implementations\base_tokenizer.py -> build\lib.win-amd64-cpython-310\tokenizers\implementations
      copying py_src\tokenizers\implementations\bert_wordpiece.py -> build\lib.win-amd64-cpython-310\tokenizers\implementations
      copying py_src\tokenizers\implementations\byte_level_bpe.py -> build\lib.win-amd64-cpython-310\tokenizers\implementations
      copying py_src\tokenizers\implementations\char_level_bpe.py -> build\lib.win-amd64-cpython-310\tokenizers\implementations
2025-06-20 22:08:02.003 [info]       copying py_src\tokenizers\implementations\sentencepiece_bpe.py -> build\lib.win-amd64-cpython-310\tokenizers\implementations
      copying py_src\tokenizers\implementations\sentencepiece_unigram.py -> build\lib.win-amd64-cpython-310\tokenizers\implementations
      copying py_src\tokenizers\implementations\__init__.py -> build\lib.win-amd64-cpython-310\tokenizers\implementations
      creating build\lib.win-amd64-cpython-310\tokenizers\tools
      copying py_src\tokenizers\tools\visualizer.py -> build\lib.win-amd64-cpython-310\tokenizers\tools
      copying py_src\tokenizers\tools\__init__.py -> build\lib.win-amd64-cpython-310\tokenizers\tools
      copying py_src\tokenizers\__init__.pyi -> build\lib.win-amd64-cpython-310\tokenizers
      copying py_src\tokenizers\models\__init__.pyi -> build\lib.win-amd64-cpython-310\tokenizers\models
      copying py_src\tokenizers\decoders\__init__.pyi -> build\lib.win-amd64-cpython-310\tokenizers\decoders
      copying py_src\tokenizers\normalizers\__init__.pyi -> build\lib.win-amd64-cpython-310\tokenizers\normalizers
      copying py_src\tokenizers\pre_tokenizers\__init__.pyi -> build\lib.win-amd64-cpython-310\tokenizers\pre_tokenizers
      copying py_src\tokenizers\processors\__init__.pyi -> build\lib.win-amd64-cpython-310\tokenizers\processors
      copying py_src\tokenizers\trainers\__init__.pyi -> build\lib.win-amd64-cpython-310\tokenizers\trainers
      copying py_src\tokenizers\tools\visualizer-styles.css -> build\lib.win-amd64-cpython-310\tokenizers\tools
2025-06-20 22:08:02.003 [info]  running build_ext
      running build_rust
      error: can't find Rust compiler
      
      If you are using an outdated pip version, it is possible a prebuilt wheel is available for this package but pip is not able to install from it. Installing from the wheel would avoid the need for a Rust compiler.
      
      To update pip, run:
      
          pip install --upgrade pip
      
      and then retry package installation.
      
      If you did intend to build this package from source, try installing a Rust compiler from your system package manager and ensure it is on the PATH during installation. Alternatively, rustup (available at https://rustup.rs) is the recommended way to download and update the Rust compiler toolchain.
      [end of output]
  
  note: This error originates from a subprocess, and is likely not a problem with pip.
2025-06-20 22:08:02.004 [info]   ERROR: Failed building wheel for tokenizers
2025-06-20 22:08:02.007 [info]   Building wheel for atomicwrites (pyproject.toml): started
2025-06-20 22:08:02.424 [info]   Building wheel for atomicwrites (pyproject.toml): finished with status 'done'
2025-06-20 22:08:02.445 [info]   Created wheel for atomicwrites: filename=atomicwrites-1.4.1-py2.py3-none-any.whl size=7055 sha256=dab15a634f0598323c1b24bfba18c7332175456012420fb0763be48bedacfbd0
2025-06-20 22:08:02.445 [info]   Stored in directory: c:\users\ryanm\appdata\local\pip\cache\wheels\34\07\0b\33b15f68736109f72ea0bb2499521d87312b932620737447a2
2025-06-20 22:08:02.448 [info] Successfully built en_core_web_sm atomicwrites
2025-06-20 22:08:02.448 [info] Failed to build tokenizers
2025-06-20 22:08:02.457 [info] ERROR: Failed to build installable wheels for some pyproject.toml based projects (tokenizers)
2025-06-20 22:08:03.679 [info] Traceback (most recent call last):
  File "c:\Users\ryanm\.vscode\extensions\ms-python.python-2025.8.0-win32-x64\python_files\create_venv.py", line 96, in run_process
2025-06-20 22:08:03.679 [info]     subprocess.run(args, cwd=os.getcwd(), check=True)  # noqa: PTH109
  File "c:\Users\ryanm\AppData\Local\Programs\Python\Python310\lib\subprocess.py", line 524, in run
2025-06-20 22:08:03.680 [info]     raise CalledProcessError(retcode, process.args,
subprocess.CalledProcessError: Command '['c:\\Projects\\adm\\App_Update\\.venv\\Scripts\\python.exe', '-m', 'pip', 'install', '-r', 'c:\\Projects\\adm\\App_Update\\requirements.txt']' returned non-zero exit status 1.

The above exception was the direct cause of the following exception:

Traceback (most recent call last):
  File "c:\Users\ryanm\.vscode\extensions\ms-python.python-2025.8.0-win32-x64\python_files\create_venv.py", line 271, in <module>
    main(sys.argv[1:])
  File "c:\Users\ryanm\.vscode\extensions\ms-python.python-2025.8.0-win32-x64\python_files\create_venv.py", line 263, in main
    install_requirements(venv_path, requirements)
  File "c:\Users\ryanm\.vscode\extensions\ms-python.python-2025.8.0-win32-x64\python_files\create_venv.py", line 125, in install_requirements
2025-06-20 22:08:03.680 [info]     run_process(
  File "c:\Users\ryanm\.vscode\extensions\ms-python.python-2025.8.0-win32-x64\python_files\create_venv.py", line 98, in run_process
    raise VenvError(error_message) from exc
__main__.VenvError: CREATE_VENV.PIP_FAILED_INSTALL_REQUIREMENTS
2025-06-20 22:08:03.691 [error] Error while running venv creation script:  CREATE_VENV.PIP_FAILED_INSTALL_REQUIREMENTS
2025-06-20 22:08:03.691 [error] CREATE_VENV.PIP_FAILED_INSTALL_REQUIREMENTS
